[3.083s] Invoking command in '/home/yamashita/natu2024/src/autoRobo': PYTHONPATH=/home/yamashita/natu2024/build/autoRobo/prefix_override:/usr/lib/python3/dist-packages/colcon_core/task/python/colcon_distutils_commands:/home/yamashita/natu2024/install/autoRobo/lib/python3.10/site-packages:${PYTHONPATH} /usr/bin/python3 -W ignore:setup.py install is deprecated setup.py egg_info --egg-base ../../build/autoRobo build --build-base /home/yamashita/natu2024/build/autoRobo/build install --record /home/yamashita/natu2024/build/autoRobo/install.log --single-version-externally-managed install_data
[4.269s] running egg_info
[4.271s] writing ../../build/autoRobo/autoRobo.egg-info/PKG-INFO
[4.272s] writing dependency_links to ../../build/autoRobo/autoRobo.egg-info/dependency_links.txt
[4.273s] writing entry points to ../../build/autoRobo/autoRobo.egg-info/entry_points.txt
[4.274s] writing requirements to ../../build/autoRobo/autoRobo.egg-info/requires.txt
[4.274s] writing top-level names to ../../build/autoRobo/autoRobo.egg-info/top_level.txt
[4.283s] reading manifest file '../../build/autoRobo/autoRobo.egg-info/SOURCES.txt'
[4.287s] writing manifest file '../../build/autoRobo/autoRobo.egg-info/SOURCES.txt'
[4.288s] running build
[4.288s] running build_py
[4.289s] copying autoRobo/localization.py -> /home/yamashita/natu2024/build/autoRobo/build/lib/autoRobo
[4.291s] running install
[4.292s] running install_lib
[4.295s] copying /home/yamashita/natu2024/build/autoRobo/build/lib/autoRobo/localization.py -> /home/yamashita/natu2024/install/autoRobo/lib/python3.10/site-packages/autoRobo
[4.299s] byte-compiling /home/yamashita/natu2024/install/autoRobo/lib/python3.10/site-packages/autoRobo/localization.py to localization.cpython-310.pyc
[4.304s] running install_data
[4.305s] running install_egg_info
[4.312s] removing '/home/yamashita/natu2024/install/autoRobo/lib/python3.10/site-packages/autoRobo-0.0.0-py3.10.egg-info' (and everything under it)
[4.313s] Copying ../../build/autoRobo/autoRobo.egg-info to /home/yamashita/natu2024/install/autoRobo/lib/python3.10/site-packages/autoRobo-0.0.0-py3.10.egg-info
[4.319s] running install_scripts
[4.394s] Installing ImgProcess script to /home/yamashita/natu2024/install/autoRobo/lib/autoRobo
[4.395s] Installing Localization script to /home/yamashita/natu2024/install/autoRobo/lib/autoRobo
[4.396s] Installing serial script to /home/yamashita/natu2024/install/autoRobo/lib/autoRobo
[4.398s] writing list of installed files to '/home/yamashita/natu2024/build/autoRobo/install.log'
[4.526s] Invoked command in '/home/yamashita/natu2024/src/autoRobo' returned '0': PYTHONPATH=/home/yamashita/natu2024/build/autoRobo/prefix_override:/usr/lib/python3/dist-packages/colcon_core/task/python/colcon_distutils_commands:/home/yamashita/natu2024/install/autoRobo/lib/python3.10/site-packages:${PYTHONPATH} /usr/bin/python3 -W ignore:setup.py install is deprecated setup.py egg_info --egg-base ../../build/autoRobo build --build-base /home/yamashita/natu2024/build/autoRobo/build install --record /home/yamashita/natu2024/build/autoRobo/install.log --single-version-externally-managed install_data
