[2.394s] DEBUG:colcon:Command line arguments: ['/usr/bin/colcon', 'build']
[2.395s] DEBUG:colcon:Parsed command line arguments: Namespace(log_base=None, log_level=None, verb_name='build', build_base='build', install_base='install', merge_install=False, symlink_install=False, test_result_base=None, continue_on_error=False, executor='parallel', parallel_workers=4, event_handlers=None, ignore_user_meta=False, metas=['./colcon.meta'], base_paths=['.'], packages_ignore=None, packages_ignore_regex=None, paths=None, packages_up_to=None, packages_up_to_regex=None, packages_above=None, packages_above_and_dependencies=None, packages_above_depth=None, packages_select_by_dep=None, packages_skip_by_dep=None, packages_skip_up_to=None, packages_select_build_failed=False, packages_skip_build_finished=False, packages_select_test_failures=False, packages_skip_test_passed=False, packages_select=None, packages_skip=None, packages_select_regex=None, packages_skip_regex=None, packages_start=None, packages_end=None, allow_overriding=[], cmake_args=None, cmake_target=None, cmake_target_skip_unavailable=False, cmake_clean_cache=False, cmake_clean_first=False, cmake_force_configure=False, ament_cmake_args=None, catkin_cmake_args=None, catkin_skip_building_tests=False, verb_parser=<colcon_defaults.argument_parser.defaults.DefaultArgumentsDecorator object at 0xffff982683a0>, verb_extension=<colcon_core.verb.build.BuildVerb object at 0xffff983a8fd0>, main=<bound method BuildVerb.main of <colcon_core.verb.build.BuildVerb object at 0xffff983a8fd0>>)
[3.402s] Level 1:colcon.colcon_core.package_discovery:discover_packages(colcon_meta) check parameters
[3.403s] Level 1:colcon.colcon_core.package_discovery:discover_packages(recursive) check parameters
[3.403s] Level 1:colcon.colcon_core.package_discovery:discover_packages(ignore) check parameters
[3.403s] Level 1:colcon.colcon_core.package_discovery:discover_packages(path) check parameters
[3.403s] Level 1:colcon.colcon_core.package_discovery:discover_packages(colcon_meta) discover
[3.404s] Level 1:colcon.colcon_core.package_discovery:discover_packages(recursive) discover
[3.404s] INFO:colcon.colcon_core.package_discovery:Crawling recursively for packages in '/home/yamashita/natu2024'
[3.404s] Level 1:colcon.colcon_core.package_identification:_identify(.) by extensions ['ignore', 'ignore_ament_install']
[3.405s] Level 1:colcon.colcon_core.package_identification:_identify(.) by extension 'ignore'
[3.405s] Level 1:colcon.colcon_core.package_identification:_identify(.) by extension 'ignore_ament_install'
[3.405s] Level 1:colcon.colcon_core.package_identification:_identify(.) by extensions ['colcon_pkg']
[3.405s] Level 1:colcon.colcon_core.package_identification:_identify(.) by extension 'colcon_pkg'
[3.405s] Level 1:colcon.colcon_core.package_identification:_identify(.) by extensions ['colcon_meta']
[3.406s] Level 1:colcon.colcon_core.package_identification:_identify(.) by extension 'colcon_meta'
[3.406s] Level 1:colcon.colcon_core.package_identification:_identify(.) by extensions ['ros']
[3.406s] Level 1:colcon.colcon_core.package_identification:_identify(.) by extension 'ros'
[3.452s] Level 1:colcon.colcon_core.package_identification:_identify(.) by extensions ['cmake', 'python']
[3.452s] Level 1:colcon.colcon_core.package_identification:_identify(.) by extension 'cmake'
[3.452s] Level 1:colcon.colcon_core.package_identification:_identify(.) by extension 'python'
[3.452s] Level 1:colcon.colcon_core.package_identification:_identify(.) by extensions ['python_setup_py']
[3.453s] Level 1:colcon.colcon_core.package_identification:_identify(.) by extension 'python_setup_py'
[3.453s] Level 1:colcon.colcon_core.package_identification:_identify(build) by extensions ['ignore', 'ignore_ament_install']
[3.454s] Level 1:colcon.colcon_core.package_identification:_identify(build) by extension 'ignore'
[3.454s] Level 1:colcon.colcon_core.package_identification:_identify(build) ignored
[3.455s] Level 1:colcon.colcon_core.package_identification:_identify(install) by extensions ['ignore', 'ignore_ament_install']
[3.455s] Level 1:colcon.colcon_core.package_identification:_identify(install) by extension 'ignore'
[3.455s] Level 1:colcon.colcon_core.package_identification:_identify(install) ignored
[3.462s] Level 1:colcon.colcon_core.package_identification:_identify(log) by extensions ['ignore', 'ignore_ament_install']
[3.462s] Level 1:colcon.colcon_core.package_identification:_identify(log) by extension 'ignore'
[3.462s] Level 1:colcon.colcon_core.package_identification:_identify(log) ignored
[3.463s] Level 1:colcon.colcon_core.package_identification:_identify(src) by extensions ['ignore', 'ignore_ament_install']
[3.463s] Level 1:colcon.colcon_core.package_identification:_identify(src) by extension 'ignore'
[3.464s] Level 1:colcon.colcon_core.package_identification:_identify(src) by extension 'ignore_ament_install'
[3.464s] Level 1:colcon.colcon_core.package_identification:_identify(src) by extensions ['colcon_pkg']
[3.464s] Level 1:colcon.colcon_core.package_identification:_identify(src) by extension 'colcon_pkg'
[3.464s] Level 1:colcon.colcon_core.package_identification:_identify(src) by extensions ['colcon_meta']
[3.464s] Level 1:colcon.colcon_core.package_identification:_identify(src) by extension 'colcon_meta'
[3.464s] Level 1:colcon.colcon_core.package_identification:_identify(src) by extensions ['ros']
[3.465s] Level 1:colcon.colcon_core.package_identification:_identify(src) by extension 'ros'
[3.465s] Level 1:colcon.colcon_core.package_identification:_identify(src) by extensions ['cmake', 'python']
[3.465s] Level 1:colcon.colcon_core.package_identification:_identify(src) by extension 'cmake'
[3.465s] Level 1:colcon.colcon_core.package_identification:_identify(src) by extension 'python'
[3.465s] Level 1:colcon.colcon_core.package_identification:_identify(src) by extensions ['python_setup_py']
[3.465s] Level 1:colcon.colcon_core.package_identification:_identify(src) by extension 'python_setup_py'
[3.466s] Level 1:colcon.colcon_core.package_identification:_identify(src/autoRobo) by extensions ['ignore', 'ignore_ament_install']
[3.466s] Level 1:colcon.colcon_core.package_identification:_identify(src/autoRobo) by extension 'ignore'
[3.467s] Level 1:colcon.colcon_core.package_identification:_identify(src/autoRobo) by extension 'ignore_ament_install'
[3.467s] Level 1:colcon.colcon_core.package_identification:_identify(src/autoRobo) by extensions ['colcon_pkg']
[3.467s] Level 1:colcon.colcon_core.package_identification:_identify(src/autoRobo) by extension 'colcon_pkg'
[3.467s] Level 1:colcon.colcon_core.package_identification:_identify(src/autoRobo) by extensions ['colcon_meta']
[3.467s] Level 1:colcon.colcon_core.package_identification:_identify(src/autoRobo) by extension 'colcon_meta'
[3.467s] Level 1:colcon.colcon_core.package_identification:_identify(src/autoRobo) by extensions ['ros']
[3.468s] Level 1:colcon.colcon_core.package_identification:_identify(src/autoRobo) by extension 'ros'
[3.477s] DEBUG:colcon.colcon_core.package_identification:Package 'src/autoRobo' with type 'ros.ament_python' and name 'autoRobo'
[3.477s] Level 1:colcon.colcon_core.package_discovery:discover_packages(recursive) using defaults
[3.478s] Level 1:colcon.colcon_core.package_discovery:discover_packages(ignore) discover
[3.478s] Level 1:colcon.colcon_core.package_discovery:discover_packages(ignore) using defaults
[3.478s] Level 1:colcon.colcon_core.package_discovery:discover_packages(path) discover
[3.478s] Level 1:colcon.colcon_core.package_discovery:discover_packages(path) using defaults
[3.572s] Level 1:colcon.colcon_core.package_discovery:discover_packages(prefix_path) check parameters
[3.573s] Level 1:colcon.colcon_core.package_discovery:discover_packages(prefix_path) discover
[3.583s] DEBUG:colcon.colcon_installed_package_information.package_discovery:Found 2 installed packages in /home/yamashita/natu2024/install
[3.593s] DEBUG:colcon.colcon_installed_package_information.package_discovery:Found 305 installed packages in /opt/ros/humble
[3.600s] Level 1:colcon.colcon_core.package_discovery:discover_packages(prefix_path) using defaults
[3.853s] Level 5:colcon.colcon_core.verb:set package 'autoRobo' build argument 'cmake_args' from command line to 'None'
[3.854s] Level 5:colcon.colcon_core.verb:set package 'autoRobo' build argument 'cmake_target' from command line to 'None'
[3.854s] Level 5:colcon.colcon_core.verb:set package 'autoRobo' build argument 'cmake_target_skip_unavailable' from command line to 'False'
[3.855s] Level 5:colcon.colcon_core.verb:set package 'autoRobo' build argument 'cmake_clean_cache' from command line to 'False'
[3.856s] Level 5:colcon.colcon_core.verb:set package 'autoRobo' build argument 'cmake_clean_first' from command line to 'False'
[3.857s] Level 5:colcon.colcon_core.verb:set package 'autoRobo' build argument 'cmake_force_configure' from command line to 'False'
[3.858s] Level 5:colcon.colcon_core.verb:set package 'autoRobo' build argument 'ament_cmake_args' from command line to 'None'
[3.858s] Level 5:colcon.colcon_core.verb:set package 'autoRobo' build argument 'catkin_cmake_args' from command line to 'None'
[3.859s] Level 5:colcon.colcon_core.verb:set package 'autoRobo' build argument 'catkin_skip_building_tests' from command line to 'False'
[3.860s] DEBUG:colcon.colcon_core.verb:Building package 'autoRobo' with the following arguments: {'ament_cmake_args': None, 'build_base': '/home/yamashita/natu2024/build/autoRobo', 'catkin_cmake_args': None, 'catkin_skip_building_tests': False, 'cmake_args': None, 'cmake_clean_cache': False, 'cmake_clean_first': False, 'cmake_force_configure': False, 'cmake_target': None, 'cmake_target_skip_unavailable': False, 'install_base': '/home/yamashita/natu2024/install/autoRobo', 'merge_install': False, 'path': '/home/yamashita/natu2024/src/autoRobo', 'symlink_install': False, 'test_result_base': None}
[3.862s] INFO:colcon.colcon_core.executor:Executing jobs using 'parallel' executor
[3.867s] DEBUG:colcon.colcon_parallel_executor.executor.parallel:run_until_complete
[3.868s] INFO:colcon.colcon_ros.task.ament_python.build:Building ROS package in '/home/yamashita/natu2024/src/autoRobo' with build type 'ament_python'
[3.868s] Level 1:colcon.colcon_core.shell:create_environment_hook('autoRobo', 'ament_prefix_path')
[3.883s] INFO:colcon.colcon_core.plugin_system:Skipping extension 'colcon_core.shell.bat': Not used on non-Windows systems
[3.888s] INFO:colcon.colcon_core.shell:Creating environment hook '/home/yamashita/natu2024/install/autoRobo/share/autoRobo/hook/ament_prefix_path.ps1'
[3.894s] INFO:colcon.colcon_core.shell:Creating environment descriptor '/home/yamashita/natu2024/install/autoRobo/share/autoRobo/hook/ament_prefix_path.dsv'
[3.899s] INFO:colcon.colcon_core.shell:Creating environment hook '/home/yamashita/natu2024/install/autoRobo/share/autoRobo/hook/ament_prefix_path.sh'
[3.905s] INFO:colcon.colcon_core.shell:Skip shell extension 'powershell' for command environment: Not usable outside of PowerShell
[3.906s] DEBUG:colcon.colcon_core.shell:Skip shell extension 'dsv' for command environment
[5.264s] INFO:colcon.colcon_core.task.python.build:Building Python package in '/home/yamashita/natu2024/src/autoRobo'
[5.265s] INFO:colcon.colcon_core.shell:Skip shell extension 'powershell' for command environment: Not usable outside of PowerShell
[5.265s] DEBUG:colcon.colcon_core.shell:Skip shell extension 'dsv' for command environment
[7.026s] DEBUG:colcon.colcon_core.event_handler.log_command:Invoking command in '/home/yamashita/natu2024/src/autoRobo': PYTHONPATH=/home/yamashita/natu2024/build/autoRobo/prefix_override:/usr/lib/python3/dist-packages/colcon_core/task/python/colcon_distutils_commands:/home/yamashita/natu2024/install/autoRobo/lib/python3.10/site-packages:${PYTHONPATH} /usr/bin/python3 -W ignore:setup.py install is deprecated setup.py egg_info --egg-base ../../build/autoRobo build --build-base /home/yamashita/natu2024/build/autoRobo/build install --record /home/yamashita/natu2024/build/autoRobo/install.log --single-version-externally-managed install_data
[8.533s] DEBUG:colcon.colcon_core.event_handler.log_command:Invoked command in '/home/yamashita/natu2024/src/autoRobo' returned '0': PYTHONPATH=/home/yamashita/natu2024/build/autoRobo/prefix_override:/usr/lib/python3/dist-packages/colcon_core/task/python/colcon_distutils_commands:/home/yamashita/natu2024/install/autoRobo/lib/python3.10/site-packages:${PYTHONPATH} /usr/bin/python3 -W ignore:setup.py install is deprecated setup.py egg_info --egg-base ../../build/autoRobo build --build-base /home/yamashita/natu2024/build/autoRobo/build install --record /home/yamashita/natu2024/build/autoRobo/install.log --single-version-externally-managed install_data
[8.543s] Level 1:colcon.colcon_core.environment:checking '/home/yamashita/natu2024/install/autoRobo' for CMake module files
[8.546s] Level 1:colcon.colcon_core.environment:checking '/home/yamashita/natu2024/install/autoRobo' for CMake config files
[8.551s] Level 1:colcon.colcon_core.environment:checking '/home/yamashita/natu2024/install/autoRobo/lib'
[8.552s] Level 1:colcon.colcon_core.environment:checking '/home/yamashita/natu2024/install/autoRobo/bin'
[8.553s] Level 1:colcon.colcon_core.environment:checking '/home/yamashita/natu2024/install/autoRobo/lib/pkgconfig/autoRobo.pc'
[8.554s] Level 1:colcon.colcon_core.environment:checking '/home/yamashita/natu2024/install/autoRobo/lib/python3.10/site-packages'
[8.554s] Level 1:colcon.colcon_core.shell:create_environment_hook('autoRobo', 'pythonpath')
[8.555s] INFO:colcon.colcon_core.shell:Creating environment hook '/home/yamashita/natu2024/install/autoRobo/share/autoRobo/hook/pythonpath.ps1'
[8.557s] INFO:colcon.colcon_core.shell:Creating environment descriptor '/home/yamashita/natu2024/install/autoRobo/share/autoRobo/hook/pythonpath.dsv'
[8.559s] INFO:colcon.colcon_core.shell:Creating environment hook '/home/yamashita/natu2024/install/autoRobo/share/autoRobo/hook/pythonpath.sh'
[8.562s] Level 1:colcon.colcon_core.environment:checking '/home/yamashita/natu2024/install/autoRobo/bin'
[8.562s] Level 1:colcon.colcon_core.environment:create_environment_scripts_only(autoRobo)
[8.564s] INFO:colcon.colcon_core.shell:Creating package script '/home/yamashita/natu2024/install/autoRobo/share/autoRobo/package.ps1'
[8.567s] INFO:colcon.colcon_core.shell:Creating package descriptor '/home/yamashita/natu2024/install/autoRobo/share/autoRobo/package.dsv'
[8.570s] INFO:colcon.colcon_core.shell:Creating package script '/home/yamashita/natu2024/install/autoRobo/share/autoRobo/package.sh'
[8.573s] INFO:colcon.colcon_core.shell:Creating package script '/home/yamashita/natu2024/install/autoRobo/share/autoRobo/package.bash'
[8.576s] INFO:colcon.colcon_core.shell:Creating package script '/home/yamashita/natu2024/install/autoRobo/share/autoRobo/package.zsh'
[8.580s] Level 1:colcon.colcon_core.environment:create_file_with_runtime_dependencies(/home/yamashita/natu2024/install/autoRobo/share/colcon-core/packages/autoRobo)
[8.581s] DEBUG:colcon.colcon_parallel_executor.executor.parallel:closing loop
[8.582s] DEBUG:colcon.colcon_parallel_executor.executor.parallel:loop closed
[8.583s] DEBUG:colcon.colcon_parallel_executor.executor.parallel:run_until_complete finished with '0'
[8.583s] DEBUG:colcon.colcon_core.event_reactor:joining thread
[8.603s] INFO:colcon.colcon_core.plugin_system:Skipping extension 'colcon_notification.desktop_notification.notify_send': Could not find 'notify-send'
[8.604s] INFO:colcon.colcon_core.plugin_system:Skipping extension 'colcon_notification.desktop_notification.terminal_notifier': Not used on non-Darwin systems
[8.604s] INFO:colcon.colcon_core.plugin_system:Skipping extension 'colcon_notification.desktop_notification.win32': Not used on non-Windows systems
[8.604s] INFO:colcon.colcon_notification.desktop_notification:Sending desktop notification using 'notify2'
[8.607s] DEBUG:colcon.colcon_notification.desktop_notification.notify2:Failed to initialize notify2: org.freedesktop.DBus.Error.ServiceUnknown: The name org.freedesktop.Notifications was not provided by any .service files
[8.607s] DEBUG:colcon.colcon_core.event_reactor:joined thread
[8.608s] INFO:colcon.colcon_core.shell:Creating prefix script '/home/yamashita/natu2024/install/local_setup.ps1'
[8.612s] INFO:colcon.colcon_core.shell:Creating prefix util module '/home/yamashita/natu2024/install/_local_setup_util_ps1.py'
[8.617s] INFO:colcon.colcon_core.shell:Creating prefix chain script '/home/yamashita/natu2024/install/setup.ps1'
[8.621s] INFO:colcon.colcon_core.shell:Creating prefix script '/home/yamashita/natu2024/install/local_setup.sh'
[8.625s] INFO:colcon.colcon_core.shell:Creating prefix util module '/home/yamashita/natu2024/install/_local_setup_util_sh.py'
[8.627s] INFO:colcon.colcon_core.shell:Creating prefix chain script '/home/yamashita/natu2024/install/setup.sh'
[8.632s] INFO:colcon.colcon_core.shell:Creating prefix script '/home/yamashita/natu2024/install/local_setup.bash'
[8.634s] INFO:colcon.colcon_core.shell:Creating prefix chain script '/home/yamashita/natu2024/install/setup.bash'
[8.638s] INFO:colcon.colcon_core.shell:Creating prefix script '/home/yamashita/natu2024/install/local_setup.zsh'
[8.641s] INFO:colcon.colcon_core.shell:Creating prefix chain script '/home/yamashita/natu2024/install/setup.zsh'
