[3.195s] Invoking command in '/home/yamashita/natu2024/src/autoRobo': PYTHONPATH=/home/yamashita/natu2024/build/autoRobo/prefix_override:/usr/lib/python3/dist-packages/colcon_core/task/python/colcon_distutils_commands:/home/yamashita/natu2024/install/autoRobo/lib/python3.10/site-packages:${PYTHONPATH} /usr/bin/python3 -W ignore:setup.py install is deprecated setup.py egg_info --egg-base ../../build/autoRobo build --build-base /home/yamashita/natu2024/build/autoRobo/build install --record /home/yamashita/natu2024/build/autoRobo/install.log --single-version-externally-managed install_data
[4.573s] running egg_info
[4.576s] writing ../../build/autoRobo/autoRobo.egg-info/PKG-INFO
[4.577s] writing dependency_links to ../../build/autoRobo/autoRobo.egg-info/dependency_links.txt
[4.579s] writing entry points to ../../build/autoRobo/autoRobo.egg-info/entry_points.txt
[4.580s] writing requirements to ../../build/autoRobo/autoRobo.egg-info/requires.txt
[4.581s] writing top-level names to ../../build/autoRobo/autoRobo.egg-info/top_level.txt
[4.593s] reading manifest file '../../build/autoRobo/autoRobo.egg-info/SOURCES.txt'
[4.598s] writing manifest file '../../build/autoRobo/autoRobo.egg-info/SOURCES.txt'
[4.600s] running build
[4.601s] running build_py
[4.601s] copying autoRobo/ImgProcess.py -> /home/yamashita/natu2024/build/autoRobo/build/lib/autoRobo
[4.602s] running install
[4.604s] running install_lib
[4.608s] copying /home/yamashita/natu2024/build/autoRobo/build/lib/autoRobo/ImgProcess.py -> /home/yamashita/natu2024/install/autoRobo/lib/python3.10/site-packages/autoRobo
[4.612s] byte-compiling /home/yamashita/natu2024/install/autoRobo/lib/python3.10/site-packages/autoRobo/ImgProcess.py to ImgProcess.cpython-310.pyc
[4.624s] running install_data
[4.625s] running install_egg_info
[4.633s] removing '/home/yamashita/natu2024/install/autoRobo/lib/python3.10/site-packages/autoRobo-0.0.0-py3.10.egg-info' (and everything under it)
[4.635s] Copying ../../build/autoRobo/autoRobo.egg-info to /home/yamashita/natu2024/install/autoRobo/lib/python3.10/site-packages/autoRobo-0.0.0-py3.10.egg-info
[4.641s] running install_scripts
[4.722s] Installing ImgProcess script to /home/yamashita/natu2024/install/autoRobo/lib/autoRobo
[4.724s] writing list of installed files to '/home/yamashita/natu2024/build/autoRobo/install.log'
[4.899s] Invoked command in '/home/yamashita/natu2024/src/autoRobo' returned '0': PYTHONPATH=/home/yamashita/natu2024/build/autoRobo/prefix_override:/usr/lib/python3/dist-packages/colcon_core/task/python/colcon_distutils_commands:/home/yamashita/natu2024/install/autoRobo/lib/python3.10/site-packages:${PYTHONPATH} /usr/bin/python3 -W ignore:setup.py install is deprecated setup.py egg_info --egg-base ../../build/autoRobo build --build-base /home/yamashita/natu2024/build/autoRobo/build install --record /home/yamashita/natu2024/build/autoRobo/install.log --single-version-externally-managed install_data
