[4.216s] Invoking command in '/home/yamashita/natu2024/src/autoRobo': PYTHONPATH=/home/yamashita/natu2024/build/autoRobo/prefix_override:/usr/lib/python3/dist-packages/colcon_core/task/python/colcon_distutils_commands:/home/yamashita/natu2024/install/autoRobo/lib/python3.10/site-packages:${PYTHONPATH} /usr/bin/python3 -W ignore:setup.py install is deprecated setup.py egg_info --egg-base ../../build/autoRobo build --build-base /home/yamashita/natu2024/build/autoRobo/build install --record /home/yamashita/natu2024/build/autoRobo/install.log --single-version-externally-managed install_data
[5.738s] running egg_info
[5.740s] writing ../../build/autoRobo/autoRobo.egg-info/PKG-INFO
[5.742s] writing dependency_links to ../../build/autoRobo/autoRobo.egg-info/dependency_links.txt
[5.743s] writing entry points to ../../build/autoRobo/autoRobo.egg-info/entry_points.txt
[5.744s] writing requirements to ../../build/autoRobo/autoRobo.egg-info/requires.txt
[5.745s] writing top-level names to ../../build/autoRobo/autoRobo.egg-info/top_level.txt
[5.755s] reading manifest file '../../build/autoRobo/autoRobo.egg-info/SOURCES.txt'
[5.760s] writing manifest file '../../build/autoRobo/autoRobo.egg-info/SOURCES.txt'
[5.762s] running build
[5.762s] running build_py
[5.763s] copying autoRobo/strategy.py -> /home/yamashita/natu2024/build/autoRobo/build/lib/autoRobo
[5.766s] running install
[5.767s] running install_lib
[5.771s] copying /home/yamashita/natu2024/build/autoRobo/build/lib/autoRobo/strategy.py -> /home/yamashita/natu2024/install/autoRobo/lib/python3.10/site-packages/autoRobo
[5.775s] byte-compiling /home/yamashita/natu2024/install/autoRobo/lib/python3.10/site-packages/autoRobo/strategy.py to strategy.cpython-310.pyc
[5.779s] running install_data
[5.780s] running install_egg_info
[5.789s] removing '/home/yamashita/natu2024/install/autoRobo/lib/python3.10/site-packages/autoRobo-0.0.0-py3.10.egg-info' (and everything under it)
[5.791s] Copying ../../build/autoRobo/autoRobo.egg-info to /home/yamashita/natu2024/install/autoRobo/lib/python3.10/site-packages/autoRobo-0.0.0-py3.10.egg-info
[5.816s] running install_scripts
[5.887s] Installing ImgProcess script to /home/yamashita/natu2024/install/autoRobo/lib/autoRobo
[5.891s] Installing Localization script to /home/yamashita/natu2024/install/autoRobo/lib/autoRobo
[5.893s] Installing operater script to /home/yamashita/natu2024/install/autoRobo/lib/autoRobo
[5.896s] Installing serial script to /home/yamashita/natu2024/install/autoRobo/lib/autoRobo
[5.897s] Installing strategy script to /home/yamashita/natu2024/install/autoRobo/lib/autoRobo
[5.898s] writing list of installed files to '/home/yamashita/natu2024/build/autoRobo/install.log'
[6.039s] Invoked command in '/home/yamashita/natu2024/src/autoRobo' returned '0': PYTHONPATH=/home/yamashita/natu2024/build/autoRobo/prefix_override:/usr/lib/python3/dist-packages/colcon_core/task/python/colcon_distutils_commands:/home/yamashita/natu2024/install/autoRobo/lib/python3.10/site-packages:${PYTHONPATH} /usr/bin/python3 -W ignore:setup.py install is deprecated setup.py egg_info --egg-base ../../build/autoRobo build --build-base /home/yamashita/natu2024/build/autoRobo/build install --record /home/yamashita/natu2024/build/autoRobo/install.log --single-version-externally-managed install_data
