[3.842s] Invoking command in '/home/yamashita/natu2024/src/autoRobo': PYTHONPATH=/home/yamashita/natu2024/build/autoRobo/prefix_override:/usr/lib/python3/dist-packages/colcon_core/task/python/colcon_distutils_commands:/home/yamashita/natu2024/install/autoRobo/lib/python3.10/site-packages:${PYTHONPATH} /usr/bin/python3 -W ignore:setup.py install is deprecated setup.py egg_info --egg-base ../../build/autoRobo build --build-base /home/yamashita/natu2024/build/autoRobo/build install --record /home/yamashita/natu2024/build/autoRobo/install.log --single-version-externally-managed install_data
[5.191s] running egg_info
[5.193s] writing ../../build/autoRobo/autoRobo.egg-info/PKG-INFO
[5.194s] writing dependency_links to ../../build/autoRobo/autoRobo.egg-info/dependency_links.txt
[5.195s] writing entry points to ../../build/autoRobo/autoRobo.egg-info/entry_points.txt
[5.196s] writing requirements to ../../build/autoRobo/autoRobo.egg-info/requires.txt
[5.196s] writing top-level names to ../../build/autoRobo/autoRobo.egg-info/top_level.txt
[5.206s] reading manifest file '../../build/autoRobo/autoRobo.egg-info/SOURCES.txt'
[5.210s] writing manifest file '../../build/autoRobo/autoRobo.egg-info/SOURCES.txt'
[5.211s] running build
[5.211s] running build_py
[5.212s] copying autoRobo/serial.py -> /home/yamashita/natu2024/build/autoRobo/build/lib/autoRobo
[5.214s] running install
[5.215s] running install_lib
[5.220s] copying /home/yamashita/natu2024/build/autoRobo/build/lib/autoRobo/serial.py -> /home/yamashita/natu2024/install/autoRobo/lib/python3.10/site-packages/autoRobo
[5.223s] byte-compiling /home/yamashita/natu2024/install/autoRobo/lib/python3.10/site-packages/autoRobo/serial.py to serial.cpython-310.pyc
[5.226s] running install_data
[5.227s] running install_egg_info
[5.234s] removing '/home/yamashita/natu2024/install/autoRobo/lib/python3.10/site-packages/autoRobo-0.0.0-py3.10.egg-info' (and everything under it)
[5.235s] Copying ../../build/autoRobo/autoRobo.egg-info to /home/yamashita/natu2024/install/autoRobo/lib/python3.10/site-packages/autoRobo-0.0.0-py3.10.egg-info
[5.243s] running install_scripts
[5.319s] Installing ImgProcess script to /home/yamashita/natu2024/install/autoRobo/lib/autoRobo
[5.320s] Installing Loclization script to /home/yamashita/natu2024/install/autoRobo/lib/autoRobo
[5.321s] Installing serial script to /home/yamashita/natu2024/install/autoRobo/lib/autoRobo
[5.323s] writing list of installed files to '/home/yamashita/natu2024/build/autoRobo/install.log'
[5.450s] Invoked command in '/home/yamashita/natu2024/src/autoRobo' returned '0': PYTHONPATH=/home/yamashita/natu2024/build/autoRobo/prefix_override:/usr/lib/python3/dist-packages/colcon_core/task/python/colcon_distutils_commands:/home/yamashita/natu2024/install/autoRobo/lib/python3.10/site-packages:${PYTHONPATH} /usr/bin/python3 -W ignore:setup.py install is deprecated setup.py egg_info --egg-base ../../build/autoRobo build --build-base /home/yamashita/natu2024/build/autoRobo/build install --record /home/yamashita/natu2024/build/autoRobo/install.log --single-version-externally-managed install_data
