[3.111s] Invoking command in '/home/yamashita/natu2024/src/autoRobo': PYTHONPATH=/home/yamashita/natu2024/build/autoRobo/prefix_override:/usr/lib/python3/dist-packages/colcon_core/task/python/colcon_distutils_commands:/home/yamashita/natu2024/install/autoRobo/lib/python3.10/site-packages:${PYTHONPATH} /usr/bin/python3 -W ignore:setup.py install is deprecated setup.py egg_info --egg-base ../../build/autoRobo build --build-base /home/yamashita/natu2024/build/autoRobo/build install --record /home/yamashita/natu2024/build/autoRobo/install.log --single-version-externally-managed install_data
[4.314s] running egg_info
[4.316s] writing ../../build/autoRobo/autoRobo.egg-info/PKG-INFO
[4.318s] writing dependency_links to ../../build/autoRobo/autoRobo.egg-info/dependency_links.txt
[4.319s] writing entry points to ../../build/autoRobo/autoRobo.egg-info/entry_points.txt
[4.320s] writing requirements to ../../build/autoRobo/autoRobo.egg-info/requires.txt
[4.321s] writing top-level names to ../../build/autoRobo/autoRobo.egg-info/top_level.txt
[4.330s] reading manifest file '../../build/autoRobo/autoRobo.egg-info/SOURCES.txt'
[4.334s] writing manifest file '../../build/autoRobo/autoRobo.egg-info/SOURCES.txt'
[4.334s] running build
[4.335s] running build_py
[4.336s] copying autoRobo/localization.py -> /home/yamashita/natu2024/build/autoRobo/build/lib/autoRobo
[4.338s] running install
[4.340s] running install_lib
[4.343s] copying /home/yamashita/natu2024/build/autoRobo/build/lib/autoRobo/localization.py -> /home/yamashita/natu2024/install/autoRobo/lib/python3.10/site-packages/autoRobo
[4.346s] byte-compiling /home/yamashita/natu2024/install/autoRobo/lib/python3.10/site-packages/autoRobo/localization.py to localization.cpython-310.pyc
[4.351s] running install_data
[4.352s] running install_egg_info
[4.359s] removing '/home/yamashita/natu2024/install/autoRobo/lib/python3.10/site-packages/autoRobo-0.0.0-py3.10.egg-info' (and everything under it)
[4.361s] Copying ../../build/autoRobo/autoRobo.egg-info to /home/yamashita/natu2024/install/autoRobo/lib/python3.10/site-packages/autoRobo-0.0.0-py3.10.egg-info
[4.367s] running install_scripts
[4.444s] Installing ImgProcess script to /home/yamashita/natu2024/install/autoRobo/lib/autoRobo
[4.444s] Installing Localization script to /home/yamashita/natu2024/install/autoRobo/lib/autoRobo
[4.445s] Installing serial script to /home/yamashita/natu2024/install/autoRobo/lib/autoRobo
[4.447s] writing list of installed files to '/home/yamashita/natu2024/build/autoRobo/install.log'
[4.577s] Invoked command in '/home/yamashita/natu2024/src/autoRobo' returned '0': PYTHONPATH=/home/yamashita/natu2024/build/autoRobo/prefix_override:/usr/lib/python3/dist-packages/colcon_core/task/python/colcon_distutils_commands:/home/yamashita/natu2024/install/autoRobo/lib/python3.10/site-packages:${PYTHONPATH} /usr/bin/python3 -W ignore:setup.py install is deprecated setup.py egg_info --egg-base ../../build/autoRobo build --build-base /home/yamashita/natu2024/build/autoRobo/build install --record /home/yamashita/natu2024/build/autoRobo/install.log --single-version-externally-managed install_data
