[0.683s] DEBUG:colcon:Command line arguments: ['/usr/bin/colcon', 'build']
[0.684s] DEBUG:colcon:Parsed command line arguments: Namespace(log_base=None, log_level=None, verb_name='build', build_base='build', install_base='install', merge_install=False, symlink_install=False, test_result_base=None, continue_on_error=False, executor='parallel', parallel_workers=4, event_handlers=None, ignore_user_meta=False, metas=['./colcon.meta'], base_paths=['.'], packages_ignore=None, packages_ignore_regex=None, paths=None, packages_up_to=None, packages_up_to_regex=None, packages_above=None, packages_above_and_dependencies=None, packages_above_depth=None, packages_select_by_dep=None, packages_skip_by_dep=None, packages_skip_up_to=None, packages_select_build_failed=False, packages_skip_build_finished=False, packages_select_test_failures=False, packages_skip_test_passed=False, packages_select=None, packages_skip=None, packages_select_regex=None, packages_skip_regex=None, packages_start=None, packages_end=None, allow_overriding=[], cmake_args=None, cmake_target=None, cmake_target_skip_unavailable=False, cmake_clean_cache=False, cmake_clean_first=False, cmake_force_configure=False, ament_cmake_args=None, catkin_cmake_args=None, catkin_skip_building_tests=False, verb_parser=<colcon_defaults.argument_parser.defaults.DefaultArgumentsDecorator object at 0xffff897f8310>, verb_extension=<colcon_core.verb.build.BuildVerb object at 0xffff89938f40>, main=<bound method BuildVerb.main of <colcon_core.verb.build.BuildVerb object at 0xffff89938f40>>)
[1.869s] Level 1:colcon.colcon_core.package_discovery:discover_packages(colcon_meta) check parameters
[1.871s] Level 1:colcon.colcon_core.package_discovery:discover_packages(recursive) check parameters
[1.871s] Level 1:colcon.colcon_core.package_discovery:discover_packages(ignore) check parameters
[1.872s] Level 1:colcon.colcon_core.package_discovery:discover_packages(path) check parameters
[1.872s] Level 1:colcon.colcon_core.package_discovery:discover_packages(colcon_meta) discover
[1.872s] Level 1:colcon.colcon_core.package_discovery:discover_packages(recursive) discover
[1.872s] INFO:colcon.colcon_core.package_discovery:Crawling recursively for packages in '/home/yamashita/natu2024'
[1.873s] Level 1:colcon.colcon_core.package_identification:_identify(.) by extensions ['ignore', 'ignore_ament_install']
[1.874s] Level 1:colcon.colcon_core.package_identification:_identify(.) by extension 'ignore'
[1.875s] Level 1:colcon.colcon_core.package_identification:_identify(.) by extension 'ignore_ament_install'
[1.876s] Level 1:colcon.colcon_core.package_identification:_identify(.) by extensions ['colcon_pkg']
[1.876s] Level 1:colcon.colcon_core.package_identification:_identify(.) by extension 'colcon_pkg'
[1.877s] Level 1:colcon.colcon_core.package_identification:_identify(.) by extensions ['colcon_meta']
[1.877s] Level 1:colcon.colcon_core.package_identification:_identify(.) by extension 'colcon_meta'
[1.877s] Level 1:colcon.colcon_core.package_identification:_identify(.) by extensions ['ros']
[1.877s] Level 1:colcon.colcon_core.package_identification:_identify(.) by extension 'ros'
[1.947s] Level 1:colcon.colcon_core.package_identification:_identify(.) by extensions ['cmake', 'python']
[1.948s] Level 1:colcon.colcon_core.package_identification:_identify(.) by extension 'cmake'
[1.948s] Level 1:colcon.colcon_core.package_identification:_identify(.) by extension 'python'
[1.949s] Level 1:colcon.colcon_core.package_identification:_identify(.) by extensions ['python_setup_py']
[1.949s] Level 1:colcon.colcon_core.package_identification:_identify(.) by extension 'python_setup_py'
[1.950s] Level 1:colcon.colcon_core.package_identification:_identify(build) by extensions ['ignore', 'ignore_ament_install']
[1.951s] Level 1:colcon.colcon_core.package_identification:_identify(build) by extension 'ignore'
[1.951s] Level 1:colcon.colcon_core.package_identification:_identify(build) ignored
[1.952s] Level 1:colcon.colcon_core.package_identification:_identify(install) by extensions ['ignore', 'ignore_ament_install']
[1.953s] Level 1:colcon.colcon_core.package_identification:_identify(install) by extension 'ignore'
[1.955s] Level 1:colcon.colcon_core.package_identification:_identify(install) ignored
[1.962s] Level 1:colcon.colcon_core.package_identification:_identify(log) by extensions ['ignore', 'ignore_ament_install']
[1.964s] Level 1:colcon.colcon_core.package_identification:_identify(log) by extension 'ignore'
[1.965s] Level 1:colcon.colcon_core.package_identification:_identify(log) ignored
[1.966s] Level 1:colcon.colcon_core.package_identification:_identify(src) by extensions ['ignore', 'ignore_ament_install']
[1.967s] Level 1:colcon.colcon_core.package_identification:_identify(src) by extension 'ignore'
[1.968s] Level 1:colcon.colcon_core.package_identification:_identify(src) by extension 'ignore_ament_install'
[1.969s] Level 1:colcon.colcon_core.package_identification:_identify(src) by extensions ['colcon_pkg']
[1.970s] Level 1:colcon.colcon_core.package_identification:_identify(src) by extension 'colcon_pkg'
[1.972s] Level 1:colcon.colcon_core.package_identification:_identify(src) by extensions ['colcon_meta']
[1.973s] Level 1:colcon.colcon_core.package_identification:_identify(src) by extension 'colcon_meta'
[1.974s] Level 1:colcon.colcon_core.package_identification:_identify(src) by extensions ['ros']
[1.975s] Level 1:colcon.colcon_core.package_identification:_identify(src) by extension 'ros'
[1.976s] Level 1:colcon.colcon_core.package_identification:_identify(src) by extensions ['cmake', 'python']
[1.977s] Level 1:colcon.colcon_core.package_identification:_identify(src) by extension 'cmake'
[1.978s] Level 1:colcon.colcon_core.package_identification:_identify(src) by extension 'python'
[1.979s] Level 1:colcon.colcon_core.package_identification:_identify(src) by extensions ['python_setup_py']
[1.979s] Level 1:colcon.colcon_core.package_identification:_identify(src) by extension 'python_setup_py'
[1.981s] Level 1:colcon.colcon_core.package_identification:_identify(src/autoRobo) by extensions ['ignore', 'ignore_ament_install']
[1.982s] Level 1:colcon.colcon_core.package_identification:_identify(src/autoRobo) by extension 'ignore'
[1.983s] Level 1:colcon.colcon_core.package_identification:_identify(src/autoRobo) by extension 'ignore_ament_install'
[1.984s] Level 1:colcon.colcon_core.package_identification:_identify(src/autoRobo) by extensions ['colcon_pkg']
[1.984s] Level 1:colcon.colcon_core.package_identification:_identify(src/autoRobo) by extension 'colcon_pkg'
[1.985s] Level 1:colcon.colcon_core.package_identification:_identify(src/autoRobo) by extensions ['colcon_meta']
[1.986s] Level 1:colcon.colcon_core.package_identification:_identify(src/autoRobo) by extension 'colcon_meta'
[1.987s] Level 1:colcon.colcon_core.package_identification:_identify(src/autoRobo) by extensions ['ros']
[1.988s] Level 1:colcon.colcon_core.package_identification:_identify(src/autoRobo) by extension 'ros'
[2.008s] DEBUG:colcon.colcon_core.package_identification:Package 'src/autoRobo' with type 'ros.ament_python' and name 'autoRobo'
[2.009s] Level 1:colcon.colcon_core.package_discovery:discover_packages(recursive) using defaults
[2.010s] Level 1:colcon.colcon_core.package_discovery:discover_packages(ignore) discover
[2.011s] Level 1:colcon.colcon_core.package_discovery:discover_packages(ignore) using defaults
[2.012s] Level 1:colcon.colcon_core.package_discovery:discover_packages(path) discover
[2.012s] Level 1:colcon.colcon_core.package_discovery:discover_packages(path) using defaults
[2.122s] Level 1:colcon.colcon_core.package_discovery:discover_packages(prefix_path) check parameters
[2.123s] Level 1:colcon.colcon_core.package_discovery:discover_packages(prefix_path) discover
[2.141s] DEBUG:colcon.colcon_installed_package_information.package_discovery:Found 2 installed packages in /home/yamashita/natu2024/install
[2.152s] DEBUG:colcon.colcon_installed_package_information.package_discovery:Found 305 installed packages in /opt/ros/humble
[2.162s] Level 1:colcon.colcon_core.package_discovery:discover_packages(prefix_path) using defaults
[2.487s] Level 5:colcon.colcon_core.verb:set package 'autoRobo' build argument 'cmake_args' from command line to 'None'
[2.488s] Level 5:colcon.colcon_core.verb:set package 'autoRobo' build argument 'cmake_target' from command line to 'None'
[2.488s] Level 5:colcon.colcon_core.verb:set package 'autoRobo' build argument 'cmake_target_skip_unavailable' from command line to 'False'
[2.489s] Level 5:colcon.colcon_core.verb:set package 'autoRobo' build argument 'cmake_clean_cache' from command line to 'False'
[2.489s] Level 5:colcon.colcon_core.verb:set package 'autoRobo' build argument 'cmake_clean_first' from command line to 'False'
[2.490s] Level 5:colcon.colcon_core.verb:set package 'autoRobo' build argument 'cmake_force_configure' from command line to 'False'
[2.490s] Level 5:colcon.colcon_core.verb:set package 'autoRobo' build argument 'ament_cmake_args' from command line to 'None'
[2.491s] Level 5:colcon.colcon_core.verb:set package 'autoRobo' build argument 'catkin_cmake_args' from command line to 'None'
[2.491s] Level 5:colcon.colcon_core.verb:set package 'autoRobo' build argument 'catkin_skip_building_tests' from command line to 'False'
[2.491s] DEBUG:colcon.colcon_core.verb:Building package 'autoRobo' with the following arguments: {'ament_cmake_args': None, 'build_base': '/home/yamashita/natu2024/build/autoRobo', 'catkin_cmake_args': None, 'catkin_skip_building_tests': False, 'cmake_args': None, 'cmake_clean_cache': False, 'cmake_clean_first': False, 'cmake_force_configure': False, 'cmake_target': None, 'cmake_target_skip_unavailable': False, 'install_base': '/home/yamashita/natu2024/install/autoRobo', 'merge_install': False, 'path': '/home/yamashita/natu2024/src/autoRobo', 'symlink_install': False, 'test_result_base': None}
[2.493s] INFO:colcon.colcon_core.executor:Executing jobs using 'parallel' executor
[2.505s] DEBUG:colcon.colcon_parallel_executor.executor.parallel:run_until_complete
[2.506s] INFO:colcon.colcon_ros.task.ament_python.build:Building ROS package in '/home/yamashita/natu2024/src/autoRobo' with build type 'ament_python'
[2.507s] Level 1:colcon.colcon_core.shell:create_environment_hook('autoRobo', 'ament_prefix_path')
[2.521s] INFO:colcon.colcon_core.plugin_system:Skipping extension 'colcon_core.shell.bat': Not used on non-Windows systems
[2.522s] INFO:colcon.colcon_core.shell:Creating environment hook '/home/yamashita/natu2024/install/autoRobo/share/autoRobo/hook/ament_prefix_path.ps1'
[2.528s] INFO:colcon.colcon_core.shell:Creating environment descriptor '/home/yamashita/natu2024/install/autoRobo/share/autoRobo/hook/ament_prefix_path.dsv'
[2.530s] INFO:colcon.colcon_core.shell:Creating environment hook '/home/yamashita/natu2024/install/autoRobo/share/autoRobo/hook/ament_prefix_path.sh'
[2.534s] INFO:colcon.colcon_core.shell:Skip shell extension 'powershell' for command environment: Not usable outside of PowerShell
[2.534s] DEBUG:colcon.colcon_core.shell:Skip shell extension 'dsv' for command environment
[4.398s] INFO:colcon.colcon_core.task.python.build:Building Python package in '/home/yamashita/natu2024/src/autoRobo'
[4.400s] INFO:colcon.colcon_core.shell:Skip shell extension 'powershell' for command environment: Not usable outside of PowerShell
[4.400s] DEBUG:colcon.colcon_core.shell:Skip shell extension 'dsv' for command environment
[6.853s] DEBUG:colcon.colcon_core.event_handler.log_command:Invoking command in '/home/yamashita/natu2024/src/autoRobo': PYTHONPATH=/home/yamashita/natu2024/build/autoRobo/prefix_override:/usr/lib/python3/dist-packages/colcon_core/task/python/colcon_distutils_commands:/home/yamashita/natu2024/install/autoRobo/lib/python3.10/site-packages:${PYTHONPATH} /usr/bin/python3 -W ignore:setup.py install is deprecated setup.py egg_info --egg-base ../../build/autoRobo build --build-base /home/yamashita/natu2024/build/autoRobo/build install --record /home/yamashita/natu2024/build/autoRobo/install.log --single-version-externally-managed install_data
[9.102s] DEBUG:colcon.colcon_core.event_handler.log_command:Invoked command in '/home/yamashita/natu2024/src/autoRobo' returned '0': PYTHONPATH=/home/yamashita/natu2024/build/autoRobo/prefix_override:/usr/lib/python3/dist-packages/colcon_core/task/python/colcon_distutils_commands:/home/yamashita/natu2024/install/autoRobo/lib/python3.10/site-packages:${PYTHONPATH} /usr/bin/python3 -W ignore:setup.py install is deprecated setup.py egg_info --egg-base ../../build/autoRobo build --build-base /home/yamashita/natu2024/build/autoRobo/build install --record /home/yamashita/natu2024/build/autoRobo/install.log --single-version-externally-managed install_data
[9.117s] Level 1:colcon.colcon_core.environment:checking '/home/yamashita/natu2024/install/autoRobo' for CMake module files
[9.120s] Level 1:colcon.colcon_core.environment:checking '/home/yamashita/natu2024/install/autoRobo' for CMake config files
[9.126s] Level 1:colcon.colcon_core.environment:checking '/home/yamashita/natu2024/install/autoRobo/lib'
[9.128s] Level 1:colcon.colcon_core.environment:checking '/home/yamashita/natu2024/install/autoRobo/bin'
[9.129s] Level 1:colcon.colcon_core.environment:checking '/home/yamashita/natu2024/install/autoRobo/lib/pkgconfig/autoRobo.pc'
[9.130s] Level 1:colcon.colcon_core.environment:checking '/home/yamashita/natu2024/install/autoRobo/lib/python3.10/site-packages'
[9.131s] Level 1:colcon.colcon_core.shell:create_environment_hook('autoRobo', 'pythonpath')
[9.133s] INFO:colcon.colcon_core.shell:Creating environment hook '/home/yamashita/natu2024/install/autoRobo/share/autoRobo/hook/pythonpath.ps1'
[9.136s] INFO:colcon.colcon_core.shell:Creating environment descriptor '/home/yamashita/natu2024/install/autoRobo/share/autoRobo/hook/pythonpath.dsv'
[9.139s] INFO:colcon.colcon_core.shell:Creating environment hook '/home/yamashita/natu2024/install/autoRobo/share/autoRobo/hook/pythonpath.sh'
[9.143s] Level 1:colcon.colcon_core.environment:checking '/home/yamashita/natu2024/install/autoRobo/bin'
[9.144s] Level 1:colcon.colcon_core.environment:create_environment_scripts_only(autoRobo)
[9.146s] INFO:colcon.colcon_core.shell:Creating package script '/home/yamashita/natu2024/install/autoRobo/share/autoRobo/package.ps1'
[9.151s] INFO:colcon.colcon_core.shell:Creating package descriptor '/home/yamashita/natu2024/install/autoRobo/share/autoRobo/package.dsv'
[9.155s] INFO:colcon.colcon_core.shell:Creating package script '/home/yamashita/natu2024/install/autoRobo/share/autoRobo/package.sh'
[9.161s] INFO:colcon.colcon_core.shell:Creating package script '/home/yamashita/natu2024/install/autoRobo/share/autoRobo/package.bash'
[9.165s] INFO:colcon.colcon_core.shell:Creating package script '/home/yamashita/natu2024/install/autoRobo/share/autoRobo/package.zsh'
[9.170s] Level 1:colcon.colcon_core.environment:create_file_with_runtime_dependencies(/home/yamashita/natu2024/install/autoRobo/share/colcon-core/packages/autoRobo)
[9.173s] DEBUG:colcon.colcon_parallel_executor.executor.parallel:closing loop
[9.175s] DEBUG:colcon.colcon_parallel_executor.executor.parallel:loop closed
[9.175s] DEBUG:colcon.colcon_parallel_executor.executor.parallel:run_until_complete finished with '0'
[9.177s] DEBUG:colcon.colcon_core.event_reactor:joining thread
[9.205s] INFO:colcon.colcon_core.plugin_system:Skipping extension 'colcon_notification.desktop_notification.notify_send': Could not find 'notify-send'
[9.206s] INFO:colcon.colcon_core.plugin_system:Skipping extension 'colcon_notification.desktop_notification.terminal_notifier': Not used on non-Darwin systems
[9.206s] INFO:colcon.colcon_core.plugin_system:Skipping extension 'colcon_notification.desktop_notification.win32': Not used on non-Windows systems
[9.207s] INFO:colcon.colcon_notification.desktop_notification:Sending desktop notification using 'notify2'
[9.210s] DEBUG:colcon.colcon_notification.desktop_notification.notify2:Failed to initialize notify2: org.freedesktop.DBus.Error.ServiceUnknown: The name org.freedesktop.Notifications was not provided by any .service files
[9.210s] DEBUG:colcon.colcon_core.event_reactor:joined thread
[9.212s] INFO:colcon.colcon_core.shell:Creating prefix script '/home/yamashita/natu2024/install/local_setup.ps1'
[9.219s] INFO:colcon.colcon_core.shell:Creating prefix util module '/home/yamashita/natu2024/install/_local_setup_util_ps1.py'
[9.230s] INFO:colcon.colcon_core.shell:Creating prefix chain script '/home/yamashita/natu2024/install/setup.ps1'
[9.235s] INFO:colcon.colcon_core.shell:Creating prefix script '/home/yamashita/natu2024/install/local_setup.sh'
[9.240s] INFO:colcon.colcon_core.shell:Creating prefix util module '/home/yamashita/natu2024/install/_local_setup_util_sh.py'
[9.243s] INFO:colcon.colcon_core.shell:Creating prefix chain script '/home/yamashita/natu2024/install/setup.sh'
[9.250s] INFO:colcon.colcon_core.shell:Creating prefix script '/home/yamashita/natu2024/install/local_setup.bash'
[9.255s] INFO:colcon.colcon_core.shell:Creating prefix chain script '/home/yamashita/natu2024/install/setup.bash'
[9.263s] INFO:colcon.colcon_core.shell:Creating prefix script '/home/yamashita/natu2024/install/local_setup.zsh'
[9.268s] INFO:colcon.colcon_core.shell:Creating prefix chain script '/home/yamashita/natu2024/install/setup.zsh'
