[4.585s] Invoking command in '/home/yamashita/natu2024/src/autoRobo': PYTHONPATH=/home/yamashita/natu2024/build/autoRobo/prefix_override:/usr/lib/python3/dist-packages/colcon_core/task/python/colcon_distutils_commands:/home/yamashita/natu2024/install/autoRobo/lib/python3.10/site-packages:${PYTHONPATH} /usr/bin/python3 -W ignore:setup.py install is deprecated setup.py egg_info --egg-base ../../build/autoRobo build --build-base /home/yamashita/natu2024/build/autoRobo/build install --record /home/yamashita/natu2024/build/autoRobo/install.log --single-version-externally-managed install_data
[6.294s] running egg_info
[6.297s] writing ../../build/autoRobo/autoRobo.egg-info/PKG-INFO
[6.300s] writing dependency_links to ../../build/autoRobo/autoRobo.egg-info/dependency_links.txt
[6.301s] writing entry points to ../../build/autoRobo/autoRobo.egg-info/entry_points.txt
[6.301s] writing requirements to ../../build/autoRobo/autoRobo.egg-info/requires.txt
[6.302s] writing top-level names to ../../build/autoRobo/autoRobo.egg-info/top_level.txt
[6.311s] reading manifest file '../../build/autoRobo/autoRobo.egg-info/SOURCES.txt'
[6.315s] writing manifest file '../../build/autoRobo/autoRobo.egg-info/SOURCES.txt'
[6.317s] running build
[6.320s] running build_py
[6.322s] copying autoRobo/ImgProcess.py -> /home/yamashita/natu2024/build/autoRobo/build/lib/autoRobo
[6.323s] running install
[6.327s] running install_lib
[6.328s] copying /home/yamashita/natu2024/build/autoRobo/build/lib/autoRobo/ImgProcess.py -> /home/yamashita/natu2024/install/autoRobo/lib/python3.10/site-packages/autoRobo
[6.337s] byte-compiling /home/yamashita/natu2024/install/autoRobo/lib/python3.10/site-packages/autoRobo/ImgProcess.py to ImgProcess.cpython-310.pyc
[6.347s] running install_data
[6.348s] running install_egg_info
[6.358s] removing '/home/yamashita/natu2024/install/autoRobo/lib/python3.10/site-packages/autoRobo-0.0.0-py3.10.egg-info' (and everything under it)
[6.362s] Copying ../../build/autoRobo/autoRobo.egg-info to /home/yamashita/natu2024/install/autoRobo/lib/python3.10/site-packages/autoRobo-0.0.0-py3.10.egg-info
[6.369s] running install_scripts
[6.475s] Installing ImgProcess script to /home/yamashita/natu2024/install/autoRobo/lib/autoRobo
[6.479s] Installing Loclization script to /home/yamashita/natu2024/install/autoRobo/lib/autoRobo
[6.481s] Installing serial script to /home/yamashita/natu2024/install/autoRobo/lib/autoRobo
[6.485s] writing list of installed files to '/home/yamashita/natu2024/build/autoRobo/install.log'
[6.646s] Invoked command in '/home/yamashita/natu2024/src/autoRobo' returned '0': PYTHONPATH=/home/yamashita/natu2024/build/autoRobo/prefix_override:/usr/lib/python3/dist-packages/colcon_core/task/python/colcon_distutils_commands:/home/yamashita/natu2024/install/autoRobo/lib/python3.10/site-packages:${PYTHONPATH} /usr/bin/python3 -W ignore:setup.py install is deprecated setup.py egg_info --egg-base ../../build/autoRobo build --build-base /home/yamashita/natu2024/build/autoRobo/build install --record /home/yamashita/natu2024/build/autoRobo/install.log --single-version-externally-managed install_data
