[3.518s] Invoking command in '/home/yamashita/natu2024/src/autoRobo': PYTHONPATH=/home/yamashita/natu2024/build/autoRobo/prefix_override:/usr/lib/python3/dist-packages/colcon_core/task/python/colcon_distutils_commands:/home/yamashita/natu2024/install/autoRobo/lib/python3.10/site-packages:${PYTHONPATH} /usr/bin/python3 -W ignore:setup.py install is deprecated setup.py egg_info --egg-base ../../build/autoRobo build --build-base /home/yamashita/natu2024/build/autoRobo/build install --record /home/yamashita/natu2024/build/autoRobo/install.log --single-version-externally-managed install_data
[4.691s] running egg_info
[4.693s] writing ../../build/autoRobo/autoRobo.egg-info/PKG-INFO
[4.694s] writing dependency_links to ../../build/autoRobo/autoRobo.egg-info/dependency_links.txt
[4.695s] writing entry points to ../../build/autoRobo/autoRobo.egg-info/entry_points.txt
[4.696s] writing requirements to ../../build/autoRobo/autoRobo.egg-info/requires.txt
[4.697s] writing top-level names to ../../build/autoRobo/autoRobo.egg-info/top_level.txt
[4.705s] reading manifest file '../../build/autoRobo/autoRobo.egg-info/SOURCES.txt'
[4.709s] writing manifest file '../../build/autoRobo/autoRobo.egg-info/SOURCES.txt'
[4.710s] running build
[4.710s] running build_py
[4.711s] copying autoRobo/operater.py -> /home/yamashita/natu2024/build/autoRobo/build/lib/autoRobo
[4.713s] running install
[4.714s] running install_lib
[4.718s] copying /home/yamashita/natu2024/build/autoRobo/build/lib/autoRobo/operater.py -> /home/yamashita/natu2024/install/autoRobo/lib/python3.10/site-packages/autoRobo
[4.721s] byte-compiling /home/yamashita/natu2024/install/autoRobo/lib/python3.10/site-packages/autoRobo/operater.py to operater.cpython-310.pyc
[4.725s] running install_data
[4.725s] running install_egg_info
[4.733s] removing '/home/yamashita/natu2024/install/autoRobo/lib/python3.10/site-packages/autoRobo-0.0.0-py3.10.egg-info' (and everything under it)
[4.734s] Copying ../../build/autoRobo/autoRobo.egg-info to /home/yamashita/natu2024/install/autoRobo/lib/python3.10/site-packages/autoRobo-0.0.0-py3.10.egg-info
[4.741s] running install_scripts
[4.816s] Installing ImgProcess script to /home/yamashita/natu2024/install/autoRobo/lib/autoRobo
[4.817s] Installing Localization script to /home/yamashita/natu2024/install/autoRobo/lib/autoRobo
[4.818s] Installing operater script to /home/yamashita/natu2024/install/autoRobo/lib/autoRobo
[4.819s] Installing serial script to /home/yamashita/natu2024/install/autoRobo/lib/autoRobo
[4.821s] writing list of installed files to '/home/yamashita/natu2024/build/autoRobo/install.log'
[4.971s] Invoked command in '/home/yamashita/natu2024/src/autoRobo' returned '0': PYTHONPATH=/home/yamashita/natu2024/build/autoRobo/prefix_override:/usr/lib/python3/dist-packages/colcon_core/task/python/colcon_distutils_commands:/home/yamashita/natu2024/install/autoRobo/lib/python3.10/site-packages:${PYTHONPATH} /usr/bin/python3 -W ignore:setup.py install is deprecated setup.py egg_info --egg-base ../../build/autoRobo build --build-base /home/yamashita/natu2024/build/autoRobo/build install --record /home/yamashita/natu2024/build/autoRobo/install.log --single-version-externally-managed install_data
