[3.035s] Invoking command in '/home/yamashita/natu2024/src/autoRobo': PYTHONPATH=/home/yamashita/natu2024/build/autoRobo/prefix_override:/usr/lib/python3/dist-packages/colcon_core/task/python/colcon_distutils_commands:/home/yamashita/natu2024/install/autoRobo/lib/python3.10/site-packages:${PYTHONPATH} /usr/bin/python3 -W ignore:setup.py install is deprecated setup.py egg_info --egg-base ../../build/autoRobo build --build-base /home/yamashita/natu2024/build/autoRobo/build install --record /home/yamashita/natu2024/build/autoRobo/install.log --single-version-externally-managed install_data
[4.227s] running egg_info
[4.229s] writing ../../build/autoRobo/autoRobo.egg-info/PKG-INFO
[4.230s] writing dependency_links to ../../build/autoRobo/autoRobo.egg-info/dependency_links.txt
[4.231s] writing entry points to ../../build/autoRobo/autoRobo.egg-info/entry_points.txt
[4.232s] writing requirements to ../../build/autoRobo/autoRobo.egg-info/requires.txt
[4.233s] writing top-level names to ../../build/autoRobo/autoRobo.egg-info/top_level.txt
[4.242s] reading manifest file '../../build/autoRobo/autoRobo.egg-info/SOURCES.txt'
[4.246s] writing manifest file '../../build/autoRobo/autoRobo.egg-info/SOURCES.txt'
[4.247s] running build
[4.247s] running build_py
[4.248s] copying autoRobo/operater.py -> /home/yamashita/natu2024/build/autoRobo/build/lib/autoRobo
[4.250s] running install
[4.251s] running install_lib
[4.255s] copying /home/yamashita/natu2024/build/autoRobo/build/lib/autoRobo/operater.py -> /home/yamashita/natu2024/install/autoRobo/lib/python3.10/site-packages/autoRobo
[4.259s] byte-compiling /home/yamashita/natu2024/install/autoRobo/lib/python3.10/site-packages/autoRobo/operater.py to operater.cpython-310.pyc
[4.263s] running install_data
[4.264s] running install_egg_info
[4.271s] removing '/home/yamashita/natu2024/install/autoRobo/lib/python3.10/site-packages/autoRobo-0.0.0-py3.10.egg-info' (and everything under it)
[4.273s] Copying ../../build/autoRobo/autoRobo.egg-info to /home/yamashita/natu2024/install/autoRobo/lib/python3.10/site-packages/autoRobo-0.0.0-py3.10.egg-info
[4.279s] running install_scripts
[4.355s] Installing ImgProcess script to /home/yamashita/natu2024/install/autoRobo/lib/autoRobo
[4.356s] Installing Localization script to /home/yamashita/natu2024/install/autoRobo/lib/autoRobo
[4.357s] Installing operater script to /home/yamashita/natu2024/install/autoRobo/lib/autoRobo
[4.358s] Installing serial script to /home/yamashita/natu2024/install/autoRobo/lib/autoRobo
[4.360s] writing list of installed files to '/home/yamashita/natu2024/build/autoRobo/install.log'
[4.491s] Invoked command in '/home/yamashita/natu2024/src/autoRobo' returned '0': PYTHONPATH=/home/yamashita/natu2024/build/autoRobo/prefix_override:/usr/lib/python3/dist-packages/colcon_core/task/python/colcon_distutils_commands:/home/yamashita/natu2024/install/autoRobo/lib/python3.10/site-packages:${PYTHONPATH} /usr/bin/python3 -W ignore:setup.py install is deprecated setup.py egg_info --egg-base ../../build/autoRobo build --build-base /home/yamashita/natu2024/build/autoRobo/build install --record /home/yamashita/natu2024/build/autoRobo/install.log --single-version-externally-managed install_data
