[3.111s] Invoking command in '/home/yamashita/natu2024/src/autoRobo': PYTHONPATH=/home/yamashita/natu2024/build/autoRobo/prefix_override:/usr/lib/python3/dist-packages/colcon_core/task/python/colcon_distutils_commands:/home/yamashita/natu2024/install/autoRobo/lib/python3.10/site-packages:${PYTHONPATH} /usr/bin/python3 -W ignore:setup.py install is deprecated setup.py egg_info --egg-base ../../build/autoRobo build --build-base /home/yamashita/natu2024/build/autoRobo/build install --record /home/yamashita/natu2024/build/autoRobo/install.log --single-version-externally-managed install_data
[4.316s] running egg_info
[4.319s] writing ../../build/autoRobo/autoRobo.egg-info/PKG-INFO
[4.320s] writing dependency_links to ../../build/autoRobo/autoRobo.egg-info/dependency_links.txt
[4.321s] writing entry points to ../../build/autoRobo/autoRobo.egg-info/entry_points.txt
[4.322s] writing requirements to ../../build/autoRobo/autoRobo.egg-info/requires.txt
[4.322s] writing top-level names to ../../build/autoRobo/autoRobo.egg-info/top_level.txt
[4.331s] reading manifest file '../../build/autoRobo/autoRobo.egg-info/SOURCES.txt'
[4.335s] writing manifest file '../../build/autoRobo/autoRobo.egg-info/SOURCES.txt'
[4.336s] running build
[4.336s] running build_py
[4.339s] running install
[4.340s] running install_lib
[4.346s] running install_data
[4.347s] copying launch/autoRobo.launch.py -> /home/yamashita/natu2024/install/autoRobo/share/autoRobo
[4.347s] running install_egg_info
[4.354s] removing '/home/yamashita/natu2024/install/autoRobo/lib/python3.10/site-packages/autoRobo-0.0.0-py3.10.egg-info' (and everything under it)
[4.356s] Copying ../../build/autoRobo/autoRobo.egg-info to /home/yamashita/natu2024/install/autoRobo/lib/python3.10/site-packages/autoRobo-0.0.0-py3.10.egg-info
[4.363s] running install_scripts
[4.439s] Installing ImgProcess script to /home/yamashita/natu2024/install/autoRobo/lib/autoRobo
[4.439s] Installing Localization script to /home/yamashita/natu2024/install/autoRobo/lib/autoRobo
[4.440s] Installing operater script to /home/yamashita/natu2024/install/autoRobo/lib/autoRobo
[4.441s] Installing serial script to /home/yamashita/natu2024/install/autoRobo/lib/autoRobo
[4.443s] writing list of installed files to '/home/yamashita/natu2024/build/autoRobo/install.log'
[4.571s] Invoked command in '/home/yamashita/natu2024/src/autoRobo' returned '0': PYTHONPATH=/home/yamashita/natu2024/build/autoRobo/prefix_override:/usr/lib/python3/dist-packages/colcon_core/task/python/colcon_distutils_commands:/home/yamashita/natu2024/install/autoRobo/lib/python3.10/site-packages:${PYTHONPATH} /usr/bin/python3 -W ignore:setup.py install is deprecated setup.py egg_info --egg-base ../../build/autoRobo build --build-base /home/yamashita/natu2024/build/autoRobo/build install --record /home/yamashita/natu2024/build/autoRobo/install.log --single-version-externally-managed install_data
