[3.086s] Invoking command in '/home/yamashita/natu2024/src/autoRobo': PYTHONPATH=/home/yamashita/natu2024/build/autoRobo/prefix_override:/usr/lib/python3/dist-packages/colcon_core/task/python/colcon_distutils_commands:/home/yamashita/natu2024/install/autoRobo/lib/python3.10/site-packages:${PYTHONPATH} /usr/bin/python3 -W ignore:setup.py install is deprecated setup.py egg_info --egg-base ../../build/autoRobo build --build-base /home/yamashita/natu2024/build/autoRobo/build install --record /home/yamashita/natu2024/build/autoRobo/install.log --single-version-externally-managed install_data
[4.274s] running egg_info
[4.276s] writing ../../build/autoRobo/autoRobo.egg-info/PKG-INFO
[4.277s] writing dependency_links to ../../build/autoRobo/autoRobo.egg-info/dependency_links.txt
[4.278s] writing entry points to ../../build/autoRobo/autoRobo.egg-info/entry_points.txt
[4.279s] writing requirements to ../../build/autoRobo/autoRobo.egg-info/requires.txt
[4.280s] writing top-level names to ../../build/autoRobo/autoRobo.egg-info/top_level.txt
[4.288s] reading manifest file '../../build/autoRobo/autoRobo.egg-info/SOURCES.txt'
[4.292s] writing manifest file '../../build/autoRobo/autoRobo.egg-info/SOURCES.txt'
[4.293s] running build
[4.294s] running build_py
[4.295s] copying autoRobo/operater.py -> /home/yamashita/natu2024/build/autoRobo/build/lib/autoRobo
[4.296s] running install
[4.297s] running install_lib
[4.301s] copying /home/yamashita/natu2024/build/autoRobo/build/lib/autoRobo/operater.py -> /home/yamashita/natu2024/install/autoRobo/lib/python3.10/site-packages/autoRobo
[4.304s] byte-compiling /home/yamashita/natu2024/install/autoRobo/lib/python3.10/site-packages/autoRobo/operater.py to operater.cpython-310.pyc
[4.308s] running install_data
[4.309s] running install_egg_info
[4.315s] removing '/home/yamashita/natu2024/install/autoRobo/lib/python3.10/site-packages/autoRobo-0.0.0-py3.10.egg-info' (and everything under it)
[4.317s] Copying ../../build/autoRobo/autoRobo.egg-info to /home/yamashita/natu2024/install/autoRobo/lib/python3.10/site-packages/autoRobo-0.0.0-py3.10.egg-info
[4.323s] running install_scripts
[4.398s] Installing ImgProcess script to /home/yamashita/natu2024/install/autoRobo/lib/autoRobo
[4.399s] Installing Localization script to /home/yamashita/natu2024/install/autoRobo/lib/autoRobo
[4.400s] Installing operater script to /home/yamashita/natu2024/install/autoRobo/lib/autoRobo
[4.401s] Installing serial script to /home/yamashita/natu2024/install/autoRobo/lib/autoRobo
[4.404s] writing list of installed files to '/home/yamashita/natu2024/build/autoRobo/install.log'
[4.541s] Invoked command in '/home/yamashita/natu2024/src/autoRobo' returned '0': PYTHONPATH=/home/yamashita/natu2024/build/autoRobo/prefix_override:/usr/lib/python3/dist-packages/colcon_core/task/python/colcon_distutils_commands:/home/yamashita/natu2024/install/autoRobo/lib/python3.10/site-packages:${PYTHONPATH} /usr/bin/python3 -W ignore:setup.py install is deprecated setup.py egg_info --egg-base ../../build/autoRobo build --build-base /home/yamashita/natu2024/build/autoRobo/build install --record /home/yamashita/natu2024/build/autoRobo/install.log --single-version-externally-managed install_data
