[3.736s] Invoking command in '/home/yamashita/natu2024/src/autoRobo': PYTHONPATH=/home/yamashita/natu2024/build/autoRobo/prefix_override:/usr/lib/python3/dist-packages/colcon_core/task/python/colcon_distutils_commands:/home/yamashita/natu2024/install/autoRobo/lib/python3.10/site-packages:${PYTHONPATH} /usr/bin/python3 -W ignore:setup.py install is deprecated setup.py egg_info --egg-base ../../build/autoRobo build --build-base /home/yamashita/natu2024/build/autoRobo/build install --record /home/yamashita/natu2024/build/autoRobo/install.log --single-version-externally-managed install_data
[5.205s] running egg_info
[5.207s] writing ../../build/autoRobo/autoRobo.egg-info/PKG-INFO
[5.209s] writing dependency_links to ../../build/autoRobo/autoRobo.egg-info/dependency_links.txt
[5.210s] writing entry points to ../../build/autoRobo/autoRobo.egg-info/entry_points.txt
[5.211s] writing requirements to ../../build/autoRobo/autoRobo.egg-info/requires.txt
[5.212s] writing top-level names to ../../build/autoRobo/autoRobo.egg-info/top_level.txt
[5.225s] reading manifest file '../../build/autoRobo/autoRobo.egg-info/SOURCES.txt'
[5.229s] writing manifest file '../../build/autoRobo/autoRobo.egg-info/SOURCES.txt'
[5.230s] running build
[5.231s] running build_py
[5.231s] copying autoRobo/localization.py -> /home/yamashita/natu2024/build/autoRobo/build/lib/autoRobo
[5.234s] running install
[5.236s] running install_lib
[5.242s] copying /home/yamashita/natu2024/build/autoRobo/build/lib/autoRobo/localization.py -> /home/yamashita/natu2024/install/autoRobo/lib/python3.10/site-packages/autoRobo
[5.250s] byte-compiling /home/yamashita/natu2024/install/autoRobo/lib/python3.10/site-packages/autoRobo/localization.py to localization.cpython-310.pyc
[5.259s] running install_data
[5.260s] running install_egg_info
[5.268s] removing '/home/yamashita/natu2024/install/autoRobo/lib/python3.10/site-packages/autoRobo-0.0.0-py3.10.egg-info' (and everything under it)
[5.270s] Copying ../../build/autoRobo/autoRobo.egg-info to /home/yamashita/natu2024/install/autoRobo/lib/python3.10/site-packages/autoRobo-0.0.0-py3.10.egg-info
[5.276s] running install_scripts
[5.354s] Installing ImgProcess script to /home/yamashita/natu2024/install/autoRobo/lib/autoRobo
[5.355s] Installing Localization script to /home/yamashita/natu2024/install/autoRobo/lib/autoRobo
[5.355s] Installing serial script to /home/yamashita/natu2024/install/autoRobo/lib/autoRobo
[5.357s] writing list of installed files to '/home/yamashita/natu2024/build/autoRobo/install.log'
[5.501s] Invoked command in '/home/yamashita/natu2024/src/autoRobo' returned '0': PYTHONPATH=/home/yamashita/natu2024/build/autoRobo/prefix_override:/usr/lib/python3/dist-packages/colcon_core/task/python/colcon_distutils_commands:/home/yamashita/natu2024/install/autoRobo/lib/python3.10/site-packages:${PYTHONPATH} /usr/bin/python3 -W ignore:setup.py install is deprecated setup.py egg_info --egg-base ../../build/autoRobo build --build-base /home/yamashita/natu2024/build/autoRobo/build install --record /home/yamashita/natu2024/build/autoRobo/install.log --single-version-externally-managed install_data
