running egg_info
creating ../../build/autoRobo/autoRobo.egg-info
writing ../../build/autoRobo/autoRobo.egg-info/PKG-INFO
writing dependency_links to ../../build/autoRobo/autoRobo.egg-info/dependency_links.txt
writing entry points to ../../build/autoRobo/autoRobo.egg-info/entry_points.txt
writing requirements to ../../build/autoRobo/autoRobo.egg-info/requires.txt
writing top-level names to ../../build/autoRobo/autoRobo.egg-info/top_level.txt
writing manifest file '../../build/autoRobo/autoRobo.egg-info/SOURCES.txt'
reading manifest file '../../build/autoRobo/autoRobo.egg-info/SOURCES.txt'
writing manifest file '../../build/autoRobo/autoRobo.egg-info/SOURCES.txt'
running build
running build_py
creating /home/yamashita/natu2024/build/autoRobo/build
creating /home/yamashita/natu2024/build/autoRobo/build/lib
creating /home/yamashita/natu2024/build/autoRobo/build/lib/autoRobo
copying autoRobo/__init__.py -> /home/yamashita/natu2024/build/autoRobo/build/lib/autoRobo
copying autoRobo/ImgProcess.py -> /home/yamashita/natu2024/build/autoRobo/build/lib/autoRobo
running install
running install_lib
creating /home/yamashita/natu2024/install/autoRobo/lib/python3.10/site-packages/autoRobo
copying /home/yamashita/natu2024/build/autoRobo/build/lib/autoRobo/__init__.py -> /home/yamashita/natu2024/install/autoRobo/lib/python3.10/site-packages/autoRobo
copying /home/yamashita/natu2024/build/autoRobo/build/lib/autoRobo/ImgProcess.py -> /home/yamashita/natu2024/install/autoRobo/lib/python3.10/site-packages/autoRobo
byte-compiling /home/yamashita/natu2024/install/autoRobo/lib/python3.10/site-packages/autoRobo/__init__.py to __init__.cpython-310.pyc
byte-compiling /home/yamashita/natu2024/install/autoRobo/lib/python3.10/site-packages/autoRobo/ImgProcess.py to ImgProcess.cpython-310.pyc
running install_data
creating /home/yamashita/natu2024/install/autoRobo/share/ament_index
creating /home/yamashita/natu2024/install/autoRobo/share/ament_index/resource_index
creating /home/yamashita/natu2024/install/autoRobo/share/ament_index/resource_index/packages
copying resource/autoRobo -> /home/yamashita/natu2024/install/autoRobo/share/ament_index/resource_index/packages
copying package.xml -> /home/yamashita/natu2024/install/autoRobo/share/autoRobo
running install_egg_info
Copying ../../build/autoRobo/autoRobo.egg-info to /home/yamashita/natu2024/install/autoRobo/lib/python3.10/site-packages/autoRobo-0.0.0-py3.10.egg-info
running install_scripts
writing list of installed files to '/home/yamashita/natu2024/build/autoRobo/install.log'
