[3.478s] Invoking command in '/home/yamashita/natu2024/src/autoRobo': PYTHONPATH=/home/yamashita/natu2024/build/autoRobo/prefix_override:/usr/lib/python3/dist-packages/colcon_core/task/python/colcon_distutils_commands:/home/yamashita/natu2024/install/autoRobo/lib/python3.10/site-packages:${PYTHONPATH} /usr/bin/python3 -W ignore:setup.py install is deprecated setup.py egg_info --egg-base ../../build/autoRobo build --build-base /home/yamashita/natu2024/build/autoRobo/build install --record /home/yamashita/natu2024/build/autoRobo/install.log --single-version-externally-managed install_data
[4.657s] running egg_info
[4.659s] creating ../../build/autoRobo/autoRobo.egg-info
[4.660s] writing ../../build/autoRobo/autoRobo.egg-info/PKG-INFO
[4.662s] writing dependency_links to ../../build/autoRobo/autoRobo.egg-info/dependency_links.txt
[4.662s] writing entry points to ../../build/autoRobo/autoRobo.egg-info/entry_points.txt
[4.663s] writing requirements to ../../build/autoRobo/autoRobo.egg-info/requires.txt
[4.664s] writing top-level names to ../../build/autoRobo/autoRobo.egg-info/top_level.txt
[4.665s] writing manifest file '../../build/autoRobo/autoRobo.egg-info/SOURCES.txt'
[4.675s] reading manifest file '../../build/autoRobo/autoRobo.egg-info/SOURCES.txt'
[4.679s] writing manifest file '../../build/autoRobo/autoRobo.egg-info/SOURCES.txt'
[4.680s] running build
[4.681s] running build_py
[4.682s] creating /home/yamashita/natu2024/build/autoRobo/build
[4.683s] creating /home/yamashita/natu2024/build/autoRobo/build/lib
[4.684s] creating /home/yamashita/natu2024/build/autoRobo/build/lib/autoRobo
[4.685s] copying autoRobo/__init__.py -> /home/yamashita/natu2024/build/autoRobo/build/lib/autoRobo
[4.685s] copying autoRobo/ImgProcess.py -> /home/yamashita/natu2024/build/autoRobo/build/lib/autoRobo
[4.686s] running install
[4.687s] running install_lib
[4.691s] creating /home/yamashita/natu2024/install/autoRobo/lib/python3.10/site-packages/autoRobo
[4.691s] copying /home/yamashita/natu2024/build/autoRobo/build/lib/autoRobo/__init__.py -> /home/yamashita/natu2024/install/autoRobo/lib/python3.10/site-packages/autoRobo
[4.692s] copying /home/yamashita/natu2024/build/autoRobo/build/lib/autoRobo/ImgProcess.py -> /home/yamashita/natu2024/install/autoRobo/lib/python3.10/site-packages/autoRobo
[4.695s] byte-compiling /home/yamashita/natu2024/install/autoRobo/lib/python3.10/site-packages/autoRobo/__init__.py to __init__.cpython-310.pyc
[4.697s] byte-compiling /home/yamashita/natu2024/install/autoRobo/lib/python3.10/site-packages/autoRobo/ImgProcess.py to ImgProcess.cpython-310.pyc
[4.707s] running install_data
[4.708s] creating /home/yamashita/natu2024/install/autoRobo/share/ament_index
[4.710s] creating /home/yamashita/natu2024/install/autoRobo/share/ament_index/resource_index
[4.711s] creating /home/yamashita/natu2024/install/autoRobo/share/ament_index/resource_index/packages
[4.712s] copying resource/autoRobo -> /home/yamashita/natu2024/install/autoRobo/share/ament_index/resource_index/packages
[4.712s] copying package.xml -> /home/yamashita/natu2024/install/autoRobo/share/autoRobo
[4.713s] running install_egg_info
[4.719s] Copying ../../build/autoRobo/autoRobo.egg-info to /home/yamashita/natu2024/install/autoRobo/lib/python3.10/site-packages/autoRobo-0.0.0-py3.10.egg-info
[4.725s] running install_scripts
[4.797s] writing list of installed files to '/home/yamashita/natu2024/build/autoRobo/install.log'
[4.950s] Invoked command in '/home/yamashita/natu2024/src/autoRobo' returned '0': PYTHONPATH=/home/yamashita/natu2024/build/autoRobo/prefix_override:/usr/lib/python3/dist-packages/colcon_core/task/python/colcon_distutils_commands:/home/yamashita/natu2024/install/autoRobo/lib/python3.10/site-packages:${PYTHONPATH} /usr/bin/python3 -W ignore:setup.py install is deprecated setup.py egg_info --egg-base ../../build/autoRobo build --build-base /home/yamashita/natu2024/build/autoRobo/build install --record /home/yamashita/natu2024/build/autoRobo/install.log --single-version-externally-managed install_data
