[3.084s] Invoking command in '/home/yamashita/natu2024/src/autoRobo': PYTHONPATH=/home/yamashita/natu2024/build/autoRobo/prefix_override:/usr/lib/python3/dist-packages/colcon_core/task/python/colcon_distutils_commands:/home/yamashita/natu2024/install/autoRobo/lib/python3.10/site-packages:${PYTHONPATH} /usr/bin/python3 -W ignore:setup.py install is deprecated setup.py egg_info --egg-base ../../build/autoRobo build --build-base /home/yamashita/natu2024/build/autoRobo/build install --record /home/yamashita/natu2024/build/autoRobo/install.log --single-version-externally-managed install_data
[4.271s] running egg_info
[4.274s] writing ../../build/autoRobo/autoRobo.egg-info/PKG-INFO
[4.275s] writing dependency_links to ../../build/autoRobo/autoRobo.egg-info/dependency_links.txt
[4.276s] writing entry points to ../../build/autoRobo/autoRobo.egg-info/entry_points.txt
[4.276s] writing requirements to ../../build/autoRobo/autoRobo.egg-info/requires.txt
[4.277s] writing top-level names to ../../build/autoRobo/autoRobo.egg-info/top_level.txt
[4.286s] reading manifest file '../../build/autoRobo/autoRobo.egg-info/SOURCES.txt'
[4.289s] writing manifest file '../../build/autoRobo/autoRobo.egg-info/SOURCES.txt'
[4.290s] running build
[4.291s] running build_py
[4.291s] copying autoRobo/localization.py -> /home/yamashita/natu2024/build/autoRobo/build/lib/autoRobo
[4.293s] running install
[4.294s] running install_lib
[4.298s] copying /home/yamashita/natu2024/build/autoRobo/build/lib/autoRobo/localization.py -> /home/yamashita/natu2024/install/autoRobo/lib/python3.10/site-packages/autoRobo
[4.301s] byte-compiling /home/yamashita/natu2024/install/autoRobo/lib/python3.10/site-packages/autoRobo/localization.py to localization.cpython-310.pyc
[4.306s] running install_data
[4.306s] running install_egg_info
[4.315s] removing '/home/yamashita/natu2024/install/autoRobo/lib/python3.10/site-packages/autoRobo-0.0.0-py3.10.egg-info' (and everything under it)
[4.317s] Copying ../../build/autoRobo/autoRobo.egg-info to /home/yamashita/natu2024/install/autoRobo/lib/python3.10/site-packages/autoRobo-0.0.0-py3.10.egg-info
[4.323s] running install_scripts
[4.404s] Installing ImgProcess script to /home/yamashita/natu2024/install/autoRobo/lib/autoRobo
[4.405s] Installing Loclization script to /home/yamashita/natu2024/install/autoRobo/lib/autoRobo
[4.406s] Installing serial script to /home/yamashita/natu2024/install/autoRobo/lib/autoRobo
[4.408s] writing list of installed files to '/home/yamashita/natu2024/build/autoRobo/install.log'
[4.563s] Invoked command in '/home/yamashita/natu2024/src/autoRobo' returned '0': PYTHONPATH=/home/yamashita/natu2024/build/autoRobo/prefix_override:/usr/lib/python3/dist-packages/colcon_core/task/python/colcon_distutils_commands:/home/yamashita/natu2024/install/autoRobo/lib/python3.10/site-packages:${PYTHONPATH} /usr/bin/python3 -W ignore:setup.py install is deprecated setup.py egg_info --egg-base ../../build/autoRobo build --build-base /home/yamashita/natu2024/build/autoRobo/build install --record /home/yamashita/natu2024/build/autoRobo/install.log --single-version-externally-managed install_data
