[4.421s] Invoking command in '/home/yamashita/natu2024/src/autoRobo': PYTHONPATH=/home/yamashita/natu2024/build/autoRobo/prefix_override:/usr/lib/python3/dist-packages/colcon_core/task/python/colcon_distutils_commands:/home/yamashita/natu2024/install/autoRobo/lib/python3.10/site-packages:${PYTHONPATH} /usr/bin/python3 -W ignore:setup.py install is deprecated setup.py egg_info --egg-base ../../build/autoRobo build --build-base /home/yamashita/natu2024/build/autoRobo/build install --record /home/yamashita/natu2024/build/autoRobo/install.log --single-version-externally-managed install_data
[6.224s] running egg_info
[6.227s] writing ../../build/autoRobo/autoRobo.egg-info/PKG-INFO
[6.233s] writing dependency_links to ../../build/autoRobo/autoRobo.egg-info/dependency_links.txt
[6.234s] writing entry points to ../../build/autoRobo/autoRobo.egg-info/entry_points.txt
[6.237s] writing requirements to ../../build/autoRobo/autoRobo.egg-info/requires.txt
[6.238s] writing top-level names to ../../build/autoRobo/autoRobo.egg-info/top_level.txt
[6.249s] reading manifest file '../../build/autoRobo/autoRobo.egg-info/SOURCES.txt'
[6.254s] writing manifest file '../../build/autoRobo/autoRobo.egg-info/SOURCES.txt'
[6.255s] running build
[6.256s] running build_py
[6.258s] running install
[6.260s] running install_lib
[6.272s] running install_data
[6.274s] running install_egg_info
[6.283s] removing '/home/yamashita/natu2024/install/autoRobo/lib/python3.10/site-packages/autoRobo-0.0.0-py3.10.egg-info' (and everything under it)
[6.285s] Copying ../../build/autoRobo/autoRobo.egg-info to /home/yamashita/natu2024/install/autoRobo/lib/python3.10/site-packages/autoRobo-0.0.0-py3.10.egg-info
[6.295s] running install_scripts
[6.409s] Installing ImgProcess script to /home/yamashita/natu2024/install/autoRobo/lib/autoRobo
[6.410s] Installing Loclization script to /home/yamashita/natu2024/install/autoRobo/lib/autoRobo
[6.413s] Installing serial script to /home/yamashita/natu2024/install/autoRobo/lib/autoRobo
[6.415s] writing list of installed files to '/home/yamashita/natu2024/build/autoRobo/install.log'
[6.688s] Invoked command in '/home/yamashita/natu2024/src/autoRobo' returned '0': PYTHONPATH=/home/yamashita/natu2024/build/autoRobo/prefix_override:/usr/lib/python3/dist-packages/colcon_core/task/python/colcon_distutils_commands:/home/yamashita/natu2024/install/autoRobo/lib/python3.10/site-packages:${PYTHONPATH} /usr/bin/python3 -W ignore:setup.py install is deprecated setup.py egg_info --egg-base ../../build/autoRobo build --build-base /home/yamashita/natu2024/build/autoRobo/build install --record /home/yamashita/natu2024/build/autoRobo/install.log --single-version-externally-managed install_data
