[3.455s] Invoking command in '/home/yamashita/natu2024/src/autoRobo': PYTHONPATH=/home/yamashita/natu2024/build/autoRobo/prefix_override:/usr/lib/python3/dist-packages/colcon_core/task/python/colcon_distutils_commands:/home/yamashita/natu2024/install/autoRobo/lib/python3.10/site-packages:${PYTHONPATH} /usr/bin/python3 -W ignore:setup.py install is deprecated setup.py egg_info --egg-base ../../build/autoRobo build --build-base /home/yamashita/natu2024/build/autoRobo/build install --record /home/yamashita/natu2024/build/autoRobo/install.log --single-version-externally-managed install_data
[4.591s] running egg_info
[4.593s] writing ../../build/autoRobo/autoRobo.egg-info/PKG-INFO
[4.595s] writing dependency_links to ../../build/autoRobo/autoRobo.egg-info/dependency_links.txt
[4.596s] writing entry points to ../../build/autoRobo/autoRobo.egg-info/entry_points.txt
[4.597s] writing requirements to ../../build/autoRobo/autoRobo.egg-info/requires.txt
[4.597s] writing top-level names to ../../build/autoRobo/autoRobo.egg-info/top_level.txt
[4.606s] reading manifest file '../../build/autoRobo/autoRobo.egg-info/SOURCES.txt'
[4.611s] writing manifest file '../../build/autoRobo/autoRobo.egg-info/SOURCES.txt'
[4.611s] running build
[4.612s] running build_py
[4.614s] copying autoRobo/serial.py -> /home/yamashita/natu2024/build/autoRobo/build/lib/autoRobo
[4.617s] running install
[4.618s] running install_lib
[4.621s] copying /home/yamashita/natu2024/build/autoRobo/build/lib/autoRobo/serial.py -> /home/yamashita/natu2024/install/autoRobo/lib/python3.10/site-packages/autoRobo
[4.626s] byte-compiling /home/yamashita/natu2024/install/autoRobo/lib/python3.10/site-packages/autoRobo/serial.py to serial.cpython-310.pyc
[4.630s] running install_data
[4.632s] running install_egg_info
[4.640s] removing '/home/yamashita/natu2024/install/autoRobo/lib/python3.10/site-packages/autoRobo-0.0.0-py3.10.egg-info' (and everything under it)
[4.642s] Copying ../../build/autoRobo/autoRobo.egg-info to /home/yamashita/natu2024/install/autoRobo/lib/python3.10/site-packages/autoRobo-0.0.0-py3.10.egg-info
[4.648s] running install_scripts
[4.723s] Installing ImgProcess script to /home/yamashita/natu2024/install/autoRobo/lib/autoRobo
[4.724s] Installing Localization script to /home/yamashita/natu2024/install/autoRobo/lib/autoRobo
[4.725s] Installing serial script to /home/yamashita/natu2024/install/autoRobo/lib/autoRobo
[4.726s] writing list of installed files to '/home/yamashita/natu2024/build/autoRobo/install.log'
[4.849s] Invoked command in '/home/yamashita/natu2024/src/autoRobo' returned '0': PYTHONPATH=/home/yamashita/natu2024/build/autoRobo/prefix_override:/usr/lib/python3/dist-packages/colcon_core/task/python/colcon_distutils_commands:/home/yamashita/natu2024/install/autoRobo/lib/python3.10/site-packages:${PYTHONPATH} /usr/bin/python3 -W ignore:setup.py install is deprecated setup.py egg_info --egg-base ../../build/autoRobo build --build-base /home/yamashita/natu2024/build/autoRobo/build install --record /home/yamashita/natu2024/build/autoRobo/install.log --single-version-externally-managed install_data
