[3.044s] Invoking command in '/home/yamashita/natu2024/src/autoRobo': PYTHONPATH=/home/yamashita/natu2024/build/autoRobo/prefix_override:/usr/lib/python3/dist-packages/colcon_core/task/python/colcon_distutils_commands:/home/yamashita/natu2024/install/autoRobo/lib/python3.10/site-packages:${PYTHONPATH} /usr/bin/python3 -W ignore:setup.py install is deprecated setup.py egg_info --egg-base ../../build/autoRobo build --build-base /home/yamashita/natu2024/build/autoRobo/build install --record /home/yamashita/natu2024/build/autoRobo/install.log --single-version-externally-managed install_data
[4.229s] running egg_info
[4.231s] writing ../../build/autoRobo/autoRobo.egg-info/PKG-INFO
[4.232s] writing dependency_links to ../../build/autoRobo/autoRobo.egg-info/dependency_links.txt
[4.233s] writing entry points to ../../build/autoRobo/autoRobo.egg-info/entry_points.txt
[4.234s] writing requirements to ../../build/autoRobo/autoRobo.egg-info/requires.txt
[4.235s] writing top-level names to ../../build/autoRobo/autoRobo.egg-info/top_level.txt
[4.244s] reading manifest file '../../build/autoRobo/autoRobo.egg-info/SOURCES.txt'
[4.248s] writing manifest file '../../build/autoRobo/autoRobo.egg-info/SOURCES.txt'
[4.249s] running build
[4.249s] running build_py
[4.251s] copying autoRobo/ImgProcess.py -> /home/yamashita/natu2024/build/autoRobo/build/lib/autoRobo
[4.252s] running install
[4.253s] running install_lib
[4.258s] copying /home/yamashita/natu2024/build/autoRobo/build/lib/autoRobo/ImgProcess.py -> /home/yamashita/natu2024/install/autoRobo/lib/python3.10/site-packages/autoRobo
[4.261s] byte-compiling /home/yamashita/natu2024/install/autoRobo/lib/python3.10/site-packages/autoRobo/ImgProcess.py to ImgProcess.cpython-310.pyc
[4.272s] running install_data
[4.273s] running install_egg_info
[4.280s] removing '/home/yamashita/natu2024/install/autoRobo/lib/python3.10/site-packages/autoRobo-0.0.0-py3.10.egg-info' (and everything under it)
[4.282s] Copying ../../build/autoRobo/autoRobo.egg-info to /home/yamashita/natu2024/install/autoRobo/lib/python3.10/site-packages/autoRobo-0.0.0-py3.10.egg-info
[4.288s] running install_scripts
[4.361s] Installing ImgProcess script to /home/yamashita/natu2024/install/autoRobo/lib/autoRobo
[4.362s] Installing Loclization script to /home/yamashita/natu2024/install/autoRobo/lib/autoRobo
[4.363s] Installing serial script to /home/yamashita/natu2024/install/autoRobo/lib/autoRobo
[4.365s] writing list of installed files to '/home/yamashita/natu2024/build/autoRobo/install.log'
[4.490s] Invoked command in '/home/yamashita/natu2024/src/autoRobo' returned '0': PYTHONPATH=/home/yamashita/natu2024/build/autoRobo/prefix_override:/usr/lib/python3/dist-packages/colcon_core/task/python/colcon_distutils_commands:/home/yamashita/natu2024/install/autoRobo/lib/python3.10/site-packages:${PYTHONPATH} /usr/bin/python3 -W ignore:setup.py install is deprecated setup.py egg_info --egg-base ../../build/autoRobo build --build-base /home/yamashita/natu2024/build/autoRobo/build install --record /home/yamashita/natu2024/build/autoRobo/install.log --single-version-externally-managed install_data
