[4.008s] Invoking command in '/home/yamashita/natu2024/src/autoRobo': PYTHONPATH=/home/yamashita/natu2024/build/autoRobo/prefix_override:/usr/lib/python3/dist-packages/colcon_core/task/python/colcon_distutils_commands:/home/yamashita/natu2024/install/autoRobo/lib/python3.10/site-packages:${PYTHONPATH} /usr/bin/python3 -W ignore:setup.py install is deprecated setup.py egg_info --egg-base ../../build/autoRobo build --build-base /home/yamashita/natu2024/build/autoRobo/build install --record /home/yamashita/natu2024/build/autoRobo/install.log --single-version-externally-managed install_data
[5.534s] running egg_info
[5.537s] writing ../../build/autoRobo/autoRobo.egg-info/PKG-INFO
[5.539s] writing dependency_links to ../../build/autoRobo/autoRobo.egg-info/dependency_links.txt
[5.540s] writing entry points to ../../build/autoRobo/autoRobo.egg-info/entry_points.txt
[5.542s] writing requirements to ../../build/autoRobo/autoRobo.egg-info/requires.txt
[5.542s] writing top-level names to ../../build/autoRobo/autoRobo.egg-info/top_level.txt
[5.554s] reading manifest file '../../build/autoRobo/autoRobo.egg-info/SOURCES.txt'
[5.558s] writing manifest file '../../build/autoRobo/autoRobo.egg-info/SOURCES.txt'
[5.560s] running build
[5.560s] running build_py
[5.561s] copying autoRobo/ImgProcess.py -> /home/yamashita/natu2024/build/autoRobo/build/lib/autoRobo
[5.563s] running install
[5.565s] running install_lib
[5.570s] copying /home/yamashita/natu2024/build/autoRobo/build/lib/autoRobo/ImgProcess.py -> /home/yamashita/natu2024/install/autoRobo/lib/python3.10/site-packages/autoRobo
[5.575s] byte-compiling /home/yamashita/natu2024/install/autoRobo/lib/python3.10/site-packages/autoRobo/ImgProcess.py to ImgProcess.cpython-310.pyc
[5.588s] running install_data
[5.589s] running install_egg_info
[5.598s] removing '/home/yamashita/natu2024/install/autoRobo/lib/python3.10/site-packages/autoRobo-0.0.0-py3.10.egg-info' (and everything under it)
[5.600s] Copying ../../build/autoRobo/autoRobo.egg-info to /home/yamashita/natu2024/install/autoRobo/lib/python3.10/site-packages/autoRobo-0.0.0-py3.10.egg-info
[5.608s] running install_scripts
[5.702s] Installing ImgProcess script to /home/yamashita/natu2024/install/autoRobo/lib/autoRobo
[5.704s] Installing Loclization script to /home/yamashita/natu2024/install/autoRobo/lib/autoRobo
[5.705s] Installing serial script to /home/yamashita/natu2024/install/autoRobo/lib/autoRobo
[5.709s] writing list of installed files to '/home/yamashita/natu2024/build/autoRobo/install.log'
[5.884s] Invoked command in '/home/yamashita/natu2024/src/autoRobo' returned '0': PYTHONPATH=/home/yamashita/natu2024/build/autoRobo/prefix_override:/usr/lib/python3/dist-packages/colcon_core/task/python/colcon_distutils_commands:/home/yamashita/natu2024/install/autoRobo/lib/python3.10/site-packages:${PYTHONPATH} /usr/bin/python3 -W ignore:setup.py install is deprecated setup.py egg_info --egg-base ../../build/autoRobo build --build-base /home/yamashita/natu2024/build/autoRobo/build install --record /home/yamashita/natu2024/build/autoRobo/install.log --single-version-externally-managed install_data
