[3.073s] Invoking command in '/home/yamashita/natu2024/src/autoRobo': PYTHONPATH=/home/yamashita/natu2024/build/autoRobo/prefix_override:/usr/lib/python3/dist-packages/colcon_core/task/python/colcon_distutils_commands:/home/yamashita/natu2024/install/autoRobo/lib/python3.10/site-packages:${PYTHONPATH} /usr/bin/python3 -W ignore:setup.py install is deprecated setup.py egg_info --egg-base ../../build/autoRobo build --build-base /home/yamashita/natu2024/build/autoRobo/build install --record /home/yamashita/natu2024/build/autoRobo/install.log --single-version-externally-managed install_data
[4.346s] running egg_info
[4.348s] writing ../../build/autoRobo/autoRobo.egg-info/PKG-INFO
[4.349s] writing dependency_links to ../../build/autoRobo/autoRobo.egg-info/dependency_links.txt
[4.350s] writing entry points to ../../build/autoRobo/autoRobo.egg-info/entry_points.txt
[4.351s] writing requirements to ../../build/autoRobo/autoRobo.egg-info/requires.txt
[4.352s] writing top-level names to ../../build/autoRobo/autoRobo.egg-info/top_level.txt
[4.361s] reading manifest file '../../build/autoRobo/autoRobo.egg-info/SOURCES.txt'
[4.364s] writing manifest file '../../build/autoRobo/autoRobo.egg-info/SOURCES.txt'
[4.365s] running build
[4.366s] running build_py
[4.367s] copying autoRobo/operater.py -> /home/yamashita/natu2024/build/autoRobo/build/lib/autoRobo
[4.368s] running install
[4.370s] running install_lib
[4.374s] copying /home/yamashita/natu2024/build/autoRobo/build/lib/autoRobo/operater.py -> /home/yamashita/natu2024/install/autoRobo/lib/python3.10/site-packages/autoRobo
[4.377s] byte-compiling /home/yamashita/natu2024/install/autoRobo/lib/python3.10/site-packages/autoRobo/operater.py to operater.cpython-310.pyc
[4.381s] running install_data
[4.382s] running install_egg_info
[4.388s] removing '/home/yamashita/natu2024/install/autoRobo/lib/python3.10/site-packages/autoRobo-0.0.0-py3.10.egg-info' (and everything under it)
[4.390s] Copying ../../build/autoRobo/autoRobo.egg-info to /home/yamashita/natu2024/install/autoRobo/lib/python3.10/site-packages/autoRobo-0.0.0-py3.10.egg-info
[4.396s] running install_scripts
[4.471s] Installing ImgProcess script to /home/yamashita/natu2024/install/autoRobo/lib/autoRobo
[4.472s] Installing Localization script to /home/yamashita/natu2024/install/autoRobo/lib/autoRobo
[4.473s] Installing operater script to /home/yamashita/natu2024/install/autoRobo/lib/autoRobo
[4.474s] Installing serial script to /home/yamashita/natu2024/install/autoRobo/lib/autoRobo
[4.476s] writing list of installed files to '/home/yamashita/natu2024/build/autoRobo/install.log'
[4.601s] Invoked command in '/home/yamashita/natu2024/src/autoRobo' returned '0': PYTHONPATH=/home/yamashita/natu2024/build/autoRobo/prefix_override:/usr/lib/python3/dist-packages/colcon_core/task/python/colcon_distutils_commands:/home/yamashita/natu2024/install/autoRobo/lib/python3.10/site-packages:${PYTHONPATH} /usr/bin/python3 -W ignore:setup.py install is deprecated setup.py egg_info --egg-base ../../build/autoRobo build --build-base /home/yamashita/natu2024/build/autoRobo/build install --record /home/yamashita/natu2024/build/autoRobo/install.log --single-version-externally-managed install_data
