[3.264s] Invoking command in '/home/yamashita/natu2024/src/autoRobo': PYTHONPATH=/home/yamashita/natu2024/build/autoRobo/prefix_override:/usr/lib/python3/dist-packages/colcon_core/task/python/colcon_distutils_commands:/home/yamashita/natu2024/install/autoRobo/lib/python3.10/site-packages:${PYTHONPATH} /usr/bin/python3 -W ignore:setup.py install is deprecated setup.py egg_info --egg-base ../../build/autoRobo build --build-base /home/yamashita/natu2024/build/autoRobo/build install --record /home/yamashita/natu2024/build/autoRobo/install.log --single-version-externally-managed install_data
[4.520s] running egg_info
[4.522s] writing ../../build/autoRobo/autoRobo.egg-info/PKG-INFO
[4.523s] writing dependency_links to ../../build/autoRobo/autoRobo.egg-info/dependency_links.txt
[4.524s] writing entry points to ../../build/autoRobo/autoRobo.egg-info/entry_points.txt
[4.525s] writing requirements to ../../build/autoRobo/autoRobo.egg-info/requires.txt
[4.526s] writing top-level names to ../../build/autoRobo/autoRobo.egg-info/top_level.txt
[4.536s] reading manifest file '../../build/autoRobo/autoRobo.egg-info/SOURCES.txt'
[4.539s] writing manifest file '../../build/autoRobo/autoRobo.egg-info/SOURCES.txt'
[4.540s] running build
[4.541s] running build_py
[4.541s] copying autoRobo/ImgProcess.py -> /home/yamashita/natu2024/build/autoRobo/build/lib/autoRobo
[4.543s] running install
[4.544s] running install_lib
[4.548s] copying /home/yamashita/natu2024/build/autoRobo/build/lib/autoRobo/ImgProcess.py -> /home/yamashita/natu2024/install/autoRobo/lib/python3.10/site-packages/autoRobo
[4.551s] byte-compiling /home/yamashita/natu2024/install/autoRobo/lib/python3.10/site-packages/autoRobo/ImgProcess.py to ImgProcess.cpython-310.pyc
[4.562s] running install_data
[4.563s] running install_egg_info
[4.570s] removing '/home/yamashita/natu2024/install/autoRobo/lib/python3.10/site-packages/autoRobo-0.0.0-py3.10.egg-info' (and everything under it)
[4.572s] Copying ../../build/autoRobo/autoRobo.egg-info to /home/yamashita/natu2024/install/autoRobo/lib/python3.10/site-packages/autoRobo-0.0.0-py3.10.egg-info
[4.579s] running install_scripts
[4.659s] Installing ImgProcess script to /home/yamashita/natu2024/install/autoRobo/lib/autoRobo
[4.663s] Installing Loclization script to /home/yamashita/natu2024/install/autoRobo/lib/autoRobo
[4.666s] writing list of installed files to '/home/yamashita/natu2024/build/autoRobo/install.log'
[4.801s] Invoked command in '/home/yamashita/natu2024/src/autoRobo' returned '0': PYTHONPATH=/home/yamashita/natu2024/build/autoRobo/prefix_override:/usr/lib/python3/dist-packages/colcon_core/task/python/colcon_distutils_commands:/home/yamashita/natu2024/install/autoRobo/lib/python3.10/site-packages:${PYTHONPATH} /usr/bin/python3 -W ignore:setup.py install is deprecated setup.py egg_info --egg-base ../../build/autoRobo build --build-base /home/yamashita/natu2024/build/autoRobo/build install --record /home/yamashita/natu2024/build/autoRobo/install.log --single-version-externally-managed install_data
