[3.066s] Invoking command in '/home/yamashita/natu2024/src/autoRobo': PYTHONPATH=/home/yamashita/natu2024/build/autoRobo/prefix_override:/usr/lib/python3/dist-packages/colcon_core/task/python/colcon_distutils_commands:/home/yamashita/natu2024/install/autoRobo/lib/python3.10/site-packages:${PYTHONPATH} /usr/bin/python3 -W ignore:setup.py install is deprecated setup.py egg_info --egg-base ../../build/autoRobo build --build-base /home/yamashita/natu2024/build/autoRobo/build install --record /home/yamashita/natu2024/build/autoRobo/install.log --single-version-externally-managed install_data
[4.239s] running egg_info
[4.241s] writing ../../build/autoRobo/autoRobo.egg-info/PKG-INFO
[4.242s] writing dependency_links to ../../build/autoRobo/autoRobo.egg-info/dependency_links.txt
[4.243s] writing entry points to ../../build/autoRobo/autoRobo.egg-info/entry_points.txt
[4.244s] writing requirements to ../../build/autoRobo/autoRobo.egg-info/requires.txt
[4.245s] writing top-level names to ../../build/autoRobo/autoRobo.egg-info/top_level.txt
[4.253s] reading manifest file '../../build/autoRobo/autoRobo.egg-info/SOURCES.txt'
[4.257s] writing manifest file '../../build/autoRobo/autoRobo.egg-info/SOURCES.txt'
[4.258s] running build
[4.259s] running build_py
[4.261s] copying autoRobo/serial.py -> /home/yamashita/natu2024/build/autoRobo/build/lib/autoRobo
[4.261s] running install
[4.262s] running install_lib
[4.265s] copying /home/yamashita/natu2024/build/autoRobo/build/lib/autoRobo/serial.py -> /home/yamashita/natu2024/install/autoRobo/lib/python3.10/site-packages/autoRobo
[4.268s] byte-compiling /home/yamashita/natu2024/install/autoRobo/lib/python3.10/site-packages/autoRobo/serial.py to serial.cpython-310.pyc
[4.271s] running install_data
[4.272s] running install_egg_info
[4.279s] removing '/home/yamashita/natu2024/install/autoRobo/lib/python3.10/site-packages/autoRobo-0.0.0-py3.10.egg-info' (and everything under it)
[4.280s] Copying ../../build/autoRobo/autoRobo.egg-info to /home/yamashita/natu2024/install/autoRobo/lib/python3.10/site-packages/autoRobo-0.0.0-py3.10.egg-info
[4.286s] running install_scripts
[4.361s] Installing ImgProcess script to /home/yamashita/natu2024/install/autoRobo/lib/autoRobo
[4.362s] Installing Loclization script to /home/yamashita/natu2024/install/autoRobo/lib/autoRobo
[4.363s] Installing serial script to /home/yamashita/natu2024/install/autoRobo/lib/autoRobo
[4.365s] writing list of installed files to '/home/yamashita/natu2024/build/autoRobo/install.log'
[4.487s] Invoked command in '/home/yamashita/natu2024/src/autoRobo' returned '0': PYTHONPATH=/home/yamashita/natu2024/build/autoRobo/prefix_override:/usr/lib/python3/dist-packages/colcon_core/task/python/colcon_distutils_commands:/home/yamashita/natu2024/install/autoRobo/lib/python3.10/site-packages:${PYTHONPATH} /usr/bin/python3 -W ignore:setup.py install is deprecated setup.py egg_info --egg-base ../../build/autoRobo build --build-base /home/yamashita/natu2024/build/autoRobo/build install --record /home/yamashita/natu2024/build/autoRobo/install.log --single-version-externally-managed install_data
