[3.310s] Invoking command in '/home/yamashita/natu2024/src/autoRobo': PYTHONPATH=/home/yamashita/natu2024/build/autoRobo/prefix_override:/usr/lib/python3/dist-packages/colcon_core/task/python/colcon_distutils_commands:/home/yamashita/natu2024/install/autoRobo/lib/python3.10/site-packages:${PYTHONPATH} /usr/bin/python3 -W ignore:setup.py install is deprecated setup.py egg_info --egg-base ../../build/autoRobo build --build-base /home/yamashita/natu2024/build/autoRobo/build install --record /home/yamashita/natu2024/build/autoRobo/install.log --single-version-externally-managed install_data
[4.618s] running egg_info
[4.621s] writing ../../build/autoRobo/autoRobo.egg-info/PKG-INFO
[4.622s] writing dependency_links to ../../build/autoRobo/autoRobo.egg-info/dependency_links.txt
[4.623s] writing entry points to ../../build/autoRobo/autoRobo.egg-info/entry_points.txt
[4.624s] writing requirements to ../../build/autoRobo/autoRobo.egg-info/requires.txt
[4.625s] writing top-level names to ../../build/autoRobo/autoRobo.egg-info/top_level.txt
[4.634s] reading manifest file '../../build/autoRobo/autoRobo.egg-info/SOURCES.txt'
[4.638s] writing manifest file '../../build/autoRobo/autoRobo.egg-info/SOURCES.txt'
[4.639s] running build
[4.640s] running build_py
[4.641s] copying autoRobo/ImgProcess.py -> /home/yamashita/natu2024/build/autoRobo/build/lib/autoRobo
[4.642s] running install
[4.644s] running install_lib
[4.648s] copying /home/yamashita/natu2024/build/autoRobo/build/lib/autoRobo/ImgProcess.py -> /home/yamashita/natu2024/install/autoRobo/lib/python3.10/site-packages/autoRobo
[4.651s] byte-compiling /home/yamashita/natu2024/install/autoRobo/lib/python3.10/site-packages/autoRobo/ImgProcess.py to ImgProcess.cpython-310.pyc
[4.663s] running install_data
[4.664s] running install_egg_info
[4.671s] removing '/home/yamashita/natu2024/install/autoRobo/lib/python3.10/site-packages/autoRobo-0.0.0-py3.10.egg-info' (and everything under it)
[4.673s] Copying ../../build/autoRobo/autoRobo.egg-info to /home/yamashita/natu2024/install/autoRobo/lib/python3.10/site-packages/autoRobo-0.0.0-py3.10.egg-info
[4.680s] running install_scripts
[4.760s] Installing ImgProcess script to /home/yamashita/natu2024/install/autoRobo/lib/autoRobo
[4.761s] Installing Loclization script to /home/yamashita/natu2024/install/autoRobo/lib/autoRobo
[4.764s] writing list of installed files to '/home/yamashita/natu2024/build/autoRobo/install.log'
[4.902s] Invoked command in '/home/yamashita/natu2024/src/autoRobo' returned '0': PYTHONPATH=/home/yamashita/natu2024/build/autoRobo/prefix_override:/usr/lib/python3/dist-packages/colcon_core/task/python/colcon_distutils_commands:/home/yamashita/natu2024/install/autoRobo/lib/python3.10/site-packages:${PYTHONPATH} /usr/bin/python3 -W ignore:setup.py install is deprecated setup.py egg_info --egg-base ../../build/autoRobo build --build-base /home/yamashita/natu2024/build/autoRobo/build install --record /home/yamashita/natu2024/build/autoRobo/install.log --single-version-externally-managed install_data
