[2.982s] Invoking command in '/home/yamashita/natu2024/src/autoRobo': PYTHONPATH=/home/yamashita/natu2024/build/autoRobo/prefix_override:/usr/lib/python3/dist-packages/colcon_core/task/python/colcon_distutils_commands:/home/yamashita/natu2024/install/autoRobo/lib/python3.10/site-packages:${PYTHONPATH} /usr/bin/python3 -W ignore:setup.py install is deprecated setup.py egg_info --egg-base ../../build/autoRobo build --build-base /home/yamashita/natu2024/build/autoRobo/build install --record /home/yamashita/natu2024/build/autoRobo/install.log --single-version-externally-managed install_data
[4.138s] running egg_info
[4.140s] writing ../../build/autoRobo/autoRobo.egg-info/PKG-INFO
[4.141s] writing dependency_links to ../../build/autoRobo/autoRobo.egg-info/dependency_links.txt
[4.142s] writing entry points to ../../build/autoRobo/autoRobo.egg-info/entry_points.txt
[4.143s] writing requirements to ../../build/autoRobo/autoRobo.egg-info/requires.txt
[4.144s] writing top-level names to ../../build/autoRobo/autoRobo.egg-info/top_level.txt
[4.153s] reading manifest file '../../build/autoRobo/autoRobo.egg-info/SOURCES.txt'
[4.157s] writing manifest file '../../build/autoRobo/autoRobo.egg-info/SOURCES.txt'
[4.157s] running build
[4.158s] running build_py
[4.158s] copying autoRobo/ImgProcess.py -> /home/yamashita/natu2024/build/autoRobo/build/lib/autoRobo
[4.160s] running install
[4.161s] running install_lib
[4.164s] copying /home/yamashita/natu2024/build/autoRobo/build/lib/autoRobo/ImgProcess.py -> /home/yamashita/natu2024/install/autoRobo/lib/python3.10/site-packages/autoRobo
[4.167s] byte-compiling /home/yamashita/natu2024/install/autoRobo/lib/python3.10/site-packages/autoRobo/ImgProcess.py to ImgProcess.cpython-310.pyc
[4.178s] running install_data
[4.179s] running install_egg_info
[4.185s] removing '/home/yamashita/natu2024/install/autoRobo/lib/python3.10/site-packages/autoRobo-0.0.0-py3.10.egg-info' (and everything under it)
[4.187s] Copying ../../build/autoRobo/autoRobo.egg-info to /home/yamashita/natu2024/install/autoRobo/lib/python3.10/site-packages/autoRobo-0.0.0-py3.10.egg-info
[4.191s] running install_scripts
[4.262s] writing list of installed files to '/home/yamashita/natu2024/build/autoRobo/install.log'
[4.384s] Invoked command in '/home/yamashita/natu2024/src/autoRobo' returned '0': PYTHONPATH=/home/yamashita/natu2024/build/autoRobo/prefix_override:/usr/lib/python3/dist-packages/colcon_core/task/python/colcon_distutils_commands:/home/yamashita/natu2024/install/autoRobo/lib/python3.10/site-packages:${PYTHONPATH} /usr/bin/python3 -W ignore:setup.py install is deprecated setup.py egg_info --egg-base ../../build/autoRobo build --build-base /home/yamashita/natu2024/build/autoRobo/build install --record /home/yamashita/natu2024/build/autoRobo/install.log --single-version-externally-managed install_data
