[1.286s] Invoking command in '/home/yamashita/natu2024/build/points_msg': CMAKE_PREFIX_PATH=/home/yamashita/natu2024/install/autoRobo:/opt/ros/humble /usr/bin/cmake /home/yamashita/natu2024/src/points_msg -DCMAKE_INSTALL_PREFIX=/home/yamashita/natu2024/install/points_msg
[2.253s] -- The C compiler identification is GNU 11.4.0
[2.961s] -- The CXX compiler identification is GNU 11.4.0
[3.010s] -- Detecting C compiler ABI info
[3.434s] -- Detecting C compiler ABI info - done
[3.459s] -- Check for working C compiler: /usr/bin/cc - skipped
[3.461s] -- Detecting C compile features
[3.464s] -- Detecting C compile features - done
[3.479s] -- Detecting CXX compiler ABI info
[3.842s] -- Detecting CXX compiler ABI info - done
[3.867s] -- Check for working CXX compiler: /usr/bin/c++ - skipped
[3.868s] -- Detecting CXX compile features
[3.870s] -- Detecting CXX compile features - done
[3.903s] -- Found ament_cmake: 1.3.10 (/opt/ros/humble/share/ament_cmake/cmake)
[4.706s] -- Found Python3: /usr/bin/python3 (found version "3.10.12") found components: Interpreter 
[5.440s] -- Found rosidl_default_generators: 1.2.0 (/opt/ros/humble/share/rosidl_default_generators/cmake)
[5.475s] -- Using all available rosidl_typesupport_c: rosidl_typesupport_fastrtps_c;rosidl_typesupport_introspection_c
[5.554s] -- Found rosidl_adapter: 3.1.5 (/opt/ros/humble/share/rosidl_adapter/cmake)
[5.934s] -- Using all available rosidl_typesupport_cpp: rosidl_typesupport_fastrtps_cpp;rosidl_typesupport_introspection_cpp
[6.916s] [31mCMake Error at /opt/ros/humble/share/rosidl_adapter/cmake/rosidl_adapt_interfaces.cmake:59 (message):
[6.917s]   execute_process(/usr/bin/python3 -m rosidl_adapter --package-name
[6.917s]   points_msg --arguments-file
[6.917s]   /home/yamashita/natu2024/build/points_msg/rosidl_adapter__arguments__points_msg.json
[6.918s]   --output-dir
[6.918s]   /home/yamashita/natu2024/build/points_msg/rosidl_adapter/points_msg
[6.918s]   --output-file
[6.918s]   /home/yamashita/natu2024/build/points_msg/rosidl_adapter/points_msg.idls)
[6.919s]   returned error code 1:
[6.919s] 
[6.919s]   Error processing 'float64[][] data' of 'points_msg/map_points':
[6.920s]   ''float64[]' is an invalid message name.  It should have the pattern
[6.920s]   '^[A-Z][A-Za-z0-9]*$''
[6.920s] 
[6.921s]   Traceback (most recent call last):
[6.921s] 
[6.921s]     File "/usr/lib/python3.10/runpy.py", line 196, in _run_module_as_main
[6.922s]       return _run_code(code, main_globals, None,
[6.922s]     File "/usr/lib/python3.10/runpy.py", line 86, in _run_code
[6.922s]       exec(code, run_globals)
[6.923s]     File "/opt/ros/humble/local/lib/python3.10/dist-packages/rosidl_adapter/__main__.py", line 19, in <module>
[6.923s]       sys.exit(main())
[6.924s]     File "/opt/ros/humble/local/lib/python3.10/dist-packages/rosidl_adapter/main.py", line 53, in main
[6.924s]       abs_idl_file = convert_to_idl(
[6.925s]     File "/opt/ros/humble/local/lib/python3.10/dist-packages/rosidl_adapter/__init__.py", line 19, in convert_to_idl
[6.925s]       return convert_msg_to_idl(
[6.926s]     File "/opt/ros/humble/local/lib/python3.10/dist-packages/rosidl_adapter/msg/__init__.py", line 28, in convert_msg_to_idl
[6.927s]       msg = parse_message_string(package_name, input_file.stem, content)
[6.927s]     File "/opt/ros/humble/local/lib/python3.10/dist-packages/rosidl_adapter/parser.py", line 520, in parse_message_string
[6.928s]       Type(type_string, context_package_name=pkg_name),
[6.928s]     File "/opt/ros/humble/local/lib/python3.10/dist-packages/rosidl_adapter/parser.py", line 277, in __init__
[6.929s]       super(Type, self).__init__(
[6.929s]     File "/opt/ros/humble/local/lib/python3.10/dist-packages/rosidl_adapter/parser.py", line 205, in __init__
[6.930s]       raise InvalidResourceName(
[6.930s] 
[6.931s]   rosidl_adapter.parser.InvalidResourceName: 'float64[]' is an invalid
[6.931s]   message name.  It should have the pattern '^[A-Z][A-Za-z0-9]*$'
[6.932s] 
[6.932s] Call Stack (most recent call first):
[6.932s]   /opt/ros/humble/share/rosidl_cmake/cmake/rosidl_generate_interfaces.cmake:130 (rosidl_adapt_interfaces)
[6.933s]   CMakeLists.txt:13 (rosidl_generate_interfaces)
[6.933s] 
[6.934s] [0m
[6.934s] -- Configuring incomplete, errors occurred!
[6.935s] See also "/home/yamashita/natu2024/build/points_msg/CMakeFiles/CMakeOutput.log".
[6.938s] Invoked command in '/home/yamashita/natu2024/build/points_msg' returned '1': CMAKE_PREFIX_PATH=/home/yamashita/natu2024/install/autoRobo:/opt/ros/humble /usr/bin/cmake /home/yamashita/natu2024/src/points_msg -DCMAKE_INSTALL_PREFIX=/home/yamashita/natu2024/install/points_msg
