[3.329s] Invoking command in '/home/yamashita/natu2024/src/autoRobo': PYTHONPATH=/home/yamashita/natu2024/build/autoRobo/prefix_override:/usr/lib/python3/dist-packages/colcon_core/task/python/colcon_distutils_commands:/home/yamashita/natu2024/install/autoRobo/lib/python3.10/site-packages:${PYTHONPATH} /usr/bin/python3 -W ignore:setup.py install is deprecated setup.py egg_info --egg-base ../../build/autoRobo build --build-base /home/yamashita/natu2024/build/autoRobo/build install --record /home/yamashita/natu2024/build/autoRobo/install.log --single-version-externally-managed install_data
[5.215s] running egg_info
[5.219s] writing ../../build/autoRobo/autoRobo.egg-info/PKG-INFO
[5.222s] writing dependency_links to ../../build/autoRobo/autoRobo.egg-info/dependency_links.txt
[5.226s] writing entry points to ../../build/autoRobo/autoRobo.egg-info/entry_points.txt
[5.227s] writing requirements to ../../build/autoRobo/autoRobo.egg-info/requires.txt
[5.232s] writing top-level names to ../../build/autoRobo/autoRobo.egg-info/top_level.txt
[5.241s] reading manifest file '../../build/autoRobo/autoRobo.egg-info/SOURCES.txt'
[5.246s] writing manifest file '../../build/autoRobo/autoRobo.egg-info/SOURCES.txt'
[5.247s] running build
[5.249s] running build_py
[5.250s] copying autoRobo/ImgProcess.py -> /home/yamashita/natu2024/build/autoRobo/build/lib/autoRobo
[5.250s] running install
[5.252s] running install_lib
[5.258s] copying /home/yamashita/natu2024/build/autoRobo/build/lib/autoRobo/ImgProcess.py -> /home/yamashita/natu2024/install/autoRobo/lib/python3.10/site-packages/autoRobo
[5.261s] byte-compiling /home/yamashita/natu2024/install/autoRobo/lib/python3.10/site-packages/autoRobo/ImgProcess.py to ImgProcess.cpython-310.pyc
[5.274s] running install_data
[5.275s] running install_egg_info
[5.284s] removing '/home/yamashita/natu2024/install/autoRobo/lib/python3.10/site-packages/autoRobo-0.0.0-py3.10.egg-info' (and everything under it)
[5.287s] Copying ../../build/autoRobo/autoRobo.egg-info to /home/yamashita/natu2024/install/autoRobo/lib/python3.10/site-packages/autoRobo-0.0.0-py3.10.egg-info
[5.299s] running install_scripts
[5.419s] Installing ImgProcess script to /home/yamashita/natu2024/install/autoRobo/lib/autoRobo
[5.422s] Installing Loclization script to /home/yamashita/natu2024/install/autoRobo/lib/autoRobo
[5.425s] writing list of installed files to '/home/yamashita/natu2024/build/autoRobo/install.log'
[5.591s] Invoked command in '/home/yamashita/natu2024/src/autoRobo' returned '0': PYTHONPATH=/home/yamashita/natu2024/build/autoRobo/prefix_override:/usr/lib/python3/dist-packages/colcon_core/task/python/colcon_distutils_commands:/home/yamashita/natu2024/install/autoRobo/lib/python3.10/site-packages:${PYTHONPATH} /usr/bin/python3 -W ignore:setup.py install is deprecated setup.py egg_info --egg-base ../../build/autoRobo build --build-base /home/yamashita/natu2024/build/autoRobo/build install --record /home/yamashita/natu2024/build/autoRobo/install.log --single-version-externally-managed install_data
