[3.258s] Invoking command in '/home/yamashita/natu2024/src/autoRobo': PYTHONPATH=/home/yamashita/natu2024/build/autoRobo/prefix_override:/usr/lib/python3/dist-packages/colcon_core/task/python/colcon_distutils_commands:/home/yamashita/natu2024/install/autoRobo/lib/python3.10/site-packages:${PYTHONPATH} /usr/bin/python3 -W ignore:setup.py install is deprecated setup.py egg_info --egg-base ../../build/autoRobo build --build-base /home/yamashita/natu2024/build/autoRobo/build install --record /home/yamashita/natu2024/build/autoRobo/install.log --single-version-externally-managed install_data
[4.967s] running egg_info
[4.970s] writing ../../build/autoRobo/autoRobo.egg-info/PKG-INFO
[4.971s] writing dependency_links to ../../build/autoRobo/autoRobo.egg-info/dependency_links.txt
[4.972s] writing entry points to ../../build/autoRobo/autoRobo.egg-info/entry_points.txt
[4.973s] writing requirements to ../../build/autoRobo/autoRobo.egg-info/requires.txt
[4.974s] writing top-level names to ../../build/autoRobo/autoRobo.egg-info/top_level.txt
[4.983s] reading manifest file '../../build/autoRobo/autoRobo.egg-info/SOURCES.txt'
[4.986s] writing manifest file '../../build/autoRobo/autoRobo.egg-info/SOURCES.txt'
[4.987s] running build
[4.987s] running build_py
[4.988s] copying autoRobo/ImgProcess.py -> /home/yamashita/natu2024/build/autoRobo/build/lib/autoRobo
[4.990s] running install
[4.991s] running install_lib
[4.994s] copying /home/yamashita/natu2024/build/autoRobo/build/lib/autoRobo/ImgProcess.py -> /home/yamashita/natu2024/install/autoRobo/lib/python3.10/site-packages/autoRobo
[4.997s] byte-compiling /home/yamashita/natu2024/install/autoRobo/lib/python3.10/site-packages/autoRobo/ImgProcess.py to ImgProcess.cpython-310.pyc
[5.010s] running install_data
[5.010s] running install_egg_info
[5.017s] removing '/home/yamashita/natu2024/install/autoRobo/lib/python3.10/site-packages/autoRobo-0.0.0-py3.10.egg-info' (and everything under it)
[5.019s] Copying ../../build/autoRobo/autoRobo.egg-info to /home/yamashita/natu2024/install/autoRobo/lib/python3.10/site-packages/autoRobo-0.0.0-py3.10.egg-info
[5.024s] running install_scripts
[5.104s] Installing ImgProcess script to /home/yamashita/natu2024/install/autoRobo/lib/autoRobo
[5.106s] writing list of installed files to '/home/yamashita/natu2024/build/autoRobo/install.log'
[5.241s] Invoked command in '/home/yamashita/natu2024/src/autoRobo' returned '0': PYTHONPATH=/home/yamashita/natu2024/build/autoRobo/prefix_override:/usr/lib/python3/dist-packages/colcon_core/task/python/colcon_distutils_commands:/home/yamashita/natu2024/install/autoRobo/lib/python3.10/site-packages:${PYTHONPATH} /usr/bin/python3 -W ignore:setup.py install is deprecated setup.py egg_info --egg-base ../../build/autoRobo build --build-base /home/yamashita/natu2024/build/autoRobo/build install --record /home/yamashita/natu2024/build/autoRobo/install.log --single-version-externally-managed install_data
