[3.765s] Invoking command in '/home/yamashita/natu2024/src/autoRobo': PYTHONPATH=/home/yamashita/natu2024/build/autoRobo/prefix_override:/usr/lib/python3/dist-packages/colcon_core/task/python/colcon_distutils_commands:/home/yamashita/natu2024/install/autoRobo/lib/python3.10/site-packages:${PYTHONPATH} /usr/bin/python3 -W ignore:setup.py install is deprecated setup.py egg_info --egg-base ../../build/autoRobo build --build-base /home/yamashita/natu2024/build/autoRobo/build install --record /home/yamashita/natu2024/build/autoRobo/install.log --single-version-externally-managed install_data
[5.241s] running egg_info
[5.243s] writing ../../build/autoRobo/autoRobo.egg-info/PKG-INFO
[5.244s] writing dependency_links to ../../build/autoRobo/autoRobo.egg-info/dependency_links.txt
[5.245s] writing entry points to ../../build/autoRobo/autoRobo.egg-info/entry_points.txt
[5.246s] writing requirements to ../../build/autoRobo/autoRobo.egg-info/requires.txt
[5.247s] writing top-level names to ../../build/autoRobo/autoRobo.egg-info/top_level.txt
[5.256s] reading manifest file '../../build/autoRobo/autoRobo.egg-info/SOURCES.txt'
[5.260s] writing manifest file '../../build/autoRobo/autoRobo.egg-info/SOURCES.txt'
[5.260s] running build
[5.261s] running build_py
[5.261s] copying autoRobo/localization.py -> /home/yamashita/natu2024/build/autoRobo/build/lib/autoRobo
[5.265s] running install
[5.266s] running install_lib
[5.270s] copying /home/yamashita/natu2024/build/autoRobo/build/lib/autoRobo/localization.py -> /home/yamashita/natu2024/install/autoRobo/lib/python3.10/site-packages/autoRobo
[5.273s] byte-compiling /home/yamashita/natu2024/install/autoRobo/lib/python3.10/site-packages/autoRobo/localization.py to localization.cpython-310.pyc
[5.278s] running install_data
[5.279s] running install_egg_info
[5.286s] removing '/home/yamashita/natu2024/install/autoRobo/lib/python3.10/site-packages/autoRobo-0.0.0-py3.10.egg-info' (and everything under it)
[5.287s] Copying ../../build/autoRobo/autoRobo.egg-info to /home/yamashita/natu2024/install/autoRobo/lib/python3.10/site-packages/autoRobo-0.0.0-py3.10.egg-info
[5.293s] running install_scripts
[5.371s] Installing ImgProcess script to /home/yamashita/natu2024/install/autoRobo/lib/autoRobo
[5.372s] Installing Localization script to /home/yamashita/natu2024/install/autoRobo/lib/autoRobo
[5.373s] Installing serial script to /home/yamashita/natu2024/install/autoRobo/lib/autoRobo
[5.375s] writing list of installed files to '/home/yamashita/natu2024/build/autoRobo/install.log'
[5.543s] Invoked command in '/home/yamashita/natu2024/src/autoRobo' returned '0': PYTHONPATH=/home/yamashita/natu2024/build/autoRobo/prefix_override:/usr/lib/python3/dist-packages/colcon_core/task/python/colcon_distutils_commands:/home/yamashita/natu2024/install/autoRobo/lib/python3.10/site-packages:${PYTHONPATH} /usr/bin/python3 -W ignore:setup.py install is deprecated setup.py egg_info --egg-base ../../build/autoRobo build --build-base /home/yamashita/natu2024/build/autoRobo/build install --record /home/yamashita/natu2024/build/autoRobo/install.log --single-version-externally-managed install_data
