[4.413s] Invoking command in '/home/yamashita/natu2024/src/autoRobo': PYTHONPATH=/home/yamashita/natu2024/build/autoRobo/prefix_override:/usr/lib/python3/dist-packages/colcon_core/task/python/colcon_distutils_commands:/home/yamashita/natu2024/install/autoRobo/lib/python3.10/site-packages:${PYTHONPATH} /usr/bin/python3 -W ignore:setup.py install is deprecated setup.py egg_info --egg-base ../../build/autoRobo build --build-base /home/yamashita/natu2024/build/autoRobo/build install --record /home/yamashita/natu2024/build/autoRobo/install.log --single-version-externally-managed install_data
[6.218s] running egg_info
[6.222s] writing ../../build/autoRobo/autoRobo.egg-info/PKG-INFO
[6.225s] writing dependency_links to ../../build/autoRobo/autoRobo.egg-info/dependency_links.txt
[6.228s] writing entry points to ../../build/autoRobo/autoRobo.egg-info/entry_points.txt
[6.228s] writing requirements to ../../build/autoRobo/autoRobo.egg-info/requires.txt
[6.229s] writing top-level names to ../../build/autoRobo/autoRobo.egg-info/top_level.txt
[6.237s] reading manifest file '../../build/autoRobo/autoRobo.egg-info/SOURCES.txt'
[6.241s] writing manifest file '../../build/autoRobo/autoRobo.egg-info/SOURCES.txt'
[6.244s] running build
[6.245s] running build_py
[6.247s] copying autoRobo/localization.py -> /home/yamashita/natu2024/build/autoRobo/build/lib/autoRobo
[6.248s] running install
[6.248s] running install_lib
[6.254s] copying /home/yamashita/natu2024/build/autoRobo/build/lib/autoRobo/localization.py -> /home/yamashita/natu2024/install/autoRobo/lib/python3.10/site-packages/autoRobo
[6.256s] byte-compiling /home/yamashita/natu2024/install/autoRobo/lib/python3.10/site-packages/autoRobo/localization.py to localization.cpython-310.pyc
[6.261s] running install_data
[6.262s] running install_egg_info
[6.269s] removing '/home/yamashita/natu2024/install/autoRobo/lib/python3.10/site-packages/autoRobo-0.0.0-py3.10.egg-info' (and everything under it)
[6.271s] Copying ../../build/autoRobo/autoRobo.egg-info to /home/yamashita/natu2024/install/autoRobo/lib/python3.10/site-packages/autoRobo-0.0.0-py3.10.egg-info
[6.278s] running install_scripts
[6.375s] Installing ImgProcess script to /home/yamashita/natu2024/install/autoRobo/lib/autoRobo
[6.377s] Installing Loclization script to /home/yamashita/natu2024/install/autoRobo/lib/autoRobo
[6.378s] Installing serial script to /home/yamashita/natu2024/install/autoRobo/lib/autoRobo
[6.380s] writing list of installed files to '/home/yamashita/natu2024/build/autoRobo/install.log'
[6.565s] Invoked command in '/home/yamashita/natu2024/src/autoRobo' returned '0': PYTHONPATH=/home/yamashita/natu2024/build/autoRobo/prefix_override:/usr/lib/python3/dist-packages/colcon_core/task/python/colcon_distutils_commands:/home/yamashita/natu2024/install/autoRobo/lib/python3.10/site-packages:${PYTHONPATH} /usr/bin/python3 -W ignore:setup.py install is deprecated setup.py egg_info --egg-base ../../build/autoRobo build --build-base /home/yamashita/natu2024/build/autoRobo/build install --record /home/yamashita/natu2024/build/autoRobo/install.log --single-version-externally-managed install_data
