[3.016s] Invoking command in '/home/yamashita/natu2024/src/autoRobo': PYTHONPATH=/home/yamashita/natu2024/build/autoRobo/prefix_override:/usr/lib/python3/dist-packages/colcon_core/task/python/colcon_distutils_commands:/home/yamashita/natu2024/install/autoRobo/lib/python3.10/site-packages:${PYTHONPATH} /usr/bin/python3 -W ignore:setup.py install is deprecated setup.py egg_info --egg-base ../../build/autoRobo build --build-base /home/yamashita/natu2024/build/autoRobo/build install --record /home/yamashita/natu2024/build/autoRobo/install.log --single-version-externally-managed install_data
[4.196s] running egg_info
[4.198s] writing ../../build/autoRobo/autoRobo.egg-info/PKG-INFO
[4.199s] writing dependency_links to ../../build/autoRobo/autoRobo.egg-info/dependency_links.txt
[4.200s] writing entry points to ../../build/autoRobo/autoRobo.egg-info/entry_points.txt
[4.200s] writing requirements to ../../build/autoRobo/autoRobo.egg-info/requires.txt
[4.201s] writing top-level names to ../../build/autoRobo/autoRobo.egg-info/top_level.txt
[4.209s] reading manifest file '../../build/autoRobo/autoRobo.egg-info/SOURCES.txt'
[4.213s] writing manifest file '../../build/autoRobo/autoRobo.egg-info/SOURCES.txt'
[4.214s] running build
[4.214s] running build_py
[4.216s] copying autoRobo/operater.py -> /home/yamashita/natu2024/build/autoRobo/build/lib/autoRobo
[4.217s] running install
[4.219s] running install_lib
[4.222s] copying /home/yamashita/natu2024/build/autoRobo/build/lib/autoRobo/operater.py -> /home/yamashita/natu2024/install/autoRobo/lib/python3.10/site-packages/autoRobo
[4.227s] byte-compiling /home/yamashita/natu2024/install/autoRobo/lib/python3.10/site-packages/autoRobo/operater.py to operater.cpython-310.pyc
[4.229s] running install_data
[4.230s] running install_egg_info
[4.237s] removing '/home/yamashita/natu2024/install/autoRobo/lib/python3.10/site-packages/autoRobo-0.0.0-py3.10.egg-info' (and everything under it)
[4.239s] Copying ../../build/autoRobo/autoRobo.egg-info to /home/yamashita/natu2024/install/autoRobo/lib/python3.10/site-packages/autoRobo-0.0.0-py3.10.egg-info
[4.245s] running install_scripts
[4.320s] Installing ImgProcess script to /home/yamashita/natu2024/install/autoRobo/lib/autoRobo
[4.321s] Installing Localization script to /home/yamashita/natu2024/install/autoRobo/lib/autoRobo
[4.322s] Installing operater script to /home/yamashita/natu2024/install/autoRobo/lib/autoRobo
[4.323s] Installing serial script to /home/yamashita/natu2024/install/autoRobo/lib/autoRobo
[4.324s] writing list of installed files to '/home/yamashita/natu2024/build/autoRobo/install.log'
[4.458s] Invoked command in '/home/yamashita/natu2024/src/autoRobo' returned '0': PYTHONPATH=/home/yamashita/natu2024/build/autoRobo/prefix_override:/usr/lib/python3/dist-packages/colcon_core/task/python/colcon_distutils_commands:/home/yamashita/natu2024/install/autoRobo/lib/python3.10/site-packages:${PYTHONPATH} /usr/bin/python3 -W ignore:setup.py install is deprecated setup.py egg_info --egg-base ../../build/autoRobo build --build-base /home/yamashita/natu2024/build/autoRobo/build install --record /home/yamashita/natu2024/build/autoRobo/install.log --single-version-externally-managed install_data
