[0.627s] DEBUG:colcon:Command line arguments: ['/usr/bin/colcon', 'build']
[0.628s] DEBUG:colcon:Parsed command line arguments: Namespace(log_base=None, log_level=None, verb_name='build', build_base='build', install_base='install', merge_install=False, symlink_install=False, test_result_base=None, continue_on_error=False, executor='parallel', parallel_workers=4, event_handlers=None, ignore_user_meta=False, metas=['./colcon.meta'], base_paths=['.'], packages_ignore=None, packages_ignore_regex=None, paths=None, packages_up_to=None, packages_up_to_regex=None, packages_above=None, packages_above_and_dependencies=None, packages_above_depth=None, packages_select_by_dep=None, packages_skip_by_dep=None, packages_skip_up_to=None, packages_select_build_failed=False, packages_skip_build_finished=False, packages_select_test_failures=False, packages_skip_test_passed=False, packages_select=None, packages_skip=None, packages_select_regex=None, packages_skip_regex=None, packages_start=None, packages_end=None, allow_overriding=[], cmake_args=None, cmake_target=None, cmake_target_skip_unavailable=False, cmake_clean_cache=False, cmake_clean_first=False, cmake_force_configure=False, ament_cmake_args=None, catkin_cmake_args=None, catkin_skip_building_tests=False, verb_parser=<colcon_defaults.argument_parser.defaults.DefaultArgumentsDecorator object at 0xffffbb384310>, verb_extension=<colcon_core.verb.build.BuildVerb object at 0xffffbb4c4f40>, main=<bound method BuildVerb.main of <colcon_core.verb.build.BuildVerb object at 0xffffbb4c4f40>>)
[1.759s] Level 1:colcon.colcon_core.package_discovery:discover_packages(colcon_meta) check parameters
[1.762s] Level 1:colcon.colcon_core.package_discovery:discover_packages(recursive) check parameters
[1.763s] Level 1:colcon.colcon_core.package_discovery:discover_packages(ignore) check parameters
[1.764s] Level 1:colcon.colcon_core.package_discovery:discover_packages(path) check parameters
[1.765s] Level 1:colcon.colcon_core.package_discovery:discover_packages(colcon_meta) discover
[1.766s] Level 1:colcon.colcon_core.package_discovery:discover_packages(recursive) discover
[1.767s] INFO:colcon.colcon_core.package_discovery:Crawling recursively for packages in '/home/yamashita/natu2024'
[1.768s] Level 1:colcon.colcon_core.package_identification:_identify(.) by extensions ['ignore', 'ignore_ament_install']
[1.769s] Level 1:colcon.colcon_core.package_identification:_identify(.) by extension 'ignore'
[1.770s] Level 1:colcon.colcon_core.package_identification:_identify(.) by extension 'ignore_ament_install'
[1.771s] Level 1:colcon.colcon_core.package_identification:_identify(.) by extensions ['colcon_pkg']
[1.772s] Level 1:colcon.colcon_core.package_identification:_identify(.) by extension 'colcon_pkg'
[1.772s] Level 1:colcon.colcon_core.package_identification:_identify(.) by extensions ['colcon_meta']
[1.773s] Level 1:colcon.colcon_core.package_identification:_identify(.) by extension 'colcon_meta'
[1.774s] Level 1:colcon.colcon_core.package_identification:_identify(.) by extensions ['ros']
[1.775s] Level 1:colcon.colcon_core.package_identification:_identify(.) by extension 'ros'
[1.847s] Level 1:colcon.colcon_core.package_identification:_identify(.) by extensions ['cmake', 'python']
[1.848s] Level 1:colcon.colcon_core.package_identification:_identify(.) by extension 'cmake'
[1.848s] Level 1:colcon.colcon_core.package_identification:_identify(.) by extension 'python'
[1.849s] Level 1:colcon.colcon_core.package_identification:_identify(.) by extensions ['python_setup_py']
[1.849s] Level 1:colcon.colcon_core.package_identification:_identify(.) by extension 'python_setup_py'
[1.850s] Level 1:colcon.colcon_core.package_identification:_identify(build) by extensions ['ignore', 'ignore_ament_install']
[1.851s] Level 1:colcon.colcon_core.package_identification:_identify(build) by extension 'ignore'
[1.851s] Level 1:colcon.colcon_core.package_identification:_identify(build) ignored
[1.853s] Level 1:colcon.colcon_core.package_identification:_identify(install) by extensions ['ignore', 'ignore_ament_install']
[1.853s] Level 1:colcon.colcon_core.package_identification:_identify(install) by extension 'ignore'
[1.854s] Level 1:colcon.colcon_core.package_identification:_identify(install) ignored
[1.864s] Level 1:colcon.colcon_core.package_identification:_identify(log) by extensions ['ignore', 'ignore_ament_install']
[1.865s] Level 1:colcon.colcon_core.package_identification:_identify(log) by extension 'ignore'
[1.868s] Level 1:colcon.colcon_core.package_identification:_identify(log) ignored
[1.870s] Level 1:colcon.colcon_core.package_identification:_identify(src) by extensions ['ignore', 'ignore_ament_install']
[1.870s] Level 1:colcon.colcon_core.package_identification:_identify(src) by extension 'ignore'
[1.871s] Level 1:colcon.colcon_core.package_identification:_identify(src) by extension 'ignore_ament_install'
[1.871s] Level 1:colcon.colcon_core.package_identification:_identify(src) by extensions ['colcon_pkg']
[1.872s] Level 1:colcon.colcon_core.package_identification:_identify(src) by extension 'colcon_pkg'
[1.872s] Level 1:colcon.colcon_core.package_identification:_identify(src) by extensions ['colcon_meta']
[1.872s] Level 1:colcon.colcon_core.package_identification:_identify(src) by extension 'colcon_meta'
[1.872s] Level 1:colcon.colcon_core.package_identification:_identify(src) by extensions ['ros']
[1.872s] Level 1:colcon.colcon_core.package_identification:_identify(src) by extension 'ros'
[1.873s] Level 1:colcon.colcon_core.package_identification:_identify(src) by extensions ['cmake', 'python']
[1.873s] Level 1:colcon.colcon_core.package_identification:_identify(src) by extension 'cmake'
[1.873s] Level 1:colcon.colcon_core.package_identification:_identify(src) by extension 'python'
[1.874s] Level 1:colcon.colcon_core.package_identification:_identify(src) by extensions ['python_setup_py']
[1.874s] Level 1:colcon.colcon_core.package_identification:_identify(src) by extension 'python_setup_py'
[1.875s] Level 1:colcon.colcon_core.package_identification:_identify(src/autoRobo) by extensions ['ignore', 'ignore_ament_install']
[1.875s] Level 1:colcon.colcon_core.package_identification:_identify(src/autoRobo) by extension 'ignore'
[1.876s] Level 1:colcon.colcon_core.package_identification:_identify(src/autoRobo) by extension 'ignore_ament_install'
[1.876s] Level 1:colcon.colcon_core.package_identification:_identify(src/autoRobo) by extensions ['colcon_pkg']
[1.876s] Level 1:colcon.colcon_core.package_identification:_identify(src/autoRobo) by extension 'colcon_pkg'
[1.877s] Level 1:colcon.colcon_core.package_identification:_identify(src/autoRobo) by extensions ['colcon_meta']
[1.877s] Level 1:colcon.colcon_core.package_identification:_identify(src/autoRobo) by extension 'colcon_meta'
[1.877s] Level 1:colcon.colcon_core.package_identification:_identify(src/autoRobo) by extensions ['ros']
[1.877s] Level 1:colcon.colcon_core.package_identification:_identify(src/autoRobo) by extension 'ros'
[1.899s] DEBUG:colcon.colcon_core.package_identification:Package 'src/autoRobo' with type 'ros.ament_python' and name 'autoRobo'
[1.900s] Level 1:colcon.colcon_core.package_discovery:discover_packages(recursive) using defaults
[1.900s] Level 1:colcon.colcon_core.package_discovery:discover_packages(ignore) discover
[1.901s] Level 1:colcon.colcon_core.package_discovery:discover_packages(ignore) using defaults
[1.901s] Level 1:colcon.colcon_core.package_discovery:discover_packages(path) discover
[1.901s] Level 1:colcon.colcon_core.package_discovery:discover_packages(path) using defaults
[2.055s] Level 1:colcon.colcon_core.package_discovery:discover_packages(prefix_path) check parameters
[2.056s] Level 1:colcon.colcon_core.package_discovery:discover_packages(prefix_path) discover
[2.072s] DEBUG:colcon.colcon_installed_package_information.package_discovery:Found 2 installed packages in /home/yamashita/natu2024/install
[2.085s] DEBUG:colcon.colcon_installed_package_information.package_discovery:Found 305 installed packages in /opt/ros/humble
[2.095s] Level 1:colcon.colcon_core.package_discovery:discover_packages(prefix_path) using defaults
[2.486s] Level 5:colcon.colcon_core.verb:set package 'autoRobo' build argument 'cmake_args' from command line to 'None'
[2.487s] Level 5:colcon.colcon_core.verb:set package 'autoRobo' build argument 'cmake_target' from command line to 'None'
[2.487s] Level 5:colcon.colcon_core.verb:set package 'autoRobo' build argument 'cmake_target_skip_unavailable' from command line to 'False'
[2.488s] Level 5:colcon.colcon_core.verb:set package 'autoRobo' build argument 'cmake_clean_cache' from command line to 'False'
[2.489s] Level 5:colcon.colcon_core.verb:set package 'autoRobo' build argument 'cmake_clean_first' from command line to 'False'
[2.490s] Level 5:colcon.colcon_core.verb:set package 'autoRobo' build argument 'cmake_force_configure' from command line to 'False'
[2.490s] Level 5:colcon.colcon_core.verb:set package 'autoRobo' build argument 'ament_cmake_args' from command line to 'None'
[2.491s] Level 5:colcon.colcon_core.verb:set package 'autoRobo' build argument 'catkin_cmake_args' from command line to 'None'
[2.492s] Level 5:colcon.colcon_core.verb:set package 'autoRobo' build argument 'catkin_skip_building_tests' from command line to 'False'
[2.493s] DEBUG:colcon.colcon_core.verb:Building package 'autoRobo' with the following arguments: {'ament_cmake_args': None, 'build_base': '/home/yamashita/natu2024/build/autoRobo', 'catkin_cmake_args': None, 'catkin_skip_building_tests': False, 'cmake_args': None, 'cmake_clean_cache': False, 'cmake_clean_first': False, 'cmake_force_configure': False, 'cmake_target': None, 'cmake_target_skip_unavailable': False, 'install_base': '/home/yamashita/natu2024/install/autoRobo', 'merge_install': False, 'path': '/home/yamashita/natu2024/src/autoRobo', 'symlink_install': False, 'test_result_base': None}
[2.495s] INFO:colcon.colcon_core.executor:Executing jobs using 'parallel' executor
[2.499s] DEBUG:colcon.colcon_parallel_executor.executor.parallel:run_until_complete
[2.500s] INFO:colcon.colcon_ros.task.ament_python.build:Building ROS package in '/home/yamashita/natu2024/src/autoRobo' with build type 'ament_python'
[2.502s] Level 1:colcon.colcon_core.shell:create_environment_hook('autoRobo', 'ament_prefix_path')
[2.513s] INFO:colcon.colcon_core.plugin_system:Skipping extension 'colcon_core.shell.bat': Not used on non-Windows systems
[2.514s] INFO:colcon.colcon_core.shell:Creating environment hook '/home/yamashita/natu2024/install/autoRobo/share/autoRobo/hook/ament_prefix_path.ps1'
[2.518s] INFO:colcon.colcon_core.shell:Creating environment descriptor '/home/yamashita/natu2024/install/autoRobo/share/autoRobo/hook/ament_prefix_path.dsv'
[2.521s] INFO:colcon.colcon_core.shell:Creating environment hook '/home/yamashita/natu2024/install/autoRobo/share/autoRobo/hook/ament_prefix_path.sh'
[2.525s] INFO:colcon.colcon_core.shell:Skip shell extension 'powershell' for command environment: Not usable outside of PowerShell
[2.526s] DEBUG:colcon.colcon_core.shell:Skip shell extension 'dsv' for command environment
[4.497s] INFO:colcon.colcon_core.task.python.build:Building Python package in '/home/yamashita/natu2024/src/autoRobo'
[4.500s] INFO:colcon.colcon_core.shell:Skip shell extension 'powershell' for command environment: Not usable outside of PowerShell
[4.501s] DEBUG:colcon.colcon_core.shell:Skip shell extension 'dsv' for command environment
[6.934s] DEBUG:colcon.colcon_core.event_handler.log_command:Invoking command in '/home/yamashita/natu2024/src/autoRobo': PYTHONPATH=/home/yamashita/natu2024/build/autoRobo/prefix_override:/usr/lib/python3/dist-packages/colcon_core/task/python/colcon_distutils_commands:/home/yamashita/natu2024/install/autoRobo/lib/python3.10/site-packages:${PYTHONPATH} /usr/bin/python3 -W ignore:setup.py install is deprecated setup.py egg_info --egg-base ../../build/autoRobo build --build-base /home/yamashita/natu2024/build/autoRobo/build install --record /home/yamashita/natu2024/build/autoRobo/install.log --single-version-externally-managed install_data
[9.097s] DEBUG:colcon.colcon_core.event_handler.log_command:Invoked command in '/home/yamashita/natu2024/src/autoRobo' returned '0': PYTHONPATH=/home/yamashita/natu2024/build/autoRobo/prefix_override:/usr/lib/python3/dist-packages/colcon_core/task/python/colcon_distutils_commands:/home/yamashita/natu2024/install/autoRobo/lib/python3.10/site-packages:${PYTHONPATH} /usr/bin/python3 -W ignore:setup.py install is deprecated setup.py egg_info --egg-base ../../build/autoRobo build --build-base /home/yamashita/natu2024/build/autoRobo/build install --record /home/yamashita/natu2024/build/autoRobo/install.log --single-version-externally-managed install_data
[9.115s] Level 1:colcon.colcon_core.environment:checking '/home/yamashita/natu2024/install/autoRobo' for CMake module files
[9.118s] Level 1:colcon.colcon_core.environment:checking '/home/yamashita/natu2024/install/autoRobo' for CMake config files
[9.123s] Level 1:colcon.colcon_core.environment:checking '/home/yamashita/natu2024/install/autoRobo/lib'
[9.124s] Level 1:colcon.colcon_core.environment:checking '/home/yamashita/natu2024/install/autoRobo/bin'
[9.125s] Level 1:colcon.colcon_core.environment:checking '/home/yamashita/natu2024/install/autoRobo/lib/pkgconfig/autoRobo.pc'
[9.129s] Level 1:colcon.colcon_core.environment:checking '/home/yamashita/natu2024/install/autoRobo/lib/python3.10/site-packages'
[9.129s] Level 1:colcon.colcon_core.shell:create_environment_hook('autoRobo', 'pythonpath')
[9.131s] INFO:colcon.colcon_core.shell:Creating environment hook '/home/yamashita/natu2024/install/autoRobo/share/autoRobo/hook/pythonpath.ps1'
[9.133s] INFO:colcon.colcon_core.shell:Creating environment descriptor '/home/yamashita/natu2024/install/autoRobo/share/autoRobo/hook/pythonpath.dsv'
[9.137s] INFO:colcon.colcon_core.shell:Creating environment hook '/home/yamashita/natu2024/install/autoRobo/share/autoRobo/hook/pythonpath.sh'
[9.144s] Level 1:colcon.colcon_core.environment:checking '/home/yamashita/natu2024/install/autoRobo/bin'
[9.145s] Level 1:colcon.colcon_core.environment:create_environment_scripts_only(autoRobo)
[9.149s] INFO:colcon.colcon_core.shell:Creating package script '/home/yamashita/natu2024/install/autoRobo/share/autoRobo/package.ps1'
[9.155s] INFO:colcon.colcon_core.shell:Creating package descriptor '/home/yamashita/natu2024/install/autoRobo/share/autoRobo/package.dsv'
[9.162s] INFO:colcon.colcon_core.shell:Creating package script '/home/yamashita/natu2024/install/autoRobo/share/autoRobo/package.sh'
[9.167s] INFO:colcon.colcon_core.shell:Creating package script '/home/yamashita/natu2024/install/autoRobo/share/autoRobo/package.bash'
[9.174s] INFO:colcon.colcon_core.shell:Creating package script '/home/yamashita/natu2024/install/autoRobo/share/autoRobo/package.zsh'
[9.178s] Level 1:colcon.colcon_core.environment:create_file_with_runtime_dependencies(/home/yamashita/natu2024/install/autoRobo/share/colcon-core/packages/autoRobo)
[9.183s] DEBUG:colcon.colcon_parallel_executor.executor.parallel:closing loop
[9.185s] DEBUG:colcon.colcon_parallel_executor.executor.parallel:loop closed
[9.186s] DEBUG:colcon.colcon_parallel_executor.executor.parallel:run_until_complete finished with '0'
[9.186s] DEBUG:colcon.colcon_core.event_reactor:joining thread
[9.224s] INFO:colcon.colcon_core.plugin_system:Skipping extension 'colcon_notification.desktop_notification.notify_send': Could not find 'notify-send'
[9.224s] INFO:colcon.colcon_core.plugin_system:Skipping extension 'colcon_notification.desktop_notification.terminal_notifier': Not used on non-Darwin systems
[9.225s] INFO:colcon.colcon_core.plugin_system:Skipping extension 'colcon_notification.desktop_notification.win32': Not used on non-Windows systems
[9.227s] INFO:colcon.colcon_notification.desktop_notification:Sending desktop notification using 'notify2'
[9.232s] DEBUG:colcon.colcon_notification.desktop_notification.notify2:Failed to initialize notify2: org.freedesktop.DBus.Error.ServiceUnknown: The name org.freedesktop.Notifications was not provided by any .service files
[9.233s] DEBUG:colcon.colcon_core.event_reactor:joined thread
[9.234s] INFO:colcon.colcon_core.shell:Creating prefix script '/home/yamashita/natu2024/install/local_setup.ps1'
[9.239s] INFO:colcon.colcon_core.shell:Creating prefix util module '/home/yamashita/natu2024/install/_local_setup_util_ps1.py'
[9.246s] INFO:colcon.colcon_core.shell:Creating prefix chain script '/home/yamashita/natu2024/install/setup.ps1'
[9.251s] INFO:colcon.colcon_core.shell:Creating prefix script '/home/yamashita/natu2024/install/local_setup.sh'
[9.255s] INFO:colcon.colcon_core.shell:Creating prefix util module '/home/yamashita/natu2024/install/_local_setup_util_sh.py'
[9.258s] INFO:colcon.colcon_core.shell:Creating prefix chain script '/home/yamashita/natu2024/install/setup.sh'
[9.265s] INFO:colcon.colcon_core.shell:Creating prefix script '/home/yamashita/natu2024/install/local_setup.bash'
[9.268s] INFO:colcon.colcon_core.shell:Creating prefix chain script '/home/yamashita/natu2024/install/setup.bash'
[9.273s] INFO:colcon.colcon_core.shell:Creating prefix script '/home/yamashita/natu2024/install/local_setup.zsh'
[9.276s] INFO:colcon.colcon_core.shell:Creating prefix chain script '/home/yamashita/natu2024/install/setup.zsh'
