[3.878s] Invoking command in '/home/yamashita/natu2024/src/autoRobo': PYTHONPATH=/home/yamashita/natu2024/build/autoRobo/prefix_override:/usr/lib/python3/dist-packages/colcon_core/task/python/colcon_distutils_commands:/home/yamashita/natu2024/install/autoRobo/lib/python3.10/site-packages:${PYTHONPATH} /usr/bin/python3 -W ignore:setup.py install is deprecated setup.py egg_info --egg-base ../../build/autoRobo build --build-base /home/yamashita/natu2024/build/autoRobo/build install --record /home/yamashita/natu2024/build/autoRobo/install.log --single-version-externally-managed install_data
[5.134s] running egg_info
[5.136s] writing ../../build/autoRobo/autoRobo.egg-info/PKG-INFO
[5.137s] writing dependency_links to ../../build/autoRobo/autoRobo.egg-info/dependency_links.txt
[5.138s] writing entry points to ../../build/autoRobo/autoRobo.egg-info/entry_points.txt
[5.139s] writing requirements to ../../build/autoRobo/autoRobo.egg-info/requires.txt
[5.140s] writing top-level names to ../../build/autoRobo/autoRobo.egg-info/top_level.txt
[5.149s] reading manifest file '../../build/autoRobo/autoRobo.egg-info/SOURCES.txt'
[5.152s] writing manifest file '../../build/autoRobo/autoRobo.egg-info/SOURCES.txt'
[5.153s] running build
[5.154s] running build_py
[5.155s] copying autoRobo/ImgProcess.py -> /home/yamashita/natu2024/build/autoRobo/build/lib/autoRobo
[5.157s] running install
[5.158s] running install_lib
[5.162s] copying /home/yamashita/natu2024/build/autoRobo/build/lib/autoRobo/ImgProcess.py -> /home/yamashita/natu2024/install/autoRobo/lib/python3.10/site-packages/autoRobo
[5.165s] byte-compiling /home/yamashita/natu2024/install/autoRobo/lib/python3.10/site-packages/autoRobo/ImgProcess.py to ImgProcess.cpython-310.pyc
[5.176s] running install_data
[5.178s] running install_egg_info
[5.184s] removing '/home/yamashita/natu2024/install/autoRobo/lib/python3.10/site-packages/autoRobo-0.0.0-py3.10.egg-info' (and everything under it)
[5.186s] Copying ../../build/autoRobo/autoRobo.egg-info to /home/yamashita/natu2024/install/autoRobo/lib/python3.10/site-packages/autoRobo-0.0.0-py3.10.egg-info
[5.192s] running install_scripts
[5.270s] Installing ImgProcess script to /home/yamashita/natu2024/install/autoRobo/lib/autoRobo
[5.271s] Installing Loclization script to /home/yamashita/natu2024/install/autoRobo/lib/autoRobo
[5.273s] writing list of installed files to '/home/yamashita/natu2024/build/autoRobo/install.log'
[5.404s] Invoked command in '/home/yamashita/natu2024/src/autoRobo' returned '0': PYTHONPATH=/home/yamashita/natu2024/build/autoRobo/prefix_override:/usr/lib/python3/dist-packages/colcon_core/task/python/colcon_distutils_commands:/home/yamashita/natu2024/install/autoRobo/lib/python3.10/site-packages:${PYTHONPATH} /usr/bin/python3 -W ignore:setup.py install is deprecated setup.py egg_info --egg-base ../../build/autoRobo build --build-base /home/yamashita/natu2024/build/autoRobo/build install --record /home/yamashita/natu2024/build/autoRobo/install.log --single-version-externally-managed install_data
