[3.061s] Invoking command in '/home/yamashita/natu2024/src/autoRobo': PYTHONPATH=/home/yamashita/natu2024/build/autoRobo/prefix_override:/usr/lib/python3/dist-packages/colcon_core/task/python/colcon_distutils_commands:/home/yamashita/natu2024/install/autoRobo/lib/python3.10/site-packages:${PYTHONPATH} /usr/bin/python3 -W ignore:setup.py install is deprecated setup.py egg_info --egg-base ../../build/autoRobo build --build-base /home/yamashita/natu2024/build/autoRobo/build install --record /home/yamashita/natu2024/build/autoRobo/install.log --single-version-externally-managed install_data
[4.263s] running egg_info
[4.265s] writing ../../build/autoRobo/autoRobo.egg-info/PKG-INFO
[4.266s] writing dependency_links to ../../build/autoRobo/autoRobo.egg-info/dependency_links.txt
[4.267s] writing entry points to ../../build/autoRobo/autoRobo.egg-info/entry_points.txt
[4.268s] writing requirements to ../../build/autoRobo/autoRobo.egg-info/requires.txt
[4.269s] writing top-level names to ../../build/autoRobo/autoRobo.egg-info/top_level.txt
[4.278s] reading manifest file '../../build/autoRobo/autoRobo.egg-info/SOURCES.txt'
[4.282s] writing manifest file '../../build/autoRobo/autoRobo.egg-info/SOURCES.txt'
[4.282s] running build
[4.283s] running build_py
[4.284s] copying autoRobo/serial.py -> /home/yamashita/natu2024/build/autoRobo/build/lib/autoRobo
[4.285s] running install
[4.287s] running install_lib
[4.290s] copying /home/yamashita/natu2024/build/autoRobo/build/lib/autoRobo/serial.py -> /home/yamashita/natu2024/install/autoRobo/lib/python3.10/site-packages/autoRobo
[4.293s] byte-compiling /home/yamashita/natu2024/install/autoRobo/lib/python3.10/site-packages/autoRobo/serial.py to serial.cpython-310.pyc
[4.296s] running install_data
[4.297s] running install_egg_info
[4.304s] removing '/home/yamashita/natu2024/install/autoRobo/lib/python3.10/site-packages/autoRobo-0.0.0-py3.10.egg-info' (and everything under it)
[4.306s] Copying ../../build/autoRobo/autoRobo.egg-info to /home/yamashita/natu2024/install/autoRobo/lib/python3.10/site-packages/autoRobo-0.0.0-py3.10.egg-info
[4.312s] running install_scripts
[4.387s] Installing ImgProcess script to /home/yamashita/natu2024/install/autoRobo/lib/autoRobo
[4.388s] Installing Loclization script to /home/yamashita/natu2024/install/autoRobo/lib/autoRobo
[4.389s] Installing serial script to /home/yamashita/natu2024/install/autoRobo/lib/autoRobo
[4.391s] writing list of installed files to '/home/yamashita/natu2024/build/autoRobo/install.log'
[4.521s] Invoked command in '/home/yamashita/natu2024/src/autoRobo' returned '0': PYTHONPATH=/home/yamashita/natu2024/build/autoRobo/prefix_override:/usr/lib/python3/dist-packages/colcon_core/task/python/colcon_distutils_commands:/home/yamashita/natu2024/install/autoRobo/lib/python3.10/site-packages:${PYTHONPATH} /usr/bin/python3 -W ignore:setup.py install is deprecated setup.py egg_info --egg-base ../../build/autoRobo build --build-base /home/yamashita/natu2024/build/autoRobo/build install --record /home/yamashita/natu2024/build/autoRobo/install.log --single-version-externally-managed install_data
