[4.817s] Invoking command in '/home/yamashita/natu2024/src/autoRobo': PYTHONPATH=/home/yamashita/natu2024/build/autoRobo/prefix_override:/usr/lib/python3/dist-packages/colcon_core/task/python/colcon_distutils_commands:/home/yamashita/natu2024/install/autoRobo/lib/python3.10/site-packages:${PYTHONPATH} /usr/bin/python3 -W ignore:setup.py install is deprecated setup.py egg_info --egg-base ../../build/autoRobo build --build-base /home/yamashita/natu2024/build/autoRobo/build install --record /home/yamashita/natu2024/build/autoRobo/install.log --single-version-externally-managed install_data
[6.844s] running egg_info
[6.846s] writing ../../build/autoRobo/autoRobo.egg-info/PKG-INFO
[6.848s] writing dependency_links to ../../build/autoRobo/autoRobo.egg-info/dependency_links.txt
[6.850s] writing entry points to ../../build/autoRobo/autoRobo.egg-info/entry_points.txt
[6.852s] writing requirements to ../../build/autoRobo/autoRobo.egg-info/requires.txt
[6.852s] writing top-level names to ../../build/autoRobo/autoRobo.egg-info/top_level.txt
[6.867s] reading manifest file '../../build/autoRobo/autoRobo.egg-info/SOURCES.txt'
[6.873s] writing manifest file '../../build/autoRobo/autoRobo.egg-info/SOURCES.txt'
[6.874s] running build
[6.877s] running build_py
[6.878s] copying autoRobo/localization.py -> /home/yamashita/natu2024/build/autoRobo/build/lib/autoRobo
[6.878s] running install
[6.881s] running install_lib
[6.883s] copying /home/yamashita/natu2024/build/autoRobo/build/lib/autoRobo/localization.py -> /home/yamashita/natu2024/install/autoRobo/lib/python3.10/site-packages/autoRobo
[6.887s] byte-compiling /home/yamashita/natu2024/install/autoRobo/lib/python3.10/site-packages/autoRobo/localization.py to localization.cpython-310.pyc
[6.892s] running install_data
[6.893s] running install_egg_info
[6.903s] removing '/home/yamashita/natu2024/install/autoRobo/lib/python3.10/site-packages/autoRobo-0.0.0-py3.10.egg-info' (and everything under it)
[6.905s] Copying ../../build/autoRobo/autoRobo.egg-info to /home/yamashita/natu2024/install/autoRobo/lib/python3.10/site-packages/autoRobo-0.0.0-py3.10.egg-info
[6.913s] running install_scripts
[7.009s] Installing ImgProcess script to /home/yamashita/natu2024/install/autoRobo/lib/autoRobo
[7.010s] Installing Loclization script to /home/yamashita/natu2024/install/autoRobo/lib/autoRobo
[7.013s] writing list of installed files to '/home/yamashita/natu2024/build/autoRobo/install.log'
[7.232s] Invoked command in '/home/yamashita/natu2024/src/autoRobo' returned '0': PYTHONPATH=/home/yamashita/natu2024/build/autoRobo/prefix_override:/usr/lib/python3/dist-packages/colcon_core/task/python/colcon_distutils_commands:/home/yamashita/natu2024/install/autoRobo/lib/python3.10/site-packages:${PYTHONPATH} /usr/bin/python3 -W ignore:setup.py install is deprecated setup.py egg_info --egg-base ../../build/autoRobo build --build-base /home/yamashita/natu2024/build/autoRobo/build install --record /home/yamashita/natu2024/build/autoRobo/install.log --single-version-externally-managed install_data
