[3.067s] Invoking command in '/home/yamashita/natu2024/src/autoRobo': PYTHONPATH=/home/yamashita/natu2024/build/autoRobo/prefix_override:/usr/lib/python3/dist-packages/colcon_core/task/python/colcon_distutils_commands:/home/yamashita/natu2024/install/autoRobo/lib/python3.10/site-packages:${PYTHONPATH} /usr/bin/python3 -W ignore:setup.py install is deprecated setup.py egg_info --egg-base ../../build/autoRobo build --build-base /home/yamashita/natu2024/build/autoRobo/build install --record /home/yamashita/natu2024/build/autoRobo/install.log --single-version-externally-managed install_data
[4.247s] running egg_info
[4.250s] writing ../../build/autoRobo/autoRobo.egg-info/PKG-INFO
[4.251s] writing dependency_links to ../../build/autoRobo/autoRobo.egg-info/dependency_links.txt
[4.252s] writing entry points to ../../build/autoRobo/autoRobo.egg-info/entry_points.txt
[4.252s] writing requirements to ../../build/autoRobo/autoRobo.egg-info/requires.txt
[4.253s] writing top-level names to ../../build/autoRobo/autoRobo.egg-info/top_level.txt
[4.262s] reading manifest file '../../build/autoRobo/autoRobo.egg-info/SOURCES.txt'
[4.266s] writing manifest file '../../build/autoRobo/autoRobo.egg-info/SOURCES.txt'
[4.267s] running build
[4.267s] running build_py
[4.269s] running install
[4.271s] running install_lib
[4.277s] running install_data
[4.278s] running install_egg_info
[4.285s] removing '/home/yamashita/natu2024/install/autoRobo/lib/python3.10/site-packages/autoRobo-0.0.0-py3.10.egg-info' (and everything under it)
[4.286s] Copying ../../build/autoRobo/autoRobo.egg-info to /home/yamashita/natu2024/install/autoRobo/lib/python3.10/site-packages/autoRobo-0.0.0-py3.10.egg-info
[4.292s] running install_scripts
[4.368s] Installing ImgProcess script to /home/yamashita/natu2024/install/autoRobo/lib/autoRobo
[4.368s] Installing Localization script to /home/yamashita/natu2024/install/autoRobo/lib/autoRobo
[4.369s] Installing operater script to /home/yamashita/natu2024/install/autoRobo/lib/autoRobo
[4.370s] Installing serial script to /home/yamashita/natu2024/install/autoRobo/lib/autoRobo
[4.371s] Installing strategy script to /home/yamashita/natu2024/install/autoRobo/lib/autoRobo
[4.373s] writing list of installed files to '/home/yamashita/natu2024/build/autoRobo/install.log'
[4.498s] Invoked command in '/home/yamashita/natu2024/src/autoRobo' returned '0': PYTHONPATH=/home/yamashita/natu2024/build/autoRobo/prefix_override:/usr/lib/python3/dist-packages/colcon_core/task/python/colcon_distutils_commands:/home/yamashita/natu2024/install/autoRobo/lib/python3.10/site-packages:${PYTHONPATH} /usr/bin/python3 -W ignore:setup.py install is deprecated setup.py egg_info --egg-base ../../build/autoRobo build --build-base /home/yamashita/natu2024/build/autoRobo/build install --record /home/yamashita/natu2024/build/autoRobo/install.log --single-version-externally-managed install_data
