[3.044s] Invoking command in '/home/yamashita/natu2024/src/autoRobo': PYTHONPATH=/home/yamashita/natu2024/build/autoRobo/prefix_override:/usr/lib/python3/dist-packages/colcon_core/task/python/colcon_distutils_commands:/home/yamashita/natu2024/install/autoRobo/lib/python3.10/site-packages:${PYTHONPATH} /usr/bin/python3 -W ignore:setup.py install is deprecated setup.py egg_info --egg-base ../../build/autoRobo build --build-base /home/yamashita/natu2024/build/autoRobo/build install --record /home/yamashita/natu2024/build/autoRobo/install.log --single-version-externally-managed install_data
[4.242s] running egg_info
[4.244s] writing ../../build/autoRobo/autoRobo.egg-info/PKG-INFO
[4.245s] writing dependency_links to ../../build/autoRobo/autoRobo.egg-info/dependency_links.txt
[4.246s] writing entry points to ../../build/autoRobo/autoRobo.egg-info/entry_points.txt
[4.247s] writing requirements to ../../build/autoRobo/autoRobo.egg-info/requires.txt
[4.248s] writing top-level names to ../../build/autoRobo/autoRobo.egg-info/top_level.txt
[4.257s] reading manifest file '../../build/autoRobo/autoRobo.egg-info/SOURCES.txt'
[4.261s] writing manifest file '../../build/autoRobo/autoRobo.egg-info/SOURCES.txt'
[4.262s] running build
[4.262s] running build_py
[4.263s] copying autoRobo/operater.py -> /home/yamashita/natu2024/build/autoRobo/build/lib/autoRobo
[4.264s] copying autoRobo/ImgProcess.py -> /home/yamashita/natu2024/build/autoRobo/build/lib/autoRobo
[4.265s] running install
[4.267s] running install_lib
[4.270s] copying /home/yamashita/natu2024/build/autoRobo/build/lib/autoRobo/operater.py -> /home/yamashita/natu2024/install/autoRobo/lib/python3.10/site-packages/autoRobo
[4.271s] copying /home/yamashita/natu2024/build/autoRobo/build/lib/autoRobo/ImgProcess.py -> /home/yamashita/natu2024/install/autoRobo/lib/python3.10/site-packages/autoRobo
[4.275s] byte-compiling /home/yamashita/natu2024/install/autoRobo/lib/python3.10/site-packages/autoRobo/operater.py to operater.cpython-310.pyc
[4.279s] byte-compiling /home/yamashita/natu2024/install/autoRobo/lib/python3.10/site-packages/autoRobo/ImgProcess.py to ImgProcess.cpython-310.pyc
[4.291s] running install_data
[4.292s] running install_egg_info
[4.299s] removing '/home/yamashita/natu2024/install/autoRobo/lib/python3.10/site-packages/autoRobo-0.0.0-py3.10.egg-info' (and everything under it)
[4.301s] Copying ../../build/autoRobo/autoRobo.egg-info to /home/yamashita/natu2024/install/autoRobo/lib/python3.10/site-packages/autoRobo-0.0.0-py3.10.egg-info
[4.309s] running install_scripts
[4.383s] Installing ImgProcess script to /home/yamashita/natu2024/install/autoRobo/lib/autoRobo
[4.384s] Installing Localization script to /home/yamashita/natu2024/install/autoRobo/lib/autoRobo
[4.385s] Installing operater script to /home/yamashita/natu2024/install/autoRobo/lib/autoRobo
[4.386s] Installing serial script to /home/yamashita/natu2024/install/autoRobo/lib/autoRobo
[4.388s] writing list of installed files to '/home/yamashita/natu2024/build/autoRobo/install.log'
[4.514s] Invoked command in '/home/yamashita/natu2024/src/autoRobo' returned '0': PYTHONPATH=/home/yamashita/natu2024/build/autoRobo/prefix_override:/usr/lib/python3/dist-packages/colcon_core/task/python/colcon_distutils_commands:/home/yamashita/natu2024/install/autoRobo/lib/python3.10/site-packages:${PYTHONPATH} /usr/bin/python3 -W ignore:setup.py install is deprecated setup.py egg_info --egg-base ../../build/autoRobo build --build-base /home/yamashita/natu2024/build/autoRobo/build install --record /home/yamashita/natu2024/build/autoRobo/install.log --single-version-externally-managed install_data
