[4.867s] Invoking command in '/home/yamashita/natu2024/src/autoRobo': PYTHONPATH=/home/yamashita/natu2024/build/autoRobo/prefix_override:/usr/lib/python3/dist-packages/colcon_core/task/python/colcon_distutils_commands:/home/yamashita/natu2024/install/autoRobo/lib/python3.10/site-packages:${PYTHONPATH} /usr/bin/python3 -W ignore:setup.py install is deprecated setup.py egg_info --egg-base ../../build/autoRobo build --build-base /home/yamashita/natu2024/build/autoRobo/build install --record /home/yamashita/natu2024/build/autoRobo/install.log --single-version-externally-managed install_data
[6.862s] running egg_info
[6.864s] writing ../../build/autoRobo/autoRobo.egg-info/PKG-INFO
[6.867s] writing dependency_links to ../../build/autoRobo/autoRobo.egg-info/dependency_links.txt
[6.872s] writing entry points to ../../build/autoRobo/autoRobo.egg-info/entry_points.txt
[6.874s] writing requirements to ../../build/autoRobo/autoRobo.egg-info/requires.txt
[6.877s] writing top-level names to ../../build/autoRobo/autoRobo.egg-info/top_level.txt
[6.895s] reading manifest file '../../build/autoRobo/autoRobo.egg-info/SOURCES.txt'
[6.901s] writing manifest file '../../build/autoRobo/autoRobo.egg-info/SOURCES.txt'
[6.902s] running build
[6.902s] running build_py
[6.904s] running install
[6.906s] running install_lib
[6.913s] running install_data
[6.914s] running install_egg_info
[6.921s] removing '/home/yamashita/natu2024/install/autoRobo/lib/python3.10/site-packages/autoRobo-0.0.0-py3.10.egg-info' (and everything under it)
[6.924s] Copying ../../build/autoRobo/autoRobo.egg-info to /home/yamashita/natu2024/install/autoRobo/lib/python3.10/site-packages/autoRobo-0.0.0-py3.10.egg-info
[6.933s] running install_scripts
[7.021s] Installing ImgProcess script to /home/yamashita/natu2024/install/autoRobo/lib/autoRobo
[7.022s] Installing Loclization script to /home/yamashita/natu2024/install/autoRobo/lib/autoRobo
[7.024s] writing list of installed files to '/home/yamashita/natu2024/build/autoRobo/install.log'
[7.231s] Invoked command in '/home/yamashita/natu2024/src/autoRobo' returned '0': PYTHONPATH=/home/yamashita/natu2024/build/autoRobo/prefix_override:/usr/lib/python3/dist-packages/colcon_core/task/python/colcon_distutils_commands:/home/yamashita/natu2024/install/autoRobo/lib/python3.10/site-packages:${PYTHONPATH} /usr/bin/python3 -W ignore:setup.py install is deprecated setup.py egg_info --egg-base ../../build/autoRobo build --build-base /home/yamashita/natu2024/build/autoRobo/build install --record /home/yamashita/natu2024/build/autoRobo/install.log --single-version-externally-managed install_data
