[8.643s] Invoking command in '/home/yamashita/natu2024/src/autoRobo': PYTHONPATH=/home/yamashita/natu2024/build/autoRobo/prefix_override:/usr/lib/python3/dist-packages/colcon_core/task/python/colcon_distutils_commands:/home/yamashita/natu2024/install/autoRobo/lib/python3.10/site-packages:${PYTHONPATH} /usr/bin/python3 -W ignore:setup.py install is deprecated setup.py egg_info --egg-base ../../build/autoRobo build --build-base /home/yamashita/natu2024/build/autoRobo/build install --record /home/yamashita/natu2024/build/autoRobo/install.log --single-version-externally-managed install_data
[11.009s] running egg_info
[11.014s] writing ../../build/autoRobo/autoRobo.egg-info/PKG-INFO
[11.018s] writing dependency_links to ../../build/autoRobo/autoRobo.egg-info/dependency_links.txt
[11.022s] writing entry points to ../../build/autoRobo/autoRobo.egg-info/entry_points.txt
[11.026s] writing requirements to ../../build/autoRobo/autoRobo.egg-info/requires.txt
[11.029s] writing top-level names to ../../build/autoRobo/autoRobo.egg-info/top_level.txt
[11.042s] reading manifest file '../../build/autoRobo/autoRobo.egg-info/SOURCES.txt'
[11.049s] writing manifest file '../../build/autoRobo/autoRobo.egg-info/SOURCES.txt'
[11.049s] running build
[11.050s] running build_py
[11.051s] copying autoRobo/strategy.py -> /home/yamashita/natu2024/build/autoRobo/build/lib/autoRobo
[11.053s] running install
[11.055s] running install_lib
[11.064s] copying /home/yamashita/natu2024/build/autoRobo/build/lib/autoRobo/strategy.py -> /home/yamashita/natu2024/install/autoRobo/lib/python3.10/site-packages/autoRobo
[11.065s] byte-compiling /home/yamashita/natu2024/install/autoRobo/lib/python3.10/site-packages/autoRobo/strategy.py to strategy.cpython-310.pyc
[11.073s] running install_data
[11.074s] running install_egg_info
[11.084s] removing '/home/yamashita/natu2024/install/autoRobo/lib/python3.10/site-packages/autoRobo-0.0.0-py3.10.egg-info' (and everything under it)
[11.086s] Copying ../../build/autoRobo/autoRobo.egg-info to /home/yamashita/natu2024/install/autoRobo/lib/python3.10/site-packages/autoRobo-0.0.0-py3.10.egg-info
[11.096s] running install_scripts
[11.208s] Installing ImgProcess script to /home/yamashita/natu2024/install/autoRobo/lib/autoRobo
[11.209s] Installing Localization script to /home/yamashita/natu2024/install/autoRobo/lib/autoRobo
[11.210s] Installing operater script to /home/yamashita/natu2024/install/autoRobo/lib/autoRobo
[11.211s] Installing serial script to /home/yamashita/natu2024/install/autoRobo/lib/autoRobo
[11.212s] Installing strategy script to /home/yamashita/natu2024/install/autoRobo/lib/autoRobo
[11.214s] writing list of installed files to '/home/yamashita/natu2024/build/autoRobo/install.log'
[11.371s] Invoked command in '/home/yamashita/natu2024/src/autoRobo' returned '0': PYTHONPATH=/home/yamashita/natu2024/build/autoRobo/prefix_override:/usr/lib/python3/dist-packages/colcon_core/task/python/colcon_distutils_commands:/home/yamashita/natu2024/install/autoRobo/lib/python3.10/site-packages:${PYTHONPATH} /usr/bin/python3 -W ignore:setup.py install is deprecated setup.py egg_info --egg-base ../../build/autoRobo build --build-base /home/yamashita/natu2024/build/autoRobo/build install --record /home/yamashita/natu2024/build/autoRobo/install.log --single-version-externally-managed install_data
