[1.117s] DEBUG:colcon:Command line arguments: ['/usr/bin/colcon', 'build']
[1.118s] DEBUG:colcon:Parsed command line arguments: Namespace(log_base=None, log_level=None, verb_name='build', build_base='build', install_base='install', merge_install=False, symlink_install=False, test_result_base=None, continue_on_error=False, executor='parallel', parallel_workers=4, event_handlers=None, ignore_user_meta=False, metas=['./colcon.meta'], base_paths=['.'], packages_ignore=None, packages_ignore_regex=None, paths=None, packages_up_to=None, packages_up_to_regex=None, packages_above=None, packages_above_and_dependencies=None, packages_above_depth=None, packages_select_by_dep=None, packages_skip_by_dep=None, packages_skip_up_to=None, packages_select_build_failed=False, packages_skip_build_finished=False, packages_select_test_failures=False, packages_skip_test_passed=False, packages_select=None, packages_skip=None, packages_select_regex=None, packages_skip_regex=None, packages_start=None, packages_end=None, allow_overriding=[], cmake_args=None, cmake_target=None, cmake_target_skip_unavailable=False, cmake_clean_cache=False, cmake_clean_first=False, cmake_force_configure=False, ament_cmake_args=None, catkin_cmake_args=None, catkin_skip_building_tests=False, verb_parser=<colcon_defaults.argument_parser.defaults.DefaultArgumentsDecorator object at 0xffffa9ab8370>, verb_extension=<colcon_core.verb.build.BuildVerb object at 0xffffa9bf8fa0>, main=<bound method BuildVerb.main of <colcon_core.verb.build.BuildVerb object at 0xffffa9bf8fa0>>)
[2.940s] Level 1:colcon.colcon_core.package_discovery:discover_packages(colcon_meta) check parameters
[2.941s] Level 1:colcon.colcon_core.package_discovery:discover_packages(recursive) check parameters
[2.942s] Level 1:colcon.colcon_core.package_discovery:discover_packages(ignore) check parameters
[2.942s] Level 1:colcon.colcon_core.package_discovery:discover_packages(path) check parameters
[2.943s] Level 1:colcon.colcon_core.package_discovery:discover_packages(colcon_meta) discover
[2.944s] Level 1:colcon.colcon_core.package_discovery:discover_packages(recursive) discover
[2.944s] INFO:colcon.colcon_core.package_discovery:Crawling recursively for packages in '/home/yamashita/natu2024'
[2.946s] Level 1:colcon.colcon_core.package_identification:_identify(.) by extensions ['ignore', 'ignore_ament_install']
[2.947s] Level 1:colcon.colcon_core.package_identification:_identify(.) by extension 'ignore'
[2.948s] Level 1:colcon.colcon_core.package_identification:_identify(.) by extension 'ignore_ament_install'
[2.949s] Level 1:colcon.colcon_core.package_identification:_identify(.) by extensions ['colcon_pkg']
[2.950s] Level 1:colcon.colcon_core.package_identification:_identify(.) by extension 'colcon_pkg'
[2.951s] Level 1:colcon.colcon_core.package_identification:_identify(.) by extensions ['colcon_meta']
[2.952s] Level 1:colcon.colcon_core.package_identification:_identify(.) by extension 'colcon_meta'
[2.953s] Level 1:colcon.colcon_core.package_identification:_identify(.) by extensions ['ros']
[2.954s] Level 1:colcon.colcon_core.package_identification:_identify(.) by extension 'ros'
[3.057s] Level 1:colcon.colcon_core.package_identification:_identify(.) by extensions ['cmake', 'python']
[3.057s] Level 1:colcon.colcon_core.package_identification:_identify(.) by extension 'cmake'
[3.059s] Level 1:colcon.colcon_core.package_identification:_identify(.) by extension 'python'
[3.060s] Level 1:colcon.colcon_core.package_identification:_identify(.) by extensions ['python_setup_py']
[3.062s] Level 1:colcon.colcon_core.package_identification:_identify(.) by extension 'python_setup_py'
[3.064s] Level 1:colcon.colcon_core.package_identification:_identify(build) by extensions ['ignore', 'ignore_ament_install']
[3.066s] Level 1:colcon.colcon_core.package_identification:_identify(build) by extension 'ignore'
[3.068s] Level 1:colcon.colcon_core.package_identification:_identify(build) ignored
[3.071s] Level 1:colcon.colcon_core.package_identification:_identify(install) by extensions ['ignore', 'ignore_ament_install']
[3.073s] Level 1:colcon.colcon_core.package_identification:_identify(install) by extension 'ignore'
[3.074s] Level 1:colcon.colcon_core.package_identification:_identify(install) ignored
[3.089s] Level 1:colcon.colcon_core.package_identification:_identify(log) by extensions ['ignore', 'ignore_ament_install']
[3.090s] Level 1:colcon.colcon_core.package_identification:_identify(log) by extension 'ignore'
[3.091s] Level 1:colcon.colcon_core.package_identification:_identify(log) ignored
[3.093s] Level 1:colcon.colcon_core.package_identification:_identify(src) by extensions ['ignore', 'ignore_ament_install']
[3.094s] Level 1:colcon.colcon_core.package_identification:_identify(src) by extension 'ignore'
[3.095s] Level 1:colcon.colcon_core.package_identification:_identify(src) by extension 'ignore_ament_install'
[3.097s] Level 1:colcon.colcon_core.package_identification:_identify(src) by extensions ['colcon_pkg']
[3.098s] Level 1:colcon.colcon_core.package_identification:_identify(src) by extension 'colcon_pkg'
[3.099s] Level 1:colcon.colcon_core.package_identification:_identify(src) by extensions ['colcon_meta']
[3.100s] Level 1:colcon.colcon_core.package_identification:_identify(src) by extension 'colcon_meta'
[3.101s] Level 1:colcon.colcon_core.package_identification:_identify(src) by extensions ['ros']
[3.102s] Level 1:colcon.colcon_core.package_identification:_identify(src) by extension 'ros'
[3.104s] Level 1:colcon.colcon_core.package_identification:_identify(src) by extensions ['cmake', 'python']
[3.105s] Level 1:colcon.colcon_core.package_identification:_identify(src) by extension 'cmake'
[3.105s] Level 1:colcon.colcon_core.package_identification:_identify(src) by extension 'python'
[3.106s] Level 1:colcon.colcon_core.package_identification:_identify(src) by extensions ['python_setup_py']
[3.107s] Level 1:colcon.colcon_core.package_identification:_identify(src) by extension 'python_setup_py'
[3.109s] Level 1:colcon.colcon_core.package_identification:_identify(src/autoRobo) by extensions ['ignore', 'ignore_ament_install']
[3.110s] Level 1:colcon.colcon_core.package_identification:_identify(src/autoRobo) by extension 'ignore'
[3.112s] Level 1:colcon.colcon_core.package_identification:_identify(src/autoRobo) by extension 'ignore_ament_install'
[3.113s] Level 1:colcon.colcon_core.package_identification:_identify(src/autoRobo) by extensions ['colcon_pkg']
[3.113s] Level 1:colcon.colcon_core.package_identification:_identify(src/autoRobo) by extension 'colcon_pkg'
[3.114s] Level 1:colcon.colcon_core.package_identification:_identify(src/autoRobo) by extensions ['colcon_meta']
[3.115s] Level 1:colcon.colcon_core.package_identification:_identify(src/autoRobo) by extension 'colcon_meta'
[3.115s] Level 1:colcon.colcon_core.package_identification:_identify(src/autoRobo) by extensions ['ros']
[3.117s] Level 1:colcon.colcon_core.package_identification:_identify(src/autoRobo) by extension 'ros'
[3.140s] DEBUG:colcon.colcon_core.package_identification:Package 'src/autoRobo' with type 'ros.ament_python' and name 'autoRobo'
[3.141s] Level 1:colcon.colcon_core.package_discovery:discover_packages(recursive) using defaults
[3.141s] Level 1:colcon.colcon_core.package_discovery:discover_packages(ignore) discover
[3.141s] Level 1:colcon.colcon_core.package_discovery:discover_packages(ignore) using defaults
[3.141s] Level 1:colcon.colcon_core.package_discovery:discover_packages(path) discover
[3.141s] Level 1:colcon.colcon_core.package_discovery:discover_packages(path) using defaults
[3.321s] Level 1:colcon.colcon_core.package_discovery:discover_packages(prefix_path) check parameters
[3.322s] Level 1:colcon.colcon_core.package_discovery:discover_packages(prefix_path) discover
[3.341s] DEBUG:colcon.colcon_installed_package_information.package_discovery:Found 2 installed packages in /home/yamashita/natu2024/install
[3.354s] DEBUG:colcon.colcon_installed_package_information.package_discovery:Found 305 installed packages in /opt/ros/humble
[3.363s] Level 1:colcon.colcon_core.package_discovery:discover_packages(prefix_path) using defaults
[4.007s] Level 5:colcon.colcon_core.verb:set package 'autoRobo' build argument 'cmake_args' from command line to 'None'
[4.008s] Level 5:colcon.colcon_core.verb:set package 'autoRobo' build argument 'cmake_target' from command line to 'None'
[4.009s] Level 5:colcon.colcon_core.verb:set package 'autoRobo' build argument 'cmake_target_skip_unavailable' from command line to 'False'
[4.009s] Level 5:colcon.colcon_core.verb:set package 'autoRobo' build argument 'cmake_clean_cache' from command line to 'False'
[4.010s] Level 5:colcon.colcon_core.verb:set package 'autoRobo' build argument 'cmake_clean_first' from command line to 'False'
[4.010s] Level 5:colcon.colcon_core.verb:set package 'autoRobo' build argument 'cmake_force_configure' from command line to 'False'
[4.011s] Level 5:colcon.colcon_core.verb:set package 'autoRobo' build argument 'ament_cmake_args' from command line to 'None'
[4.011s] Level 5:colcon.colcon_core.verb:set package 'autoRobo' build argument 'catkin_cmake_args' from command line to 'None'
[4.012s] Level 5:colcon.colcon_core.verb:set package 'autoRobo' build argument 'catkin_skip_building_tests' from command line to 'False'
[4.012s] DEBUG:colcon.colcon_core.verb:Building package 'autoRobo' with the following arguments: {'ament_cmake_args': None, 'build_base': '/home/yamashita/natu2024/build/autoRobo', 'catkin_cmake_args': None, 'catkin_skip_building_tests': False, 'cmake_args': None, 'cmake_clean_cache': False, 'cmake_clean_first': False, 'cmake_force_configure': False, 'cmake_target': None, 'cmake_target_skip_unavailable': False, 'install_base': '/home/yamashita/natu2024/install/autoRobo', 'merge_install': False, 'path': '/home/yamashita/natu2024/src/autoRobo', 'symlink_install': False, 'test_result_base': None}
[4.014s] INFO:colcon.colcon_core.executor:Executing jobs using 'parallel' executor
[4.021s] DEBUG:colcon.colcon_parallel_executor.executor.parallel:run_until_complete
[4.024s] INFO:colcon.colcon_ros.task.ament_python.build:Building ROS package in '/home/yamashita/natu2024/src/autoRobo' with build type 'ament_python'
[4.026s] Level 1:colcon.colcon_core.shell:create_environment_hook('autoRobo', 'ament_prefix_path')
[4.047s] INFO:colcon.colcon_core.plugin_system:Skipping extension 'colcon_core.shell.bat': Not used on non-Windows systems
[4.049s] INFO:colcon.colcon_core.shell:Creating environment hook '/home/yamashita/natu2024/install/autoRobo/share/autoRobo/hook/ament_prefix_path.ps1'
[4.055s] INFO:colcon.colcon_core.shell:Creating environment descriptor '/home/yamashita/natu2024/install/autoRobo/share/autoRobo/hook/ament_prefix_path.dsv'
[4.059s] INFO:colcon.colcon_core.shell:Creating environment hook '/home/yamashita/natu2024/install/autoRobo/share/autoRobo/hook/ament_prefix_path.sh'
[4.065s] INFO:colcon.colcon_core.shell:Skip shell extension 'powershell' for command environment: Not usable outside of PowerShell
[4.066s] DEBUG:colcon.colcon_core.shell:Skip shell extension 'dsv' for command environment
[6.517s] INFO:colcon.colcon_core.task.python.build:Building Python package in '/home/yamashita/natu2024/src/autoRobo'
[6.518s] INFO:colcon.colcon_core.shell:Skip shell extension 'powershell' for command environment: Not usable outside of PowerShell
[6.518s] DEBUG:colcon.colcon_core.shell:Skip shell extension 'dsv' for command environment
[8.254s] DEBUG:colcon.colcon_core.event_handler.log_command:Invoking command in '/home/yamashita/natu2024/src/autoRobo': PYTHONPATH=/home/yamashita/natu2024/build/autoRobo/prefix_override:/usr/lib/python3/dist-packages/colcon_core/task/python/colcon_distutils_commands:/home/yamashita/natu2024/install/autoRobo/lib/python3.10/site-packages:${PYTHONPATH} /usr/bin/python3 -W ignore:setup.py install is deprecated setup.py egg_info --egg-base ../../build/autoRobo build --build-base /home/yamashita/natu2024/build/autoRobo/build install --record /home/yamashita/natu2024/build/autoRobo/install.log --single-version-externally-managed install_data
[9.723s] DEBUG:colcon.colcon_core.event_handler.log_command:Invoked command in '/home/yamashita/natu2024/src/autoRobo' returned '0': PYTHONPATH=/home/yamashita/natu2024/build/autoRobo/prefix_override:/usr/lib/python3/dist-packages/colcon_core/task/python/colcon_distutils_commands:/home/yamashita/natu2024/install/autoRobo/lib/python3.10/site-packages:${PYTHONPATH} /usr/bin/python3 -W ignore:setup.py install is deprecated setup.py egg_info --egg-base ../../build/autoRobo build --build-base /home/yamashita/natu2024/build/autoRobo/build install --record /home/yamashita/natu2024/build/autoRobo/install.log --single-version-externally-managed install_data
[9.738s] Level 1:colcon.colcon_core.environment:checking '/home/yamashita/natu2024/install/autoRobo' for CMake module files
[9.741s] Level 1:colcon.colcon_core.environment:checking '/home/yamashita/natu2024/install/autoRobo' for CMake config files
[9.745s] Level 1:colcon.colcon_core.environment:checking '/home/yamashita/natu2024/install/autoRobo/lib'
[9.745s] Level 1:colcon.colcon_core.environment:checking '/home/yamashita/natu2024/install/autoRobo/bin'
[9.746s] Level 1:colcon.colcon_core.environment:checking '/home/yamashita/natu2024/install/autoRobo/lib/pkgconfig/autoRobo.pc'
[9.747s] Level 1:colcon.colcon_core.environment:checking '/home/yamashita/natu2024/install/autoRobo/lib/python3.10/site-packages'
[9.747s] Level 1:colcon.colcon_core.shell:create_environment_hook('autoRobo', 'pythonpath')
[9.748s] INFO:colcon.colcon_core.shell:Creating environment hook '/home/yamashita/natu2024/install/autoRobo/share/autoRobo/hook/pythonpath.ps1'
[9.750s] INFO:colcon.colcon_core.shell:Creating environment descriptor '/home/yamashita/natu2024/install/autoRobo/share/autoRobo/hook/pythonpath.dsv'
[9.751s] INFO:colcon.colcon_core.shell:Creating environment hook '/home/yamashita/natu2024/install/autoRobo/share/autoRobo/hook/pythonpath.sh'
[9.754s] Level 1:colcon.colcon_core.environment:checking '/home/yamashita/natu2024/install/autoRobo/bin'
[9.754s] Level 1:colcon.colcon_core.environment:create_environment_scripts_only(autoRobo)
[9.755s] INFO:colcon.colcon_core.shell:Creating package script '/home/yamashita/natu2024/install/autoRobo/share/autoRobo/package.ps1'
[9.759s] INFO:colcon.colcon_core.shell:Creating package descriptor '/home/yamashita/natu2024/install/autoRobo/share/autoRobo/package.dsv'
[9.761s] INFO:colcon.colcon_core.shell:Creating package script '/home/yamashita/natu2024/install/autoRobo/share/autoRobo/package.sh'
[9.764s] INFO:colcon.colcon_core.shell:Creating package script '/home/yamashita/natu2024/install/autoRobo/share/autoRobo/package.bash'
[9.768s] INFO:colcon.colcon_core.shell:Creating package script '/home/yamashita/natu2024/install/autoRobo/share/autoRobo/package.zsh'
[9.770s] Level 1:colcon.colcon_core.environment:create_file_with_runtime_dependencies(/home/yamashita/natu2024/install/autoRobo/share/colcon-core/packages/autoRobo)
[9.772s] DEBUG:colcon.colcon_parallel_executor.executor.parallel:closing loop
[9.773s] DEBUG:colcon.colcon_parallel_executor.executor.parallel:loop closed
[9.774s] DEBUG:colcon.colcon_parallel_executor.executor.parallel:run_until_complete finished with '0'
[9.774s] DEBUG:colcon.colcon_core.event_reactor:joining thread
[9.794s] INFO:colcon.colcon_core.plugin_system:Skipping extension 'colcon_notification.desktop_notification.notify_send': Could not find 'notify-send'
[9.795s] INFO:colcon.colcon_core.plugin_system:Skipping extension 'colcon_notification.desktop_notification.terminal_notifier': Not used on non-Darwin systems
[9.795s] INFO:colcon.colcon_core.plugin_system:Skipping extension 'colcon_notification.desktop_notification.win32': Not used on non-Windows systems
[9.795s] INFO:colcon.colcon_notification.desktop_notification:Sending desktop notification using 'notify2'
[9.798s] DEBUG:colcon.colcon_notification.desktop_notification.notify2:Failed to initialize notify2: org.freedesktop.DBus.Error.ServiceUnknown: The name org.freedesktop.Notifications was not provided by any .service files
[9.799s] DEBUG:colcon.colcon_core.event_reactor:joined thread
[9.800s] INFO:colcon.colcon_core.shell:Creating prefix script '/home/yamashita/natu2024/install/local_setup.ps1'
[9.804s] INFO:colcon.colcon_core.shell:Creating prefix util module '/home/yamashita/natu2024/install/_local_setup_util_ps1.py'
[9.809s] INFO:colcon.colcon_core.shell:Creating prefix chain script '/home/yamashita/natu2024/install/setup.ps1'
[9.814s] INFO:colcon.colcon_core.shell:Creating prefix script '/home/yamashita/natu2024/install/local_setup.sh'
[9.817s] INFO:colcon.colcon_core.shell:Creating prefix util module '/home/yamashita/natu2024/install/_local_setup_util_sh.py'
[9.820s] INFO:colcon.colcon_core.shell:Creating prefix chain script '/home/yamashita/natu2024/install/setup.sh'
[9.824s] INFO:colcon.colcon_core.shell:Creating prefix script '/home/yamashita/natu2024/install/local_setup.bash'
[9.826s] INFO:colcon.colcon_core.shell:Creating prefix chain script '/home/yamashita/natu2024/install/setup.bash'
[9.831s] INFO:colcon.colcon_core.shell:Creating prefix script '/home/yamashita/natu2024/install/local_setup.zsh'
[9.833s] INFO:colcon.colcon_core.shell:Creating prefix chain script '/home/yamashita/natu2024/install/setup.zsh'
