[3.093s] Invoking command in '/home/yamashita/natu2024/src/autoRobo': PYTHONPATH=/home/yamashita/natu2024/build/autoRobo/prefix_override:/usr/lib/python3/dist-packages/colcon_core/task/python/colcon_distutils_commands:/home/yamashita/natu2024/install/autoRobo/lib/python3.10/site-packages:${PYTHONPATH} /usr/bin/python3 -W ignore:setup.py install is deprecated setup.py egg_info --egg-base ../../build/autoRobo build --build-base /home/yamashita/natu2024/build/autoRobo/build install --record /home/yamashita/natu2024/build/autoRobo/install.log --single-version-externally-managed install_data
[4.570s] running egg_info
[4.576s] writing ../../build/autoRobo/autoRobo.egg-info/PKG-INFO
[4.578s] writing dependency_links to ../../build/autoRobo/autoRobo.egg-info/dependency_links.txt
[4.579s] writing entry points to ../../build/autoRobo/autoRobo.egg-info/entry_points.txt
[4.582s] writing requirements to ../../build/autoRobo/autoRobo.egg-info/requires.txt
[4.583s] writing top-level names to ../../build/autoRobo/autoRobo.egg-info/top_level.txt
[4.597s] reading manifest file '../../build/autoRobo/autoRobo.egg-info/SOURCES.txt'
[4.604s] writing manifest file '../../build/autoRobo/autoRobo.egg-info/SOURCES.txt'
[4.607s] running build
[4.608s] running build_py
[4.610s] copying autoRobo/operater.py -> /home/yamashita/natu2024/build/autoRobo/build/lib/autoRobo
[4.616s] running install
[4.618s] running install_lib
[4.624s] copying /home/yamashita/natu2024/build/autoRobo/build/lib/autoRobo/operater.py -> /home/yamashita/natu2024/install/autoRobo/lib/python3.10/site-packages/autoRobo
[4.629s] byte-compiling /home/yamashita/natu2024/install/autoRobo/lib/python3.10/site-packages/autoRobo/operater.py to operater.cpython-310.pyc
[4.636s] running install_data
[4.638s] running install_egg_info
[4.649s] removing '/home/yamashita/natu2024/install/autoRobo/lib/python3.10/site-packages/autoRobo-0.0.0-py3.10.egg-info' (and everything under it)
[4.651s] Copying ../../build/autoRobo/autoRobo.egg-info to /home/yamashita/natu2024/install/autoRobo/lib/python3.10/site-packages/autoRobo-0.0.0-py3.10.egg-info
[4.661s] running install_scripts
[4.746s] Installing ImgProcess script to /home/yamashita/natu2024/install/autoRobo/lib/autoRobo
[4.747s] Installing Localization script to /home/yamashita/natu2024/install/autoRobo/lib/autoRobo
[4.748s] Installing operater script to /home/yamashita/natu2024/install/autoRobo/lib/autoRobo
[4.749s] Installing serial script to /home/yamashita/natu2024/install/autoRobo/lib/autoRobo
[4.751s] writing list of installed files to '/home/yamashita/natu2024/build/autoRobo/install.log'
[4.887s] Invoked command in '/home/yamashita/natu2024/src/autoRobo' returned '0': PYTHONPATH=/home/yamashita/natu2024/build/autoRobo/prefix_override:/usr/lib/python3/dist-packages/colcon_core/task/python/colcon_distutils_commands:/home/yamashita/natu2024/install/autoRobo/lib/python3.10/site-packages:${PYTHONPATH} /usr/bin/python3 -W ignore:setup.py install is deprecated setup.py egg_info --egg-base ../../build/autoRobo build --build-base /home/yamashita/natu2024/build/autoRobo/build install --record /home/yamashita/natu2024/build/autoRobo/install.log --single-version-externally-managed install_data
