[3.086s] Invoking command in '/home/yamashita/natu2024/src/autoRobo': PYTHONPATH=/home/yamashita/natu2024/build/autoRobo/prefix_override:/usr/lib/python3/dist-packages/colcon_core/task/python/colcon_distutils_commands:/home/yamashita/natu2024/install/autoRobo/lib/python3.10/site-packages:${PYTHONPATH} /usr/bin/python3 -W ignore:setup.py install is deprecated setup.py egg_info --egg-base ../../build/autoRobo build --build-base /home/yamashita/natu2024/build/autoRobo/build install --record /home/yamashita/natu2024/build/autoRobo/install.log --single-version-externally-managed install_data
[4.273s] running egg_info
[4.275s] writing ../../build/autoRobo/autoRobo.egg-info/PKG-INFO
[4.276s] writing dependency_links to ../../build/autoRobo/autoRobo.egg-info/dependency_links.txt
[4.277s] writing entry points to ../../build/autoRobo/autoRobo.egg-info/entry_points.txt
[4.278s] writing requirements to ../../build/autoRobo/autoRobo.egg-info/requires.txt
[4.278s] writing top-level names to ../../build/autoRobo/autoRobo.egg-info/top_level.txt
[4.288s] reading manifest file '../../build/autoRobo/autoRobo.egg-info/SOURCES.txt'
[4.291s] writing manifest file '../../build/autoRobo/autoRobo.egg-info/SOURCES.txt'
[4.292s] running build
[4.292s] running build_py
[4.294s] copying autoRobo/strategy.py -> /home/yamashita/natu2024/build/autoRobo/build/lib/autoRobo
[4.296s] running install
[4.297s] running install_lib
[4.301s] copying /home/yamashita/natu2024/build/autoRobo/build/lib/autoRobo/strategy.py -> /home/yamashita/natu2024/install/autoRobo/lib/python3.10/site-packages/autoRobo
[4.304s] byte-compiling /home/yamashita/natu2024/install/autoRobo/lib/python3.10/site-packages/autoRobo/strategy.py to strategy.cpython-310.pyc
[4.306s]   File "/home/yamashita/natu2024/install/autoRobo/lib/python3.10/site-packages/autoRobo/strategy.py", line 14
[4.306s]     self.poses = [np.array([1250,1250,np.pi*5/4]),"slide",np.array([1500,1500,np.pi*5/4]),"slide",,np.array([1550,900,np.pi])]
[4.307s]                                                                                                   ^
[4.307s] SyntaxError: invalid syntax
[4.308s] 
[4.308s] running install_data
[4.308s] running install_egg_info
[4.314s] removing '/home/yamashita/natu2024/install/autoRobo/lib/python3.10/site-packages/autoRobo-0.0.0-py3.10.egg-info' (and everything under it)
[4.316s] Copying ../../build/autoRobo/autoRobo.egg-info to /home/yamashita/natu2024/install/autoRobo/lib/python3.10/site-packages/autoRobo-0.0.0-py3.10.egg-info
[4.322s] running install_scripts
[4.397s] Installing ImgProcess script to /home/yamashita/natu2024/install/autoRobo/lib/autoRobo
[4.398s] Installing Localization script to /home/yamashita/natu2024/install/autoRobo/lib/autoRobo
[4.399s] Installing operater script to /home/yamashita/natu2024/install/autoRobo/lib/autoRobo
[4.400s] Installing serial script to /home/yamashita/natu2024/install/autoRobo/lib/autoRobo
[4.400s] Installing strategy script to /home/yamashita/natu2024/install/autoRobo/lib/autoRobo
[4.402s] writing list of installed files to '/home/yamashita/natu2024/build/autoRobo/install.log'
[4.529s] Invoked command in '/home/yamashita/natu2024/src/autoRobo' returned '0': PYTHONPATH=/home/yamashita/natu2024/build/autoRobo/prefix_override:/usr/lib/python3/dist-packages/colcon_core/task/python/colcon_distutils_commands:/home/yamashita/natu2024/install/autoRobo/lib/python3.10/site-packages:${PYTHONPATH} /usr/bin/python3 -W ignore:setup.py install is deprecated setup.py egg_info --egg-base ../../build/autoRobo build --build-base /home/yamashita/natu2024/build/autoRobo/build install --record /home/yamashita/natu2024/build/autoRobo/install.log --single-version-externally-managed install_data
