[3.790s] Invoking command in '/home/yamashita/natu2024/src/autoRobo': PYTHONPATH=/home/yamashita/natu2024/build/autoRobo/prefix_override:/usr/lib/python3/dist-packages/colcon_core/task/python/colcon_distutils_commands:/home/yamashita/natu2024/install/autoRobo/lib/python3.10/site-packages:${PYTHONPATH} /usr/bin/python3 -W ignore:setup.py install is deprecated setup.py egg_info --egg-base ../../build/autoRobo build --build-base /home/yamashita/natu2024/build/autoRobo/build install --record /home/yamashita/natu2024/build/autoRobo/install.log --single-version-externally-managed install_data
[4.978s] running egg_info
[4.981s] writing ../../build/autoRobo/autoRobo.egg-info/PKG-INFO
[4.982s] writing dependency_links to ../../build/autoRobo/autoRobo.egg-info/dependency_links.txt
[4.983s] writing entry points to ../../build/autoRobo/autoRobo.egg-info/entry_points.txt
[4.983s] writing requirements to ../../build/autoRobo/autoRobo.egg-info/requires.txt
[4.984s] writing top-level names to ../../build/autoRobo/autoRobo.egg-info/top_level.txt
[4.993s] reading manifest file '../../build/autoRobo/autoRobo.egg-info/SOURCES.txt'
[4.997s] writing manifest file '../../build/autoRobo/autoRobo.egg-info/SOURCES.txt'
[4.998s] running build
[4.998s] running build_py
[5.000s] running install
[5.001s] running install_lib
[5.008s] running install_data
[5.009s] running install_egg_info
[5.015s] removing '/home/yamashita/natu2024/install/autoRobo/lib/python3.10/site-packages/autoRobo-0.0.0-py3.10.egg-info' (and everything under it)
[5.018s] Copying ../../build/autoRobo/autoRobo.egg-info to /home/yamashita/natu2024/install/autoRobo/lib/python3.10/site-packages/autoRobo-0.0.0-py3.10.egg-info
[5.025s] running install_scripts
[5.100s] Installing ImgProcess script to /home/yamashita/natu2024/install/autoRobo/lib/autoRobo
[5.101s] Installing Localization script to /home/yamashita/natu2024/install/autoRobo/lib/autoRobo
[5.101s] Installing operater script to /home/yamashita/natu2024/install/autoRobo/lib/autoRobo
[5.102s] Installing serial script to /home/yamashita/natu2024/install/autoRobo/lib/autoRobo
[5.103s] Installing strategy script to /home/yamashita/natu2024/install/autoRobo/lib/autoRobo
[5.105s] writing list of installed files to '/home/yamashita/natu2024/build/autoRobo/install.log'
[5.231s] Invoked command in '/home/yamashita/natu2024/src/autoRobo' returned '0': PYTHONPATH=/home/yamashita/natu2024/build/autoRobo/prefix_override:/usr/lib/python3/dist-packages/colcon_core/task/python/colcon_distutils_commands:/home/yamashita/natu2024/install/autoRobo/lib/python3.10/site-packages:${PYTHONPATH} /usr/bin/python3 -W ignore:setup.py install is deprecated setup.py egg_info --egg-base ../../build/autoRobo build --build-base /home/yamashita/natu2024/build/autoRobo/build install --record /home/yamashita/natu2024/build/autoRobo/install.log --single-version-externally-managed install_data
