[7.613s] Invoking command in '/home/yamashita/natu2024/src/autoRobo': PYTHONPATH=/home/yamashita/natu2024/build/autoRobo/prefix_override:/usr/lib/python3/dist-packages/colcon_core/task/python/colcon_distutils_commands:/home/yamashita/natu2024/install/autoRobo/lib/python3.10/site-packages:${PYTHONPATH} /usr/bin/python3 -W ignore:setup.py install is deprecated setup.py egg_info --egg-base ../../build/autoRobo build --build-base /home/yamashita/natu2024/build/autoRobo/build install --record /home/yamashita/natu2024/build/autoRobo/install.log --single-version-externally-managed install_data
[10.587s] running egg_info
[10.603s] writing ../../build/autoRobo/autoRobo.egg-info/PKG-INFO
[10.615s] writing dependency_links to ../../build/autoRobo/autoRobo.egg-info/dependency_links.txt
[10.621s] writing entry points to ../../build/autoRobo/autoRobo.egg-info/entry_points.txt
[10.631s] writing requirements to ../../build/autoRobo/autoRobo.egg-info/requires.txt
[10.634s] writing top-level names to ../../build/autoRobo/autoRobo.egg-info/top_level.txt
[10.648s] reading manifest file '../../build/autoRobo/autoRobo.egg-info/SOURCES.txt'
[10.660s] writing manifest file '../../build/autoRobo/autoRobo.egg-info/SOURCES.txt'
[10.667s] running build
[10.684s] running build_py
[10.689s] copying autoRobo/strategy.py -> /home/yamashita/natu2024/build/autoRobo/build/lib/autoRobo
[10.704s] running install
[10.715s] running install_lib
[10.716s] copying /home/yamashita/natu2024/build/autoRobo/build/lib/autoRobo/strategy.py -> /home/yamashita/natu2024/install/autoRobo/lib/python3.10/site-packages/autoRobo
[10.720s] byte-compiling /home/yamashita/natu2024/install/autoRobo/lib/python3.10/site-packages/autoRobo/strategy.py to strategy.cpython-310.pyc
[10.722s] running install_data
[10.722s] running install_egg_info
[10.748s] removing '/home/yamashita/natu2024/install/autoRobo/lib/python3.10/site-packages/autoRobo-0.0.0-py3.10.egg-info' (and everything under it)
[10.755s] Copying ../../build/autoRobo/autoRobo.egg-info to /home/yamashita/natu2024/install/autoRobo/lib/python3.10/site-packages/autoRobo-0.0.0-py3.10.egg-info
[10.757s] running install_scripts
[10.964s] Installing ImgProcess script to /home/yamashita/natu2024/install/autoRobo/lib/autoRobo
[10.968s] Installing Localization script to /home/yamashita/natu2024/install/autoRobo/lib/autoRobo
[10.975s] Installing operater script to /home/yamashita/natu2024/install/autoRobo/lib/autoRobo
[10.978s] Installing serial script to /home/yamashita/natu2024/install/autoRobo/lib/autoRobo
[10.981s] Installing strategy script to /home/yamashita/natu2024/install/autoRobo/lib/autoRobo
[10.983s] writing list of installed files to '/home/yamashita/natu2024/build/autoRobo/install.log'
[11.272s] Invoked command in '/home/yamashita/natu2024/src/autoRobo' returned '0': PYTHONPATH=/home/yamashita/natu2024/build/autoRobo/prefix_override:/usr/lib/python3/dist-packages/colcon_core/task/python/colcon_distutils_commands:/home/yamashita/natu2024/install/autoRobo/lib/python3.10/site-packages:${PYTHONPATH} /usr/bin/python3 -W ignore:setup.py install is deprecated setup.py egg_info --egg-base ../../build/autoRobo build --build-base /home/yamashita/natu2024/build/autoRobo/build install --record /home/yamashita/natu2024/build/autoRobo/install.log --single-version-externally-managed install_data
