[3.008s] Invoking command in '/home/yamashita/natu2024/src/autoRobo': PYTHONPATH=/home/yamashita/natu2024/build/autoRobo/prefix_override:/usr/lib/python3/dist-packages/colcon_core/task/python/colcon_distutils_commands:/home/yamashita/natu2024/install/autoRobo/lib/python3.10/site-packages:${PYTHONPATH} /usr/bin/python3 -W ignore:setup.py install is deprecated setup.py egg_info --egg-base ../../build/autoRobo build --build-base /home/yamashita/natu2024/build/autoRobo/build install --record /home/yamashita/natu2024/build/autoRobo/install.log --single-version-externally-managed install_data
[4.214s] running egg_info
[4.217s] writing ../../build/autoRobo/autoRobo.egg-info/PKG-INFO
[4.219s] writing dependency_links to ../../build/autoRobo/autoRobo.egg-info/dependency_links.txt
[4.219s] writing entry points to ../../build/autoRobo/autoRobo.egg-info/entry_points.txt
[4.220s] writing requirements to ../../build/autoRobo/autoRobo.egg-info/requires.txt
[4.221s] writing top-level names to ../../build/autoRobo/autoRobo.egg-info/top_level.txt
[4.231s] reading manifest file '../../build/autoRobo/autoRobo.egg-info/SOURCES.txt'
[4.235s] writing manifest file '../../build/autoRobo/autoRobo.egg-info/SOURCES.txt'
[4.237s] running build
[4.237s] running build_py
[4.238s] copying autoRobo/operater.py -> /home/yamashita/natu2024/build/autoRobo/build/lib/autoRobo
[4.240s] running install
[4.242s] running install_lib
[4.248s] copying /home/yamashita/natu2024/build/autoRobo/build/lib/autoRobo/operater.py -> /home/yamashita/natu2024/install/autoRobo/lib/python3.10/site-packages/autoRobo
[4.250s] byte-compiling /home/yamashita/natu2024/install/autoRobo/lib/python3.10/site-packages/autoRobo/operater.py to operater.cpython-310.pyc
[4.254s] running install_data
[4.255s] running install_egg_info
[4.264s] removing '/home/yamashita/natu2024/install/autoRobo/lib/python3.10/site-packages/autoRobo-0.0.0-py3.10.egg-info' (and everything under it)
[4.266s] Copying ../../build/autoRobo/autoRobo.egg-info to /home/yamashita/natu2024/install/autoRobo/lib/python3.10/site-packages/autoRobo-0.0.0-py3.10.egg-info
[4.274s] running install_scripts
[4.364s] Installing ImgProcess script to /home/yamashita/natu2024/install/autoRobo/lib/autoRobo
[4.365s] Installing Localization script to /home/yamashita/natu2024/install/autoRobo/lib/autoRobo
[4.366s] Installing operater script to /home/yamashita/natu2024/install/autoRobo/lib/autoRobo
[4.367s] Installing serial script to /home/yamashita/natu2024/install/autoRobo/lib/autoRobo
[4.369s] writing list of installed files to '/home/yamashita/natu2024/build/autoRobo/install.log'
[4.500s] Invoked command in '/home/yamashita/natu2024/src/autoRobo' returned '0': PYTHONPATH=/home/yamashita/natu2024/build/autoRobo/prefix_override:/usr/lib/python3/dist-packages/colcon_core/task/python/colcon_distutils_commands:/home/yamashita/natu2024/install/autoRobo/lib/python3.10/site-packages:${PYTHONPATH} /usr/bin/python3 -W ignore:setup.py install is deprecated setup.py egg_info --egg-base ../../build/autoRobo build --build-base /home/yamashita/natu2024/build/autoRobo/build install --record /home/yamashita/natu2024/build/autoRobo/install.log --single-version-externally-managed install_data
