[2.965s] Invoking command in '/home/yamashita/natu2024/src/autoRobo': PYTHONPATH=/home/yamashita/natu2024/build/autoRobo/prefix_override:/usr/lib/python3/dist-packages/colcon_core/task/python/colcon_distutils_commands:/home/yamashita/natu2024/install/autoRobo/lib/python3.10/site-packages:${PYTHONPATH} /usr/bin/python3 -W ignore:setup.py install is deprecated setup.py egg_info --egg-base ../../build/autoRobo build --build-base /home/yamashita/natu2024/build/autoRobo/build install --record /home/yamashita/natu2024/build/autoRobo/install.log --single-version-externally-managed install_data
[4.169s] running egg_info
[4.171s] writing ../../build/autoRobo/autoRobo.egg-info/PKG-INFO
[4.172s] writing dependency_links to ../../build/autoRobo/autoRobo.egg-info/dependency_links.txt
[4.173s] writing entry points to ../../build/autoRobo/autoRobo.egg-info/entry_points.txt
[4.173s] writing requirements to ../../build/autoRobo/autoRobo.egg-info/requires.txt
[4.174s] writing top-level names to ../../build/autoRobo/autoRobo.egg-info/top_level.txt
[4.182s] reading manifest file '../../build/autoRobo/autoRobo.egg-info/SOURCES.txt'
[4.185s] writing manifest file '../../build/autoRobo/autoRobo.egg-info/SOURCES.txt'
[4.186s] running build
[4.187s] running build_py
[4.187s] copying autoRobo/ImgProcess.py -> /home/yamashita/natu2024/build/autoRobo/build/lib/autoRobo
[4.188s] running install
[4.189s] running install_lib
[4.193s] copying /home/yamashita/natu2024/build/autoRobo/build/lib/autoRobo/ImgProcess.py -> /home/yamashita/natu2024/install/autoRobo/lib/python3.10/site-packages/autoRobo
[4.195s] byte-compiling /home/yamashita/natu2024/install/autoRobo/lib/python3.10/site-packages/autoRobo/ImgProcess.py to ImgProcess.cpython-310.pyc
[4.207s] running install_data
[4.208s] running install_egg_info
[4.214s] removing '/home/yamashita/natu2024/install/autoRobo/lib/python3.10/site-packages/autoRobo-0.0.0-py3.10.egg-info' (and everything under it)
[4.216s] Copying ../../build/autoRobo/autoRobo.egg-info to /home/yamashita/natu2024/install/autoRobo/lib/python3.10/site-packages/autoRobo-0.0.0-py3.10.egg-info
[4.221s] running install_scripts
[4.294s] Installing ImgProcess script to /home/yamashita/natu2024/install/autoRobo/lib/autoRobo
[4.295s] writing list of installed files to '/home/yamashita/natu2024/build/autoRobo/install.log'
[4.419s] Invoked command in '/home/yamashita/natu2024/src/autoRobo' returned '0': PYTHONPATH=/home/yamashita/natu2024/build/autoRobo/prefix_override:/usr/lib/python3/dist-packages/colcon_core/task/python/colcon_distutils_commands:/home/yamashita/natu2024/install/autoRobo/lib/python3.10/site-packages:${PYTHONPATH} /usr/bin/python3 -W ignore:setup.py install is deprecated setup.py egg_info --egg-base ../../build/autoRobo build --build-base /home/yamashita/natu2024/build/autoRobo/build install --record /home/yamashita/natu2024/build/autoRobo/install.log --single-version-externally-managed install_data
