[5.041s] Invoking command in '/home/yamashita/natu2024/src/autoRobo': PYTHONPATH=/home/yamashita/natu2024/build/autoRobo/prefix_override:/usr/lib/python3/dist-packages/colcon_core/task/python/colcon_distutils_commands:/home/yamashita/natu2024/install/autoRobo/lib/python3.10/site-packages:${PYTHONPATH} /usr/bin/python3 -W ignore:setup.py install is deprecated setup.py egg_info --egg-base ../../build/autoRobo build --build-base /home/yamashita/natu2024/build/autoRobo/build install --record /home/yamashita/natu2024/build/autoRobo/install.log --single-version-externally-managed install_data
[7.169s] running egg_info
[7.174s] writing ../../build/autoRobo/autoRobo.egg-info/PKG-INFO
[7.178s] writing dependency_links to ../../build/autoRobo/autoRobo.egg-info/dependency_links.txt
[7.181s] writing entry points to ../../build/autoRobo/autoRobo.egg-info/entry_points.txt
[7.185s] writing requirements to ../../build/autoRobo/autoRobo.egg-info/requires.txt
[7.188s] writing top-level names to ../../build/autoRobo/autoRobo.egg-info/top_level.txt
[7.203s] reading manifest file '../../build/autoRobo/autoRobo.egg-info/SOURCES.txt'
[7.211s] writing manifest file '../../build/autoRobo/autoRobo.egg-info/SOURCES.txt'
[7.211s] running build
[7.212s] running build_py
[7.216s] running install
[7.217s] running install_lib
[7.227s] running install_data
[7.228s] running install_egg_info
[7.235s] removing '/home/yamashita/natu2024/install/autoRobo/lib/python3.10/site-packages/autoRobo-0.0.0-py3.10.egg-info' (and everything under it)
[7.243s] Copying ../../build/autoRobo/autoRobo.egg-info to /home/yamashita/natu2024/install/autoRobo/lib/python3.10/site-packages/autoRobo-0.0.0-py3.10.egg-info
[7.254s] running install_scripts
[7.362s] Installing ImgProcess script to /home/yamashita/natu2024/install/autoRobo/lib/autoRobo
[7.365s] Installing Loclization script to /home/yamashita/natu2024/install/autoRobo/lib/autoRobo
[7.367s] Installing serial script to /home/yamashita/natu2024/install/autoRobo/lib/autoRobo
[7.376s] writing list of installed files to '/home/yamashita/natu2024/build/autoRobo/install.log'
[7.567s] Invoked command in '/home/yamashita/natu2024/src/autoRobo' returned '0': PYTHONPATH=/home/yamashita/natu2024/build/autoRobo/prefix_override:/usr/lib/python3/dist-packages/colcon_core/task/python/colcon_distutils_commands:/home/yamashita/natu2024/install/autoRobo/lib/python3.10/site-packages:${PYTHONPATH} /usr/bin/python3 -W ignore:setup.py install is deprecated setup.py egg_info --egg-base ../../build/autoRobo build --build-base /home/yamashita/natu2024/build/autoRobo/build install --record /home/yamashita/natu2024/build/autoRobo/install.log --single-version-externally-managed install_data
