[3.429s] Invoking command in '/home/yamashita/natu2024/src/autoRobo': PYTHONPATH=/home/yamashita/natu2024/build/autoRobo/prefix_override:/usr/lib/python3/dist-packages/colcon_core/task/python/colcon_distutils_commands:/home/yamashita/natu2024/install/autoRobo/lib/python3.10/site-packages:${PYTHONPATH} /usr/bin/python3 -W ignore:setup.py install is deprecated setup.py egg_info --egg-base ../../build/autoRobo build --build-base /home/yamashita/natu2024/build/autoRobo/build install --record /home/yamashita/natu2024/build/autoRobo/install.log --single-version-externally-managed install_data
[5.533s] running egg_info
[5.537s] writing ../../build/autoRobo/autoRobo.egg-info/PKG-INFO
[5.539s] writing dependency_links to ../../build/autoRobo/autoRobo.egg-info/dependency_links.txt
[5.540s] writing entry points to ../../build/autoRobo/autoRobo.egg-info/entry_points.txt
[5.544s] writing requirements to ../../build/autoRobo/autoRobo.egg-info/requires.txt
[5.548s] writing top-level names to ../../build/autoRobo/autoRobo.egg-info/top_level.txt
[5.553s] reading manifest file '../../build/autoRobo/autoRobo.egg-info/SOURCES.txt'
[5.559s] writing manifest file '../../build/autoRobo/autoRobo.egg-info/SOURCES.txt'
[5.560s] running build
[5.561s] running build_py
[5.564s] running install
[5.564s] running install_lib
[5.571s] byte-compiling /home/yamashita/natu2024/install/autoRobo/lib/python3.10/site-packages/autoRobo/ImgProcess.py to ImgProcess.cpython-310.pyc
[5.595s] running install_data
[5.598s] running install_egg_info
[5.600s] removing '/home/yamashita/natu2024/install/autoRobo/lib/python3.10/site-packages/autoRobo-0.0.0-py3.10.egg-info' (and everything under it)
[5.606s] Copying ../../build/autoRobo/autoRobo.egg-info to /home/yamashita/natu2024/install/autoRobo/lib/python3.10/site-packages/autoRobo-0.0.0-py3.10.egg-info
[5.613s] running install_scripts
[5.721s] Installing ImgProcess script to /home/yamashita/natu2024/install/autoRobo/lib/autoRobo
[5.722s] Installing Loclization script to /home/yamashita/natu2024/install/autoRobo/lib/autoRobo
[5.725s] writing list of installed files to '/home/yamashita/natu2024/build/autoRobo/install.log'
[5.934s] Invoked command in '/home/yamashita/natu2024/src/autoRobo' returned '0': PYTHONPATH=/home/yamashita/natu2024/build/autoRobo/prefix_override:/usr/lib/python3/dist-packages/colcon_core/task/python/colcon_distutils_commands:/home/yamashita/natu2024/install/autoRobo/lib/python3.10/site-packages:${PYTHONPATH} /usr/bin/python3 -W ignore:setup.py install is deprecated setup.py egg_info --egg-base ../../build/autoRobo build --build-base /home/yamashita/natu2024/build/autoRobo/build install --record /home/yamashita/natu2024/build/autoRobo/install.log --single-version-externally-managed install_data
