[3.251s] Invoking command in '/home/yamashita/natu2024/src/autoRobo': PYTHONPATH=/home/yamashita/natu2024/build/autoRobo/prefix_override:/usr/lib/python3/dist-packages/colcon_core/task/python/colcon_distutils_commands:/home/yamashita/natu2024/install/autoRobo/lib/python3.10/site-packages:${PYTHONPATH} /usr/bin/python3 -W ignore:setup.py install is deprecated setup.py egg_info --egg-base ../../build/autoRobo build --build-base /home/yamashita/natu2024/build/autoRobo/build install --record /home/yamashita/natu2024/build/autoRobo/install.log --single-version-externally-managed install_data
[4.530s] running egg_info
[4.533s] writing ../../build/autoRobo/autoRobo.egg-info/PKG-INFO
[4.536s] writing dependency_links to ../../build/autoRobo/autoRobo.egg-info/dependency_links.txt
[4.536s] writing entry points to ../../build/autoRobo/autoRobo.egg-info/entry_points.txt
[4.537s] writing requirements to ../../build/autoRobo/autoRobo.egg-info/requires.txt
[4.537s] writing top-level names to ../../build/autoRobo/autoRobo.egg-info/top_level.txt
[4.545s] reading manifest file '../../build/autoRobo/autoRobo.egg-info/SOURCES.txt'
[4.549s] writing manifest file '../../build/autoRobo/autoRobo.egg-info/SOURCES.txt'
[4.550s] running build
[4.550s] running build_py
[4.551s] running install
[4.553s] running install_lib
[4.559s] byte-compiling /home/yamashita/natu2024/install/autoRobo/lib/python3.10/site-packages/autoRobo/ImgProcess.py to ImgProcess.cpython-310.pyc
[4.571s] running install_data
[4.572s] running install_egg_info
[4.579s] removing '/home/yamashita/natu2024/install/autoRobo/lib/python3.10/site-packages/autoRobo-0.0.0-py3.10.egg-info' (and everything under it)
[4.581s] Copying ../../build/autoRobo/autoRobo.egg-info to /home/yamashita/natu2024/install/autoRobo/lib/python3.10/site-packages/autoRobo-0.0.0-py3.10.egg-info
[4.587s] running install_scripts
[4.665s] Installing ImgProcess script to /home/yamashita/natu2024/install/autoRobo/lib/autoRobo
[4.666s] Installing Loclization script to /home/yamashita/natu2024/install/autoRobo/lib/autoRobo
[4.668s] writing list of installed files to '/home/yamashita/natu2024/build/autoRobo/install.log'
[4.802s] Invoked command in '/home/yamashita/natu2024/src/autoRobo' returned '0': PYTHONPATH=/home/yamashita/natu2024/build/autoRobo/prefix_override:/usr/lib/python3/dist-packages/colcon_core/task/python/colcon_distutils_commands:/home/yamashita/natu2024/install/autoRobo/lib/python3.10/site-packages:${PYTHONPATH} /usr/bin/python3 -W ignore:setup.py install is deprecated setup.py egg_info --egg-base ../../build/autoRobo build --build-base /home/yamashita/natu2024/build/autoRobo/build install --record /home/yamashita/natu2024/build/autoRobo/install.log --single-version-externally-managed install_data
