[3.055s] Invoking command in '/home/yamashita/natu2024/src/autoRobo': PYTHONPATH=/home/yamashita/natu2024/build/autoRobo/prefix_override:/usr/lib/python3/dist-packages/colcon_core/task/python/colcon_distutils_commands:/home/yamashita/natu2024/install/autoRobo/lib/python3.10/site-packages:${PYTHONPATH} /usr/bin/python3 -W ignore:setup.py install is deprecated setup.py egg_info --egg-base ../../build/autoRobo build --build-base /home/yamashita/natu2024/build/autoRobo/build install --record /home/yamashita/natu2024/build/autoRobo/install.log --single-version-externally-managed install_data
[4.872s] running egg_info
[4.882s] writing ../../build/autoRobo/autoRobo.egg-info/PKG-INFO
[4.883s] writing dependency_links to ../../build/autoRobo/autoRobo.egg-info/dependency_links.txt
[4.887s] writing entry points to ../../build/autoRobo/autoRobo.egg-info/entry_points.txt
[4.890s] writing requirements to ../../build/autoRobo/autoRobo.egg-info/requires.txt
[4.891s] writing top-level names to ../../build/autoRobo/autoRobo.egg-info/top_level.txt
[4.907s] reading manifest file '../../build/autoRobo/autoRobo.egg-info/SOURCES.txt'
[4.908s] writing manifest file '../../build/autoRobo/autoRobo.egg-info/SOURCES.txt'
[4.918s] running build
[4.919s] running build_py
[4.919s] copying autoRobo/operater.py -> /home/yamashita/natu2024/build/autoRobo/build/lib/autoRobo
[4.920s] running install
[4.929s] running install_lib
[4.930s] copying /home/yamashita/natu2024/build/autoRobo/build/lib/autoRobo/operater.py -> /home/yamashita/natu2024/install/autoRobo/lib/python3.10/site-packages/autoRobo
[4.931s] byte-compiling /home/yamashita/natu2024/install/autoRobo/lib/python3.10/site-packages/autoRobo/operater.py to operater.cpython-310.pyc
[4.937s] running install_data
[4.938s] running install_egg_info
[4.944s] removing '/home/yamashita/natu2024/install/autoRobo/lib/python3.10/site-packages/autoRobo-0.0.0-py3.10.egg-info' (and everything under it)
[4.947s] Copying ../../build/autoRobo/autoRobo.egg-info to /home/yamashita/natu2024/install/autoRobo/lib/python3.10/site-packages/autoRobo-0.0.0-py3.10.egg-info
[4.959s] running install_scripts
[5.079s] Installing ImgProcess script to /home/yamashita/natu2024/install/autoRobo/lib/autoRobo
[5.081s] Installing Localization script to /home/yamashita/natu2024/install/autoRobo/lib/autoRobo
[5.083s] Installing operater script to /home/yamashita/natu2024/install/autoRobo/lib/autoRobo
[5.090s] Installing serial script to /home/yamashita/natu2024/install/autoRobo/lib/autoRobo
[5.092s] writing list of installed files to '/home/yamashita/natu2024/build/autoRobo/install.log'
[5.279s] Invoked command in '/home/yamashita/natu2024/src/autoRobo' returned '0': PYTHONPATH=/home/yamashita/natu2024/build/autoRobo/prefix_override:/usr/lib/python3/dist-packages/colcon_core/task/python/colcon_distutils_commands:/home/yamashita/natu2024/install/autoRobo/lib/python3.10/site-packages:${PYTHONPATH} /usr/bin/python3 -W ignore:setup.py install is deprecated setup.py egg_info --egg-base ../../build/autoRobo build --build-base /home/yamashita/natu2024/build/autoRobo/build install --record /home/yamashita/natu2024/build/autoRobo/install.log --single-version-externally-managed install_data
