[3.474s] Invoking command in '/home/yamashita/natu2024/src/autoRobo': PYTHONPATH=/home/yamashita/natu2024/build/autoRobo/prefix_override:/usr/lib/python3/dist-packages/colcon_core/task/python/colcon_distutils_commands:/home/yamashita/natu2024/install/autoRobo/lib/python3.10/site-packages:${PYTHONPATH} /usr/bin/python3 -W ignore:setup.py install is deprecated setup.py egg_info --egg-base ../../build/autoRobo build --build-base /home/yamashita/natu2024/build/autoRobo/build install --record /home/yamashita/natu2024/build/autoRobo/install.log --single-version-externally-managed install_data
[4.610s] running egg_info
[4.612s] writing ../../build/autoRobo/autoRobo.egg-info/PKG-INFO
[4.613s] writing dependency_links to ../../build/autoRobo/autoRobo.egg-info/dependency_links.txt
[4.614s] writing entry points to ../../build/autoRobo/autoRobo.egg-info/entry_points.txt
[4.614s] writing requirements to ../../build/autoRobo/autoRobo.egg-info/requires.txt
[4.615s] writing top-level names to ../../build/autoRobo/autoRobo.egg-info/top_level.txt
[4.623s] reading manifest file '../../build/autoRobo/autoRobo.egg-info/SOURCES.txt'
[4.628s] writing manifest file '../../build/autoRobo/autoRobo.egg-info/SOURCES.txt'
[4.628s] running build
[4.629s] running build_py
[4.629s] copying autoRobo/localization.py -> /home/yamashita/natu2024/build/autoRobo/build/lib/autoRobo
[4.632s] copying autoRobo/serial.py -> /home/yamashita/natu2024/build/autoRobo/build/lib/autoRobo
[4.638s] running install
[4.640s] running install_lib
[4.645s] copying /home/yamashita/natu2024/build/autoRobo/build/lib/autoRobo/localization.py -> /home/yamashita/natu2024/install/autoRobo/lib/python3.10/site-packages/autoRobo
[4.647s] copying /home/yamashita/natu2024/build/autoRobo/build/lib/autoRobo/serial.py -> /home/yamashita/natu2024/install/autoRobo/lib/python3.10/site-packages/autoRobo
[4.653s] byte-compiling /home/yamashita/natu2024/install/autoRobo/lib/python3.10/site-packages/autoRobo/localization.py to localization.cpython-310.pyc
[4.657s] byte-compiling /home/yamashita/natu2024/install/autoRobo/lib/python3.10/site-packages/autoRobo/serial.py to serial.cpython-310.pyc
[4.661s] running install_data
[4.662s] running install_egg_info
[4.669s] removing '/home/yamashita/natu2024/install/autoRobo/lib/python3.10/site-packages/autoRobo-0.0.0-py3.10.egg-info' (and everything under it)
[4.670s] Copying ../../build/autoRobo/autoRobo.egg-info to /home/yamashita/natu2024/install/autoRobo/lib/python3.10/site-packages/autoRobo-0.0.0-py3.10.egg-info
[4.676s] running install_scripts
[4.751s] Installing ImgProcess script to /home/yamashita/natu2024/install/autoRobo/lib/autoRobo
[4.752s] Installing Localization script to /home/yamashita/natu2024/install/autoRobo/lib/autoRobo
[4.758s] Installing serial script to /home/yamashita/natu2024/install/autoRobo/lib/autoRobo
[4.762s] writing list of installed files to '/home/yamashita/natu2024/build/autoRobo/install.log'
[4.887s] Invoked command in '/home/yamashita/natu2024/src/autoRobo' returned '0': PYTHONPATH=/home/yamashita/natu2024/build/autoRobo/prefix_override:/usr/lib/python3/dist-packages/colcon_core/task/python/colcon_distutils_commands:/home/yamashita/natu2024/install/autoRobo/lib/python3.10/site-packages:${PYTHONPATH} /usr/bin/python3 -W ignore:setup.py install is deprecated setup.py egg_info --egg-base ../../build/autoRobo build --build-base /home/yamashita/natu2024/build/autoRobo/build install --record /home/yamashita/natu2024/build/autoRobo/install.log --single-version-externally-managed install_data
