[7.523s] Invoking command in '/home/yamashita/natu2024/src/autoRobo': PYTHONPATH=/home/yamashita/natu2024/build/autoRobo/prefix_override:/usr/lib/python3/dist-packages/colcon_core/task/python/colcon_distutils_commands:/home/yamashita/natu2024/install/autoRobo/lib/python3.10/site-packages:${PYTHONPATH} /usr/bin/python3 -W ignore:setup.py install is deprecated setup.py egg_info --egg-base ../../build/autoRobo build --build-base /home/yamashita/natu2024/build/autoRobo/build install --record /home/yamashita/natu2024/build/autoRobo/install.log --single-version-externally-managed install_data
[10.605s] running egg_info
[10.609s] writing ../../build/autoRobo/autoRobo.egg-info/PKG-INFO
[10.613s] writing dependency_links to ../../build/autoRobo/autoRobo.egg-info/dependency_links.txt
[10.617s] writing entry points to ../../build/autoRobo/autoRobo.egg-info/entry_points.txt
[10.623s] writing requirements to ../../build/autoRobo/autoRobo.egg-info/requires.txt
[10.625s] writing top-level names to ../../build/autoRobo/autoRobo.egg-info/top_level.txt
[10.645s] reading manifest file '../../build/autoRobo/autoRobo.egg-info/SOURCES.txt'
[10.656s] writing manifest file '../../build/autoRobo/autoRobo.egg-info/SOURCES.txt'
[10.658s] running build
[10.659s] running build_py
[10.669s] running install
[10.675s] running install_lib
[10.698s] running install_data
[10.705s] running install_egg_info
[10.728s] removing '/home/yamashita/natu2024/install/autoRobo/lib/python3.10/site-packages/autoRobo-0.0.0-py3.10.egg-info' (and everything under it)
[10.732s] Copying ../../build/autoRobo/autoRobo.egg-info to /home/yamashita/natu2024/install/autoRobo/lib/python3.10/site-packages/autoRobo-0.0.0-py3.10.egg-info
[10.747s] running install_scripts
[10.923s] Installing ImgProcess script to /home/yamashita/natu2024/install/autoRobo/lib/autoRobo
[10.926s] Installing Localization script to /home/yamashita/natu2024/install/autoRobo/lib/autoRobo
[10.927s] Installing operater script to /home/yamashita/natu2024/install/autoRobo/lib/autoRobo
[10.930s] Installing serial script to /home/yamashita/natu2024/install/autoRobo/lib/autoRobo
[10.933s] Installing strategy script to /home/yamashita/natu2024/install/autoRobo/lib/autoRobo
[10.934s] writing list of installed files to '/home/yamashita/natu2024/build/autoRobo/install.log'
[11.207s] Invoked command in '/home/yamashita/natu2024/src/autoRobo' returned '0': PYTHONPATH=/home/yamashita/natu2024/build/autoRobo/prefix_override:/usr/lib/python3/dist-packages/colcon_core/task/python/colcon_distutils_commands:/home/yamashita/natu2024/install/autoRobo/lib/python3.10/site-packages:${PYTHONPATH} /usr/bin/python3 -W ignore:setup.py install is deprecated setup.py egg_info --egg-base ../../build/autoRobo build --build-base /home/yamashita/natu2024/build/autoRobo/build install --record /home/yamashita/natu2024/build/autoRobo/install.log --single-version-externally-managed install_data
