[4.873s] Invoking command in '/home/yamashita/natu2024/src/autoRobo': PYTHONPATH=/home/yamashita/natu2024/build/autoRobo/prefix_override:/usr/lib/python3/dist-packages/colcon_core/task/python/colcon_distutils_commands:/home/yamashita/natu2024/install/autoRobo/lib/python3.10/site-packages:${PYTHONPATH} /usr/bin/python3 -W ignore:setup.py install is deprecated setup.py egg_info --egg-base ../../build/autoRobo build --build-base /home/yamashita/natu2024/build/autoRobo/build install --record /home/yamashita/natu2024/build/autoRobo/install.log --single-version-externally-managed install_data
[6.719s] running egg_info
[6.723s] writing ../../build/autoRobo/autoRobo.egg-info/PKG-INFO
[6.726s] writing dependency_links to ../../build/autoRobo/autoRobo.egg-info/dependency_links.txt
[6.729s] writing entry points to ../../build/autoRobo/autoRobo.egg-info/entry_points.txt
[6.732s] writing requirements to ../../build/autoRobo/autoRobo.egg-info/requires.txt
[6.734s] writing top-level names to ../../build/autoRobo/autoRobo.egg-info/top_level.txt
[6.744s] reading manifest file '../../build/autoRobo/autoRobo.egg-info/SOURCES.txt'
[6.748s] writing manifest file '../../build/autoRobo/autoRobo.egg-info/SOURCES.txt'
[6.748s] running build
[6.749s] running build_py
[6.752s] copying autoRobo/localization.py -> /home/yamashita/natu2024/build/autoRobo/build/lib/autoRobo
[6.752s] running install
[6.753s] running install_lib
[6.755s] copying /home/yamashita/natu2024/build/autoRobo/build/lib/autoRobo/localization.py -> /home/yamashita/natu2024/install/autoRobo/lib/python3.10/site-packages/autoRobo
[6.759s] byte-compiling /home/yamashita/natu2024/install/autoRobo/lib/python3.10/site-packages/autoRobo/localization.py to localization.cpython-310.pyc
[6.762s] running install_data
[6.763s] running install_egg_info
[6.770s] removing '/home/yamashita/natu2024/install/autoRobo/lib/python3.10/site-packages/autoRobo-0.0.0-py3.10.egg-info' (and everything under it)
[6.772s] Copying ../../build/autoRobo/autoRobo.egg-info to /home/yamashita/natu2024/install/autoRobo/lib/python3.10/site-packages/autoRobo-0.0.0-py3.10.egg-info
[6.782s] running install_scripts
[6.876s] Installing ImgProcess script to /home/yamashita/natu2024/install/autoRobo/lib/autoRobo
[6.878s] Installing Loclization script to /home/yamashita/natu2024/install/autoRobo/lib/autoRobo
[6.879s] writing list of installed files to '/home/yamashita/natu2024/build/autoRobo/install.log'
[7.086s] Invoked command in '/home/yamashita/natu2024/src/autoRobo' returned '0': PYTHONPATH=/home/yamashita/natu2024/build/autoRobo/prefix_override:/usr/lib/python3/dist-packages/colcon_core/task/python/colcon_distutils_commands:/home/yamashita/natu2024/install/autoRobo/lib/python3.10/site-packages:${PYTHONPATH} /usr/bin/python3 -W ignore:setup.py install is deprecated setup.py egg_info --egg-base ../../build/autoRobo build --build-base /home/yamashita/natu2024/build/autoRobo/build install --record /home/yamashita/natu2024/build/autoRobo/install.log --single-version-externally-managed install_data
