[3.631s] Invoking command in '/home/yamashita/natu2024/src/autoRobo': PYTHONPATH=/home/yamashita/natu2024/build/autoRobo/prefix_override:/usr/lib/python3/dist-packages/colcon_core/task/python/colcon_distutils_commands:/home/yamashita/natu2024/install/autoRobo/lib/python3.10/site-packages:${PYTHONPATH} /usr/bin/python3 -W ignore:setup.py install is deprecated setup.py egg_info --egg-base ../../build/autoRobo build --build-base /home/yamashita/natu2024/build/autoRobo/build install --record /home/yamashita/natu2024/build/autoRobo/install.log --single-version-externally-managed install_data
[5.080s] running egg_info
[5.082s] writing ../../build/autoRobo/autoRobo.egg-info/PKG-INFO
[5.084s] writing dependency_links to ../../build/autoRobo/autoRobo.egg-info/dependency_links.txt
[5.085s] writing entry points to ../../build/autoRobo/autoRobo.egg-info/entry_points.txt
[5.086s] writing requirements to ../../build/autoRobo/autoRobo.egg-info/requires.txt
[5.087s] writing top-level names to ../../build/autoRobo/autoRobo.egg-info/top_level.txt
[5.098s] reading manifest file '../../build/autoRobo/autoRobo.egg-info/SOURCES.txt'
[5.103s] writing manifest file '../../build/autoRobo/autoRobo.egg-info/SOURCES.txt'
[5.104s] running build
[5.105s] running build_py
[5.105s] copying autoRobo/localization.py -> /home/yamashita/natu2024/build/autoRobo/build/lib/autoRobo
[5.107s] running install
[5.112s] running install_lib
[5.115s] copying /home/yamashita/natu2024/build/autoRobo/build/lib/autoRobo/localization.py -> /home/yamashita/natu2024/install/autoRobo/lib/python3.10/site-packages/autoRobo
[5.120s] byte-compiling /home/yamashita/natu2024/install/autoRobo/lib/python3.10/site-packages/autoRobo/localization.py to localization.cpython-310.pyc
[5.128s] running install_data
[5.131s] running install_egg_info
[5.143s] removing '/home/yamashita/natu2024/install/autoRobo/lib/python3.10/site-packages/autoRobo-0.0.0-py3.10.egg-info' (and everything under it)
[5.147s] Copying ../../build/autoRobo/autoRobo.egg-info to /home/yamashita/natu2024/install/autoRobo/lib/python3.10/site-packages/autoRobo-0.0.0-py3.10.egg-info
[5.159s] running install_scripts
[5.238s] Installing ImgProcess script to /home/yamashita/natu2024/install/autoRobo/lib/autoRobo
[5.238s] Installing Localization script to /home/yamashita/natu2024/install/autoRobo/lib/autoRobo
[5.239s] Installing serial script to /home/yamashita/natu2024/install/autoRobo/lib/autoRobo
[5.241s] writing list of installed files to '/home/yamashita/natu2024/build/autoRobo/install.log'
[5.373s] Invoked command in '/home/yamashita/natu2024/src/autoRobo' returned '0': PYTHONPATH=/home/yamashita/natu2024/build/autoRobo/prefix_override:/usr/lib/python3/dist-packages/colcon_core/task/python/colcon_distutils_commands:/home/yamashita/natu2024/install/autoRobo/lib/python3.10/site-packages:${PYTHONPATH} /usr/bin/python3 -W ignore:setup.py install is deprecated setup.py egg_info --egg-base ../../build/autoRobo build --build-base /home/yamashita/natu2024/build/autoRobo/build install --record /home/yamashita/natu2024/build/autoRobo/install.log --single-version-externally-managed install_data
