/home/yamashita/natu2024/install/autoRobo/lib/python3.10/site-packages/autoRobo/localization.py
/home/yamashita/natu2024/install/autoRobo/lib/python3.10/site-packages/autoRobo/__init__.py
/home/yamashita/natu2024/install/autoRobo/lib/python3.10/site-packages/autoRobo/serial.py
/home/yamashita/natu2024/install/autoRobo/lib/python3.10/site-packages/autoRobo/operater.py
/home/yamashita/natu2024/install/autoRobo/lib/python3.10/site-packages/autoRobo/ImgProcess.py
/home/yamashita/natu2024/install/autoRobo/lib/python3.10/site-packages/autoRobo/__pycache__/localization.cpython-310.pyc
/home/yamashita/natu2024/install/autoRobo/lib/python3.10/site-packages/autoRobo/__pycache__/__init__.cpython-310.pyc
/home/yamashita/natu2024/install/autoRobo/lib/python3.10/site-packages/autoRobo/__pycache__/serial.cpython-310.pyc
/home/yamashita/natu2024/install/autoRobo/lib/python3.10/site-packages/autoRobo/__pycache__/operater.cpython-310.pyc
/home/yamashita/natu2024/install/autoRobo/lib/python3.10/site-packages/autoRobo/__pycache__/ImgProcess.cpython-310.pyc
/home/yamashita/natu2024/install/autoRobo/share/ament_index/resource_index/packages/autoRobo
/home/yamashita/natu2024/install/autoRobo/share/autoRobo/package.xml
/home/yamashita/natu2024/install/autoRobo/share/autoRobo/autoRobo.launch.py
/home/yamashita/natu2024/install/autoRobo/lib/python3.10/site-packages/autoRobo-0.0.0-py3.10.egg-info/SOURCES.txt
/home/yamashita/natu2024/install/autoRobo/lib/python3.10/site-packages/autoRobo-0.0.0-py3.10.egg-info/dependency_links.txt
/home/yamashita/natu2024/install/autoRobo/lib/python3.10/site-packages/autoRobo-0.0.0-py3.10.egg-info/PKG-INFO
/home/yamashita/natu2024/install/autoRobo/lib/python3.10/site-packages/autoRobo-0.0.0-py3.10.egg-info/requires.txt
/home/yamashita/natu2024/install/autoRobo/lib/python3.10/site-packages/autoRobo-0.0.0-py3.10.egg-info/entry_points.txt
/home/yamashita/natu2024/install/autoRobo/lib/python3.10/site-packages/autoRobo-0.0.0-py3.10.egg-info/zip-safe
/home/yamashita/natu2024/install/autoRobo/lib/python3.10/site-packages/autoRobo-0.0.0-py3.10.egg-info/top_level.txt
/home/yamashita/natu2024/install/autoRobo/lib/autoRobo/ImgProcess
/home/yamashita/natu2024/install/autoRobo/lib/autoRobo/Localization
/home/yamashita/natu2024/install/autoRobo/lib/autoRobo/serial
