[7.838s] Invoking command in '/home/yamashita/natu2024/src/autoRobo': PYTHONPATH=/home/yamashita/natu2024/build/autoRobo/prefix_override:/usr/lib/python3/dist-packages/colcon_core/task/python/colcon_distutils_commands:/home/yamashita/natu2024/install/autoRobo/lib/python3.10/site-packages:${PYTHONPATH} /usr/bin/python3 -W ignore:setup.py install is deprecated setup.py egg_info --egg-base ../../build/autoRobo build --build-base /home/yamashita/natu2024/build/autoRobo/build install --record /home/yamashita/natu2024/build/autoRobo/install.log --single-version-externally-managed install_data
[10.687s] running egg_info
[10.693s] writing ../../build/autoRobo/autoRobo.egg-info/PKG-INFO
[10.697s] writing dependency_links to ../../build/autoRobo/autoRobo.egg-info/dependency_links.txt
[10.700s] writing entry points to ../../build/autoRobo/autoRobo.egg-info/entry_points.txt
[10.702s] writing requirements to ../../build/autoRobo/autoRobo.egg-info/requires.txt
[10.705s] writing top-level names to ../../build/autoRobo/autoRobo.egg-info/top_level.txt
[10.724s] reading manifest file '../../build/autoRobo/autoRobo.egg-info/SOURCES.txt'
[10.734s] writing manifest file '../../build/autoRobo/autoRobo.egg-info/SOURCES.txt'
[10.736s] running build
[10.737s] running build_py
[10.742s] copying autoRobo/strategy.py -> /home/yamashita/natu2024/build/autoRobo/build/lib/autoRobo
[10.745s] running install
[10.748s] running install_lib
[10.751s] copying /home/yamashita/natu2024/build/autoRobo/build/lib/autoRobo/strategy.py -> /home/yamashita/natu2024/install/autoRobo/lib/python3.10/site-packages/autoRobo
[10.762s] byte-compiling /home/yamashita/natu2024/install/autoRobo/lib/python3.10/site-packages/autoRobo/strategy.py to strategy.cpython-310.pyc
[10.764s] running install_data
[10.766s] running install_egg_info
[10.786s] removing '/home/yamashita/natu2024/install/autoRobo/lib/python3.10/site-packages/autoRobo-0.0.0-py3.10.egg-info' (and everything under it)
[10.789s] Copying ../../build/autoRobo/autoRobo.egg-info to /home/yamashita/natu2024/install/autoRobo/lib/python3.10/site-packages/autoRobo-0.0.0-py3.10.egg-info
[10.808s] running install_scripts
[10.965s] Installing ImgProcess script to /home/yamashita/natu2024/install/autoRobo/lib/autoRobo
[10.967s] Installing Localization script to /home/yamashita/natu2024/install/autoRobo/lib/autoRobo
[10.970s] Installing operater script to /home/yamashita/natu2024/install/autoRobo/lib/autoRobo
[10.971s] Installing serial script to /home/yamashita/natu2024/install/autoRobo/lib/autoRobo
[10.984s] Installing strategy script to /home/yamashita/natu2024/install/autoRobo/lib/autoRobo
[10.990s] writing list of installed files to '/home/yamashita/natu2024/build/autoRobo/install.log'
[11.251s] Invoked command in '/home/yamashita/natu2024/src/autoRobo' returned '0': PYTHONPATH=/home/yamashita/natu2024/build/autoRobo/prefix_override:/usr/lib/python3/dist-packages/colcon_core/task/python/colcon_distutils_commands:/home/yamashita/natu2024/install/autoRobo/lib/python3.10/site-packages:${PYTHONPATH} /usr/bin/python3 -W ignore:setup.py install is deprecated setup.py egg_info --egg-base ../../build/autoRobo build --build-base /home/yamashita/natu2024/build/autoRobo/build install --record /home/yamashita/natu2024/build/autoRobo/install.log --single-version-externally-managed install_data
