[4.845s] Invoking command in '/home/yamashita/natu2024/src/autoRobo': PYTHONPATH=/home/yamashita/natu2024/build/autoRobo/prefix_override:/usr/lib/python3/dist-packages/colcon_core/task/python/colcon_distutils_commands:/home/yamashita/natu2024/install/autoRobo/lib/python3.10/site-packages:${PYTHONPATH} /usr/bin/python3 -W ignore:setup.py install is deprecated setup.py egg_info --egg-base ../../build/autoRobo build --build-base /home/yamashita/natu2024/build/autoRobo/build install --record /home/yamashita/natu2024/build/autoRobo/install.log --single-version-externally-managed install_data
[6.721s] running egg_info
[6.724s] writing ../../build/autoRobo/autoRobo.egg-info/PKG-INFO
[6.727s] writing dependency_links to ../../build/autoRobo/autoRobo.egg-info/dependency_links.txt
[6.728s] writing entry points to ../../build/autoRobo/autoRobo.egg-info/entry_points.txt
[6.730s] writing requirements to ../../build/autoRobo/autoRobo.egg-info/requires.txt
[6.731s] writing top-level names to ../../build/autoRobo/autoRobo.egg-info/top_level.txt
[6.746s] reading manifest file '../../build/autoRobo/autoRobo.egg-info/SOURCES.txt'
[6.753s] writing manifest file '../../build/autoRobo/autoRobo.egg-info/SOURCES.txt'
[6.756s] running build
[6.758s] running build_py
[6.761s] copying autoRobo/localization.py -> /home/yamashita/natu2024/build/autoRobo/build/lib/autoRobo
[6.765s] running install
[6.767s] running install_lib
[6.771s] copying /home/yamashita/natu2024/build/autoRobo/build/lib/autoRobo/localization.py -> /home/yamashita/natu2024/install/autoRobo/lib/python3.10/site-packages/autoRobo
[6.775s] byte-compiling /home/yamashita/natu2024/install/autoRobo/lib/python3.10/site-packages/autoRobo/localization.py to localization.cpython-310.pyc
[6.779s] running install_data
[6.780s] running install_egg_info
[6.789s] removing '/home/yamashita/natu2024/install/autoRobo/lib/python3.10/site-packages/autoRobo-0.0.0-py3.10.egg-info' (and everything under it)
[6.791s] Copying ../../build/autoRobo/autoRobo.egg-info to /home/yamashita/natu2024/install/autoRobo/lib/python3.10/site-packages/autoRobo-0.0.0-py3.10.egg-info
[6.798s] running install_scripts
[6.893s] Installing ImgProcess script to /home/yamashita/natu2024/install/autoRobo/lib/autoRobo
[6.896s] Installing Loclization script to /home/yamashita/natu2024/install/autoRobo/lib/autoRobo
[6.901s] writing list of installed files to '/home/yamashita/natu2024/build/autoRobo/install.log'
[7.114s] Invoked command in '/home/yamashita/natu2024/src/autoRobo' returned '0': PYTHONPATH=/home/yamashita/natu2024/build/autoRobo/prefix_override:/usr/lib/python3/dist-packages/colcon_core/task/python/colcon_distutils_commands:/home/yamashita/natu2024/install/autoRobo/lib/python3.10/site-packages:${PYTHONPATH} /usr/bin/python3 -W ignore:setup.py install is deprecated setup.py egg_info --egg-base ../../build/autoRobo build --build-base /home/yamashita/natu2024/build/autoRobo/build install --record /home/yamashita/natu2024/build/autoRobo/install.log --single-version-externally-managed install_data
