[3.141s] Invoking command in '/home/yamashita/natu2024/src/autoRobo': PYTHONPATH=/home/yamashita/natu2024/build/autoRobo/prefix_override:/usr/lib/python3/dist-packages/colcon_core/task/python/colcon_distutils_commands:/home/yamashita/natu2024/install/autoRobo/lib/python3.10/site-packages:${PYTHONPATH} /usr/bin/python3 -W ignore:setup.py install is deprecated setup.py egg_info --egg-base ../../build/autoRobo build --build-base /home/yamashita/natu2024/build/autoRobo/build install --record /home/yamashita/natu2024/build/autoRobo/install.log --single-version-externally-managed install_data
[4.342s] running egg_info
[4.345s] writing ../../build/autoRobo/autoRobo.egg-info/PKG-INFO
[4.346s] writing dependency_links to ../../build/autoRobo/autoRobo.egg-info/dependency_links.txt
[4.347s] writing entry points to ../../build/autoRobo/autoRobo.egg-info/entry_points.txt
[4.348s] writing requirements to ../../build/autoRobo/autoRobo.egg-info/requires.txt
[4.348s] writing top-level names to ../../build/autoRobo/autoRobo.egg-info/top_level.txt
[4.357s] reading manifest file '../../build/autoRobo/autoRobo.egg-info/SOURCES.txt'
[4.361s] writing manifest file '../../build/autoRobo/autoRobo.egg-info/SOURCES.txt'
[4.362s] running build
[4.362s] running build_py
[4.364s] copying autoRobo/strategy.py -> /home/yamashita/natu2024/build/autoRobo/build/lib/autoRobo
[4.366s] running install
[4.367s] running install_lib
[4.371s] copying /home/yamashita/natu2024/build/autoRobo/build/lib/autoRobo/strategy.py -> /home/yamashita/natu2024/install/autoRobo/lib/python3.10/site-packages/autoRobo
[4.374s] byte-compiling /home/yamashita/natu2024/install/autoRobo/lib/python3.10/site-packages/autoRobo/strategy.py to strategy.cpython-310.pyc
[4.377s] running install_data
[4.378s] running install_egg_info
[4.385s] removing '/home/yamashita/natu2024/install/autoRobo/lib/python3.10/site-packages/autoRobo-0.0.0-py3.10.egg-info' (and everything under it)
[4.386s] Copying ../../build/autoRobo/autoRobo.egg-info to /home/yamashita/natu2024/install/autoRobo/lib/python3.10/site-packages/autoRobo-0.0.0-py3.10.egg-info
[4.393s] running install_scripts
[4.468s] Installing ImgProcess script to /home/yamashita/natu2024/install/autoRobo/lib/autoRobo
[4.469s] Installing Localization script to /home/yamashita/natu2024/install/autoRobo/lib/autoRobo
[4.470s] Installing operater script to /home/yamashita/natu2024/install/autoRobo/lib/autoRobo
[4.471s] Installing serial script to /home/yamashita/natu2024/install/autoRobo/lib/autoRobo
[4.472s] Installing strategy script to /home/yamashita/natu2024/install/autoRobo/lib/autoRobo
[4.474s] writing list of installed files to '/home/yamashita/natu2024/build/autoRobo/install.log'
[4.599s] Invoked command in '/home/yamashita/natu2024/src/autoRobo' returned '0': PYTHONPATH=/home/yamashita/natu2024/build/autoRobo/prefix_override:/usr/lib/python3/dist-packages/colcon_core/task/python/colcon_distutils_commands:/home/yamashita/natu2024/install/autoRobo/lib/python3.10/site-packages:${PYTHONPATH} /usr/bin/python3 -W ignore:setup.py install is deprecated setup.py egg_info --egg-base ../../build/autoRobo build --build-base /home/yamashita/natu2024/build/autoRobo/build install --record /home/yamashita/natu2024/build/autoRobo/install.log --single-version-externally-managed install_data
