[3.035s] Invoking command in '/home/yamashita/natu2024/src/autoRobo': PYTHONPATH=/home/yamashita/natu2024/build/autoRobo/prefix_override:/usr/lib/python3/dist-packages/colcon_core/task/python/colcon_distutils_commands:/home/yamashita/natu2024/install/autoRobo/lib/python3.10/site-packages:${PYTHONPATH} /usr/bin/python3 -W ignore:setup.py install is deprecated setup.py egg_info --egg-base ../../build/autoRobo build --build-base /home/yamashita/natu2024/build/autoRobo/build install --record /home/yamashita/natu2024/build/autoRobo/install.log --single-version-externally-managed install_data
[4.212s] running egg_info
[4.215s] writing ../../build/autoRobo/autoRobo.egg-info/PKG-INFO
[4.216s] writing dependency_links to ../../build/autoRobo/autoRobo.egg-info/dependency_links.txt
[4.216s] writing entry points to ../../build/autoRobo/autoRobo.egg-info/entry_points.txt
[4.217s] writing requirements to ../../build/autoRobo/autoRobo.egg-info/requires.txt
[4.218s] writing top-level names to ../../build/autoRobo/autoRobo.egg-info/top_level.txt
[4.227s] reading manifest file '../../build/autoRobo/autoRobo.egg-info/SOURCES.txt'
[4.231s] writing manifest file '../../build/autoRobo/autoRobo.egg-info/SOURCES.txt'
[4.232s] running build
[4.232s] running build_py
[4.233s] copying autoRobo/localization.py -> /home/yamashita/natu2024/build/autoRobo/build/lib/autoRobo
[4.235s] running install
[4.237s] running install_lib
[4.239s] copying /home/yamashita/natu2024/build/autoRobo/build/lib/autoRobo/localization.py -> /home/yamashita/natu2024/install/autoRobo/lib/python3.10/site-packages/autoRobo
[4.243s] byte-compiling /home/yamashita/natu2024/install/autoRobo/lib/python3.10/site-packages/autoRobo/localization.py to localization.cpython-310.pyc
[4.247s] running install_data
[4.248s] running install_egg_info
[4.255s] removing '/home/yamashita/natu2024/install/autoRobo/lib/python3.10/site-packages/autoRobo-0.0.0-py3.10.egg-info' (and everything under it)
[4.257s] Copying ../../build/autoRobo/autoRobo.egg-info to /home/yamashita/natu2024/install/autoRobo/lib/python3.10/site-packages/autoRobo-0.0.0-py3.10.egg-info
[4.263s] running install_scripts
[4.338s] Installing ImgProcess script to /home/yamashita/natu2024/install/autoRobo/lib/autoRobo
[4.339s] Installing Localization script to /home/yamashita/natu2024/install/autoRobo/lib/autoRobo
[4.339s] Installing serial script to /home/yamashita/natu2024/install/autoRobo/lib/autoRobo
[4.342s] writing list of installed files to '/home/yamashita/natu2024/build/autoRobo/install.log'
[4.472s] Invoked command in '/home/yamashita/natu2024/src/autoRobo' returned '0': PYTHONPATH=/home/yamashita/natu2024/build/autoRobo/prefix_override:/usr/lib/python3/dist-packages/colcon_core/task/python/colcon_distutils_commands:/home/yamashita/natu2024/install/autoRobo/lib/python3.10/site-packages:${PYTHONPATH} /usr/bin/python3 -W ignore:setup.py install is deprecated setup.py egg_info --egg-base ../../build/autoRobo build --build-base /home/yamashita/natu2024/build/autoRobo/build install --record /home/yamashita/natu2024/build/autoRobo/install.log --single-version-externally-managed install_data
