[3.009s] Invoking command in '/home/yamashita/natu2024/src/autoRobo': PYTHONPATH=/home/yamashita/natu2024/build/autoRobo/prefix_override:/usr/lib/python3/dist-packages/colcon_core/task/python/colcon_distutils_commands:/home/yamashita/natu2024/install/autoRobo/lib/python3.10/site-packages:${PYTHONPATH} /usr/bin/python3 -W ignore:setup.py install is deprecated setup.py egg_info --egg-base ../../build/autoRobo build --build-base /home/yamashita/natu2024/build/autoRobo/build install --record /home/yamashita/natu2024/build/autoRobo/install.log --single-version-externally-managed install_data
[4.199s] running egg_info
[4.201s] writing ../../build/autoRobo/autoRobo.egg-info/PKG-INFO
[4.202s] writing dependency_links to ../../build/autoRobo/autoRobo.egg-info/dependency_links.txt
[4.203s] writing entry points to ../../build/autoRobo/autoRobo.egg-info/entry_points.txt
[4.204s] writing requirements to ../../build/autoRobo/autoRobo.egg-info/requires.txt
[4.205s] writing top-level names to ../../build/autoRobo/autoRobo.egg-info/top_level.txt
[4.215s] reading manifest file '../../build/autoRobo/autoRobo.egg-info/SOURCES.txt'
[4.219s] writing manifest file '../../build/autoRobo/autoRobo.egg-info/SOURCES.txt'
[4.220s] running build
[4.220s] running build_py
[4.222s] running install
[4.224s] running install_lib
[4.231s] running install_data
[4.233s] copying launch/autoRobo.launch.py -> /home/yamashita/natu2024/install/autoRobo/share/autoRobo
[4.233s] running install_egg_info
[4.241s] removing '/home/yamashita/natu2024/install/autoRobo/lib/python3.10/site-packages/autoRobo-0.0.0-py3.10.egg-info' (and everything under it)
[4.243s] Copying ../../build/autoRobo/autoRobo.egg-info to /home/yamashita/natu2024/install/autoRobo/lib/python3.10/site-packages/autoRobo-0.0.0-py3.10.egg-info
[4.250s] running install_scripts
[4.337s] Installing ImgProcess script to /home/yamashita/natu2024/install/autoRobo/lib/autoRobo
[4.344s] Installing Localization script to /home/yamashita/natu2024/install/autoRobo/lib/autoRobo
[4.345s] Installing operater script to /home/yamashita/natu2024/install/autoRobo/lib/autoRobo
[4.346s] Installing serial script to /home/yamashita/natu2024/install/autoRobo/lib/autoRobo
[4.348s] writing list of installed files to '/home/yamashita/natu2024/build/autoRobo/install.log'
[4.476s] Invoked command in '/home/yamashita/natu2024/src/autoRobo' returned '0': PYTHONPATH=/home/yamashita/natu2024/build/autoRobo/prefix_override:/usr/lib/python3/dist-packages/colcon_core/task/python/colcon_distutils_commands:/home/yamashita/natu2024/install/autoRobo/lib/python3.10/site-packages:${PYTHONPATH} /usr/bin/python3 -W ignore:setup.py install is deprecated setup.py egg_info --egg-base ../../build/autoRobo build --build-base /home/yamashita/natu2024/build/autoRobo/build install --record /home/yamashita/natu2024/build/autoRobo/install.log --single-version-externally-managed install_data
