[3.072s] Invoking command in '/home/yamashita/natu2024/src/autoRobo': PYTHONPATH=/home/yamashita/natu2024/build/autoRobo/prefix_override:/usr/lib/python3/dist-packages/colcon_core/task/python/colcon_distutils_commands:/home/yamashita/natu2024/install/autoRobo/lib/python3.10/site-packages:${PYTHONPATH} /usr/bin/python3 -W ignore:setup.py install is deprecated setup.py egg_info --egg-base ../../build/autoRobo build --build-base /home/yamashita/natu2024/build/autoRobo/build install --record /home/yamashita/natu2024/build/autoRobo/install.log --single-version-externally-managed install_data
[4.308s] running egg_info
[4.311s] writing ../../build/autoRobo/autoRobo.egg-info/PKG-INFO
[4.312s] writing dependency_links to ../../build/autoRobo/autoRobo.egg-info/dependency_links.txt
[4.313s] writing entry points to ../../build/autoRobo/autoRobo.egg-info/entry_points.txt
[4.314s] writing requirements to ../../build/autoRobo/autoRobo.egg-info/requires.txt
[4.315s] writing top-level names to ../../build/autoRobo/autoRobo.egg-info/top_level.txt
[4.325s] reading manifest file '../../build/autoRobo/autoRobo.egg-info/SOURCES.txt'
[4.332s] writing manifest file '../../build/autoRobo/autoRobo.egg-info/SOURCES.txt'
[4.333s] running build
[4.333s] running build_py
[4.334s] copying autoRobo/localization.py -> /home/yamashita/natu2024/build/autoRobo/build/lib/autoRobo
[4.337s] running install
[4.337s] running install_lib
[4.339s] copying /home/yamashita/natu2024/build/autoRobo/build/lib/autoRobo/localization.py -> /home/yamashita/natu2024/install/autoRobo/lib/python3.10/site-packages/autoRobo
[4.342s] byte-compiling /home/yamashita/natu2024/install/autoRobo/lib/python3.10/site-packages/autoRobo/localization.py to localization.cpython-310.pyc
[4.347s] running install_data
[4.348s] running install_egg_info
[4.355s] removing '/home/yamashita/natu2024/install/autoRobo/lib/python3.10/site-packages/autoRobo-0.0.0-py3.10.egg-info' (and everything under it)
[4.357s] Copying ../../build/autoRobo/autoRobo.egg-info to /home/yamashita/natu2024/install/autoRobo/lib/python3.10/site-packages/autoRobo-0.0.0-py3.10.egg-info
[4.364s] running install_scripts
[4.441s] Installing ImgProcess script to /home/yamashita/natu2024/install/autoRobo/lib/autoRobo
[4.442s] Installing Localization script to /home/yamashita/natu2024/install/autoRobo/lib/autoRobo
[4.443s] Installing serial script to /home/yamashita/natu2024/install/autoRobo/lib/autoRobo
[4.445s] writing list of installed files to '/home/yamashita/natu2024/build/autoRobo/install.log'
[4.577s] Invoked command in '/home/yamashita/natu2024/src/autoRobo' returned '0': PYTHONPATH=/home/yamashita/natu2024/build/autoRobo/prefix_override:/usr/lib/python3/dist-packages/colcon_core/task/python/colcon_distutils_commands:/home/yamashita/natu2024/install/autoRobo/lib/python3.10/site-packages:${PYTHONPATH} /usr/bin/python3 -W ignore:setup.py install is deprecated setup.py egg_info --egg-base ../../build/autoRobo build --build-base /home/yamashita/natu2024/build/autoRobo/build install --record /home/yamashita/natu2024/build/autoRobo/install.log --single-version-externally-managed install_data
