[7.654s] Invoking command in '/home/yamashita/natu2024/src/autoRobo': PYTHONPATH=/home/yamashita/natu2024/build/autoRobo/prefix_override:/usr/lib/python3/dist-packages/colcon_core/task/python/colcon_distutils_commands:/home/yamashita/natu2024/install/autoRobo/lib/python3.10/site-packages:${PYTHONPATH} /usr/bin/python3 -W ignore:setup.py install is deprecated setup.py egg_info --egg-base ../../build/autoRobo build --build-base /home/yamashita/natu2024/build/autoRobo/build install --record /home/yamashita/natu2024/build/autoRobo/install.log --single-version-externally-managed install_data
[10.726s] running egg_info
[10.731s] writing ../../build/autoRobo/autoRobo.egg-info/PKG-INFO
[10.737s] writing dependency_links to ../../build/autoRobo/autoRobo.egg-info/dependency_links.txt
[10.739s] writing entry points to ../../build/autoRobo/autoRobo.egg-info/entry_points.txt
[10.741s] writing requirements to ../../build/autoRobo/autoRobo.egg-info/requires.txt
[10.753s] writing top-level names to ../../build/autoRobo/autoRobo.egg-info/top_level.txt
[10.768s] reading manifest file '../../build/autoRobo/autoRobo.egg-info/SOURCES.txt'
[10.771s] writing manifest file '../../build/autoRobo/autoRobo.egg-info/SOURCES.txt'
[10.772s] running build
[10.772s] running build_py
[10.773s] copying autoRobo/strategy.py -> /home/yamashita/natu2024/build/autoRobo/build/lib/autoRobo
[10.774s] running install
[10.776s] running install_lib
[10.781s] copying /home/yamashita/natu2024/build/autoRobo/build/lib/autoRobo/strategy.py -> /home/yamashita/natu2024/install/autoRobo/lib/python3.10/site-packages/autoRobo
[10.786s] byte-compiling /home/yamashita/natu2024/install/autoRobo/lib/python3.10/site-packages/autoRobo/strategy.py to strategy.cpython-310.pyc
[10.790s] running install_data
[10.791s] running install_egg_info
[10.797s] removing '/home/yamashita/natu2024/install/autoRobo/lib/python3.10/site-packages/autoRobo-0.0.0-py3.10.egg-info' (and everything under it)
[10.800s] Copying ../../build/autoRobo/autoRobo.egg-info to /home/yamashita/natu2024/install/autoRobo/lib/python3.10/site-packages/autoRobo-0.0.0-py3.10.egg-info
[10.808s] running install_scripts
[10.924s] Installing ImgProcess script to /home/yamashita/natu2024/install/autoRobo/lib/autoRobo
[10.927s] Installing Localization script to /home/yamashita/natu2024/install/autoRobo/lib/autoRobo
[10.930s] Installing operater script to /home/yamashita/natu2024/install/autoRobo/lib/autoRobo
[10.931s] Installing serial script to /home/yamashita/natu2024/install/autoRobo/lib/autoRobo
[10.933s] Installing strategy script to /home/yamashita/natu2024/install/autoRobo/lib/autoRobo
[10.936s] writing list of installed files to '/home/yamashita/natu2024/build/autoRobo/install.log'
[11.123s] Invoked command in '/home/yamashita/natu2024/src/autoRobo' returned '0': PYTHONPATH=/home/yamashita/natu2024/build/autoRobo/prefix_override:/usr/lib/python3/dist-packages/colcon_core/task/python/colcon_distutils_commands:/home/yamashita/natu2024/install/autoRobo/lib/python3.10/site-packages:${PYTHONPATH} /usr/bin/python3 -W ignore:setup.py install is deprecated setup.py egg_info --egg-base ../../build/autoRobo build --build-base /home/yamashita/natu2024/build/autoRobo/build install --record /home/yamashita/natu2024/build/autoRobo/install.log --single-version-externally-managed install_data
