[1.285s] Invoking command in '/home/yamashita/natu2024/build/points_msg': CMAKE_PREFIX_PATH=/home/yamashita/natu2024/install/autoRobo:/opt/ros/humble /usr/bin/cmake /home/yamashita/natu2024/src/points_msg -DCMAKE_INSTALL_PREFIX=/home/yamashita/natu2024/install/points_msg
[1.341s] -- Found ament_cmake: 1.3.10 (/opt/ros/humble/share/ament_cmake/cmake)
[1.976s] -- Found rosidl_default_generators: 1.2.0 (/opt/ros/humble/share/rosidl_default_generators/cmake)
[1.986s] -- Using all available rosidl_typesupport_c: rosidl_typesupport_fastrtps_c;rosidl_typesupport_introspection_c
[2.001s] -- Found rosidl_adapter: 3.1.5 (/opt/ros/humble/share/rosidl_adapter/cmake)
[2.180s] -- Using all available rosidl_typesupport_cpp: rosidl_typesupport_fastrtps_cpp;rosidl_typesupport_introspection_cpp
[3.077s] [31mCMake Error at /opt/ros/humble/share/rosidl_adapter/cmake/rosidl_adapt_interfaces.cmake:59 (message):
[3.078s]   execute_process(/usr/bin/python3 -m rosidl_adapter --package-name
[3.079s]   points_msg --arguments-file
[3.079s]   /home/yamashita/natu2024/build/points_msg/rosidl_adapter__arguments__points_msg.json
[3.079s]   --output-dir
[3.080s]   /home/yamashita/natu2024/build/points_msg/rosidl_adapter/points_msg
[3.080s]   --output-file
[3.081s]   /home/yamashita/natu2024/build/points_msg/rosidl_adapter/points_msg.idls)
[3.082s]   returned error code 1:
[3.082s] 
[3.083s]   Error processing 'float64[][2] data' of 'points_msg/map_points':
[3.084s]   ''float64[]' is an invalid message name.  It should have the pattern
[3.084s]   '^[A-Z][A-Za-z0-9]*$''
[3.085s] 
[3.085s]   Traceback (most recent call last):
[3.086s] 
[3.086s]     File "/usr/lib/python3.10/runpy.py", line 196, in _run_module_as_main
[3.087s]       return _run_code(code, main_globals, None,
[3.088s]     File "/usr/lib/python3.10/runpy.py", line 86, in _run_code
[3.089s]       exec(code, run_globals)
[3.089s]     File "/opt/ros/humble/local/lib/python3.10/dist-packages/rosidl_adapter/__main__.py", line 19, in <module>
[3.090s]       sys.exit(main())
[3.090s]     File "/opt/ros/humble/local/lib/python3.10/dist-packages/rosidl_adapter/main.py", line 53, in main
[3.091s]       abs_idl_file = convert_to_idl(
[3.091s]     File "/opt/ros/humble/local/lib/python3.10/dist-packages/rosidl_adapter/__init__.py", line 19, in convert_to_idl
[3.092s]       return convert_msg_to_idl(
[3.092s]     File "/opt/ros/humble/local/lib/python3.10/dist-packages/rosidl_adapter/msg/__init__.py", line 28, in convert_msg_to_idl
[3.093s]       msg = parse_message_string(package_name, input_file.stem, content)
[3.094s]     File "/opt/ros/humble/local/lib/python3.10/dist-packages/rosidl_adapter/parser.py", line 520, in parse_message_string
[3.095s]       Type(type_string, context_package_name=pkg_name),
[3.096s]     File "/opt/ros/humble/local/lib/python3.10/dist-packages/rosidl_adapter/parser.py", line 277, in __init__
[3.098s]       super(Type, self).__init__(
[3.098s]     File "/opt/ros/humble/local/lib/python3.10/dist-packages/rosidl_adapter/parser.py", line 205, in __init__
[3.099s]       raise InvalidResourceName(
[3.103s] 
[3.103s]   rosidl_adapter.parser.InvalidResourceName: 'float64[]' is an invalid
[3.104s]   message name.  It should have the pattern '^[A-Z][A-Za-z0-9]*$'
[3.104s] 
[3.104s] Call Stack (most recent call first):
[3.105s]   /opt/ros/humble/share/rosidl_cmake/cmake/rosidl_generate_interfaces.cmake:130 (rosidl_adapt_interfaces)
[3.105s]   CMakeLists.txt:13 (rosidl_generate_interfaces)
[3.106s] 
[3.106s] [0m
[3.106s] -- Configuring incomplete, errors occurred!
[3.107s] See also "/home/yamashita/natu2024/build/points_msg/CMakeFiles/CMakeOutput.log".
[3.107s] Invoked command in '/home/yamashita/natu2024/build/points_msg' returned '1': CMAKE_PREFIX_PATH=/home/yamashita/natu2024/install/autoRobo:/opt/ros/humble /usr/bin/cmake /home/yamashita/natu2024/src/points_msg -DCMAKE_INSTALL_PREFIX=/home/yamashita/natu2024/install/points_msg
