[4.572s] Invoking command in '/home/yamashita/natu2024/src/autoRobo': PYTHONPATH=/home/yamashita/natu2024/build/autoRobo/prefix_override:/usr/lib/python3/dist-packages/colcon_core/task/python/colcon_distutils_commands:/home/yamashita/natu2024/install/autoRobo/lib/python3.10/site-packages:${PYTHONPATH} /usr/bin/python3 -W ignore:setup.py install is deprecated setup.py egg_info --egg-base ../../build/autoRobo build --build-base /home/yamashita/natu2024/build/autoRobo/build install --record /home/yamashita/natu2024/build/autoRobo/install.log --single-version-externally-managed install_data
[6.285s] running egg_info
[6.287s] writing ../../build/autoRobo/autoRobo.egg-info/PKG-INFO
[6.289s] writing dependency_links to ../../build/autoRobo/autoRobo.egg-info/dependency_links.txt
[6.291s] writing entry points to ../../build/autoRobo/autoRobo.egg-info/entry_points.txt
[6.292s] writing requirements to ../../build/autoRobo/autoRobo.egg-info/requires.txt
[6.294s] writing top-level names to ../../build/autoRobo/autoRobo.egg-info/top_level.txt
[6.305s] reading manifest file '../../build/autoRobo/autoRobo.egg-info/SOURCES.txt'
[6.312s] writing manifest file '../../build/autoRobo/autoRobo.egg-info/SOURCES.txt'
[6.313s] running build
[6.313s] running build_py
[6.317s] copying autoRobo/ImgProcess.py -> /home/yamashita/natu2024/build/autoRobo/build/lib/autoRobo
[6.318s] running install
[6.318s] running install_lib
[6.322s] copying /home/yamashita/natu2024/build/autoRobo/build/lib/autoRobo/ImgProcess.py -> /home/yamashita/natu2024/install/autoRobo/lib/python3.10/site-packages/autoRobo
[6.325s] byte-compiling /home/yamashita/natu2024/install/autoRobo/lib/python3.10/site-packages/autoRobo/ImgProcess.py to ImgProcess.cpython-310.pyc
[6.337s] running install_data
[6.338s] running install_egg_info
[6.347s] removing '/home/yamashita/natu2024/install/autoRobo/lib/python3.10/site-packages/autoRobo-0.0.0-py3.10.egg-info' (and everything under it)
[6.349s] Copying ../../build/autoRobo/autoRobo.egg-info to /home/yamashita/natu2024/install/autoRobo/lib/python3.10/site-packages/autoRobo-0.0.0-py3.10.egg-info
[6.356s] running install_scripts
[6.457s] Installing ImgProcess script to /home/yamashita/natu2024/install/autoRobo/lib/autoRobo
[6.458s] Installing Loclization script to /home/yamashita/natu2024/install/autoRobo/lib/autoRobo
[6.459s] Installing serial script to /home/yamashita/natu2024/install/autoRobo/lib/autoRobo
[6.461s] writing list of installed files to '/home/yamashita/natu2024/build/autoRobo/install.log'
[6.637s] Invoked command in '/home/yamashita/natu2024/src/autoRobo' returned '0': PYTHONPATH=/home/yamashita/natu2024/build/autoRobo/prefix_override:/usr/lib/python3/dist-packages/colcon_core/task/python/colcon_distutils_commands:/home/yamashita/natu2024/install/autoRobo/lib/python3.10/site-packages:${PYTHONPATH} /usr/bin/python3 -W ignore:setup.py install is deprecated setup.py egg_info --egg-base ../../build/autoRobo build --build-base /home/yamashita/natu2024/build/autoRobo/build install --record /home/yamashita/natu2024/build/autoRobo/install.log --single-version-externally-managed install_data
